Running distillation with optimizer gp...
/home/l/lorenzo-la/.local/lib/python3.10/site-packages/matplotlib/projections/__init__.py:63: UserWarning: Unable to import Axes3D. This may be due to multiple versions of Matplotlib being installed (e.g. as a system package and as a pip package). As a result, the 3D projection is not available.
  warnings.warn("Unable to import Axes3D. This may be due to multiple versions of "

A module that was compiled using NumPy 1.x cannot be run in
NumPy 2.0.0 as it may crash. To support both 1.x and 2.x
versions of NumPy, modules must be compiled with NumPy 2.0.
Some module may need to rebuild instead e.g. with 'pybind11>=2.12'.

If you are a user of the module, the easiest solution will be to
downgrade to 'numpy<2' or try to upgrade the affected module.
We expect that some modules will need time to support NumPy 2.

Traceback (most recent call last):  File "/home/l/lorenzo-la/experiments/cluster-sim-1/gp_asymmetric.py", line 18, in <module>
    from gp_plots import plot_optimization_process
  File "/home/l/lorenzo-la/experiments/cluster-sim-1/gp_plots.py", line 34, in <module>
    import pandas as pd
  File "/home/l/lorenzo-la/.local/lib/python3.10/site-packages/pandas/__init__.py", line 49, in <module>
    from pandas.core.api import (
  File "/home/l/lorenzo-la/.local/lib/python3.10/site-packages/pandas/core/api.py", line 28, in <module>
    from pandas.core.arrays import Categorical
  File "/home/l/lorenzo-la/.local/lib/python3.10/site-packages/pandas/core/arrays/__init__.py", line 1, in <module>
    from pandas.core.arrays.arrow import ArrowExtensionArray
  File "/home/l/lorenzo-la/.local/lib/python3.10/site-packages/pandas/core/arrays/arrow/__init__.py", line 5, in <module>
    from pandas.core.arrays.arrow.array import ArrowExtensionArray
  File "/home/l/lorenzo-la/.local/lib/python3.10/site-packages/pandas/core/arrays/arrow/array.py", line 50, in <module>
    from pandas.core import (
  File "/home/l/lorenzo-la/.local/lib/python3.10/site-packages/pandas/core/ops/__init__.py", line 8, in <module>
    from pandas.core.ops.array_ops import (
  File "/home/l/lorenzo-la/.local/lib/python3.10/site-packages/pandas/core/ops/array_ops.py", line 56, in <module>
    from pandas.core.computation import expressions
  File "/home/l/lorenzo-la/.local/lib/python3.10/site-packages/pandas/core/computation/expressions.py", line 21, in <module>
    from pandas.core.computation.check import NUMEXPR_INSTALLED
  File "/home/l/lorenzo-la/.local/lib/python3.10/site-packages/pandas/core/computation/check.py", line 5, in <module>
    ne = import_optional_dependency("numexpr", errors="warn")
  File "/home/l/lorenzo-la/.local/lib/python3.10/site-packages/pandas/compat/_optional.py", line 135, in import_optional_dependency
    module = importlib.import_module(name)
  File "/apps/free81/python/3.10.2/lib/python3.10/importlib/__init__.py", line 126, in import_module
    return _bootstrap._gcd_import(name[level:], package, level)
  File "/apps/free81/python/3.10.2/lib/python3.10/site-packages/numexpr/__init__.py", line 24, in <module>
    from numexpr.interpreter import MAX_THREADS, use_vml, __BLOCK_SIZE1__
AttributeError: _ARRAY_API not found
INFO:root:

Number of nodes: 5, max dists: 4
INFO:root:Gaussian process with 100 evaluations and 10 initial points


INFO:root:

Generating a protocol with gamma=0.22008089406352221, eta=-0.028119545925993084, tau=0.6802778583497153, kappa=16
INFO:root:Protocol generated: ('d1', 'd1', 'd1', 'd2', 'd2', 's1', 'd2', 'd2', 'd3', 's2', 'd0', 'd0', 'd0', 'd3', 'd3', 's0', 'd3', 'd3', 'd3')
INFO:root:
(1/100) Running: {'t_coh': 1400000, 'p_gen': 0.00092, 'p_swap': 0.85, 'w0': 0.952, 'protocol': ('d1', 'd1', 'd1', 'd2', 'd2', 's1', 'd2', 'd2', 'd3', 's2', 'd0', 'd0', 'd0', 'd3', 'd3', 's0', 'd3', 'd3', 'd3'), 't_trunc': 16875695}
/home/l/lorenzo-la/experiments/cluster-sim-1/utility_functions.py:141: RuntimeWarning: overflow encountered in exp
  rest = c_0 * np.exp(-a * d_0 * t_trunc + b) / a / d_0
INFO:root:Protocol ('d1', 'd1', 'd1', 'd2', 'd2', 's1', 'd2', 'd2', 'd3', 's2', 'd0', 'd0', 'd0', 'd3', 'd3', 's0', 'd3', 'd3', 'd3'),	 r = -0.0

INFO:root:

Generating a protocol with gamma=0.865284662344119, eta=0.6133409119320987, tau=0.47645437771614596, kappa=0
INFO:root:Protocol generated: ('s0', 's1', 's2')
INFO:root:
(2/100) Running: {'t_coh': 1400000, 'p_gen': 0.00092, 'p_swap': 0.85, 'w0': 0.952, 'protocol': ('s0', 's1', 's2'), 't_trunc': 1400000}
INFO:root:Protocol ('s0', 's1', 's2'),	 r = 3.658884511090346e-05

INFO:root:

Generating a protocol with gamma=0.3680612915119142, eta=0.7932036318076203, tau=0.03823696973631841, kappa=4
INFO:root:Protocol generated: ('s1', 's2', 'd3', 'd3', 'd3', 'd3', 's0')
INFO:root:
(3/100) Running: {'t_coh': 1400000, 'p_gen': 0.00092, 'p_swap': 0.85, 'w0': 0.952, 'protocol': ('s1', 's2', 'd3', 'd3', 'd3', 'd3', 's0'), 't_trunc': 4963439}
INFO:root:Protocol ('s1', 's2', 'd3', 'd3', 'd3', 'd3', 's0'),	 r = 3.3570533337664714e-05

INFO:root:

Generating a protocol with gamma=0.348179753298321, eta=0.1720156153823338, tau=0.404323467131518, kappa=20
INFO:root:Protocol generated: ('d1', 'd1', 'd1', 'd1', 'd2', 'd2', 's1', 'd2', 'd2', 'd2', 'd3', 'd3', 'd3', 'd3', 's2', 'd0', 'd0', 'd0', 's0', 'd3', 'd3', 'd3', 'd3')
INFO:root:
(4/100) Running: {'t_coh': 1400000, 'p_gen': 0.00092, 'p_swap': 0.85, 'w0': 0.952, 'protocol': ('d1', 'd1', 'd1', 'd1', 'd2', 'd2', 's1', 'd2', 'd2', 'd2', 'd3', 'd3', 'd3', 'd3', 's2', 'd0', 'd0', 'd0', 's0', 'd3', 'd3', 'd3', 'd3'), 't_trunc': 20846448}
INFO:root:Protocol ('d1', 'd1', 'd1', 'd1', 'd2', 'd2', 's1', 'd2', 'd2', 'd2', 'd3', 'd3', 'd3', 'd3', 's2', 'd0', 'd0', 'd0', 's0', 'd3', 'd3', 'd3', 'd3'),	 r = 1.6347241904749193e-05

INFO:root:

Generating a protocol with gamma=0.5326521875187094, eta=0.35419584845223784, tau=0.9811071519582748, kappa=25
INFO:root:Protocol generated: ('d1', 'd1', 'd1', 'd2', 'd2', 'd2', 'd2', 's1', 'd0', 'd0', 'd0', 'd0', 'd2', 'd2', 's0', 'd2', 'd2', 'd2', 'd2', 'd3', 'd3', 'd3', 'd3', 's2', 'd3', 'd3', 'd3', 'd3')
INFO:root:
(5/100) Running: {'t_coh': 1400000, 'p_gen': 0.00092, 'p_swap': 0.85, 'w0': 0.952, 'protocol': ('d1', 'd1', 'd1', 'd2', 'd2', 'd2', 'd2', 's1', 'd0', 'd0', 'd0', 'd0', 'd2', 'd2', 's0', 'd2', 'd2', 'd2', 'd2', 'd3', 'd3', 'd3', 'd3', 's2', 'd3', 'd3', 'd3', 'd3'), 't_trunc': 25809887}
/home/l/lorenzo-la/experiments/cluster-sim-1/utility_functions.py:141: RuntimeWarning: overflow encountered in exp
  rest = c_0 * np.exp(-a * d_0 * t_trunc + b) / a / d_0
INFO:root:Protocol ('d1', 'd1', 'd1', 'd2', 'd2', 'd2', 'd2', 's1', 'd0', 'd0', 'd0', 'd0', 'd2', 'd2', 's0', 'd2', 'd2', 'd2', 'd2', 'd3', 'd3', 'd3', 'd3', 's2', 'd3', 'd3', 'd3', 'd3'),	 r = 0.0

INFO:root:

Generating a protocol with gamma=0.3775282169777917, eta=0.08938381594057421, tau=0.9610282477790686, kappa=9
INFO:root:Protocol generated: ('d1', 'd2', 's1', 'd0', 'd0', 's0', 'd2', 's2', 'd3', 'd3', 'd3', 'd3')
INFO:root:
(6/100) Running: {'t_coh': 1400000, 'p_gen': 0.00092, 'p_swap': 0.85, 'w0': 0.952, 'protocol': ('d1', 'd2', 's1', 'd0', 'd0', 's0', 'd2', 's2', 'd3', 'd3', 'd3', 'd3'), 't_trunc': 9926879}
INFO:root:Protocol ('d1', 'd2', 's1', 'd0', 'd0', 's0', 'd2', 's2', 'd3', 'd3', 'd3', 'd3'),	 r = 2.765651603449893e-05

INFO:root:

Generating a protocol with gamma=0.5130593697306555, eta=0.6816761198845975, tau=0.24505556969907977, kappa=21
INFO:root:Protocol generated: ('d2', 'd2', 'd2', 'd2', 's1', 'd0', 'd2', 'd2', 'd2', 'd2', 's0', 'd2', 'd2', 'd2', 'd2', 'd3', 'd3', 'd3', 'd3', 's2', 'd3', 'd3', 'd3', 'd3')
INFO:root:
(7/100) Running: {'t_coh': 1400000, 'p_gen': 0.00092, 'p_swap': 0.85, 'w0': 0.952, 'protocol': ('d2', 'd2', 'd2', 'd2', 's1', 'd0', 'd2', 'd2', 'd2', 'd2', 's0', 'd2', 'd2', 'd2', 'd2', 'd3', 'd3', 'd3', 'd3', 's2', 'd3', 'd3', 'd3', 'd3'), 't_trunc': 21839136}
INFO:root:Protocol ('d2', 'd2', 'd2', 'd2', 's1', 'd0', 'd2', 'd2', 'd2', 'd2', 's0', 'd2', 'd2', 'd2', 'd2', 'd3', 'd3', 'd3', 'd3', 's2', 'd3', 'd3', 'd3', 'd3'),	 r = 2.7315937862858257e-06

INFO:root:

Generating a protocol with gamma=0.2215324575890915, eta=-0.019075149872848085, tau=0.2195243880310324, kappa=19
INFO:root:Protocol generated: ('d1', 'd1', 'd1', 'd1', 'd2', 'd2', 'd2', 'd2', 's1', 'd2', 'd2', 'd2', 'd3', 'd3', 'd3', 'd3', 's2', 'd0', 'd0', 'd0', 'd0', 's0')
INFO:root:
(8/100) Running: {'t_coh': 1400000, 'p_gen': 0.00092, 'p_swap': 0.85, 'w0': 0.952, 'protocol': ('d1', 'd1', 'd1', 'd1', 'd2', 'd2', 'd2', 'd2', 's1', 'd2', 'd2', 'd2', 'd3', 'd3', 'd3', 'd3', 's2', 'd0', 'd0', 'd0', 'd0', 's0'), 't_trunc': 19853760}
INFO:root:Protocol ('d1', 'd1', 'd1', 'd1', 'd2', 'd2', 'd2', 'd2', 's1', 'd2', 'd2', 'd2', 'd3', 'd3', 'd3', 'd3', 's2', 'd0', 'd0', 'd0', 'd0', 's0'),	 r = 3.945936502069964e-05

INFO:root:

Generating a protocol with gamma=0.4245964544582973, eta=0.06007359887098063, tau=0.3105792879773805, kappa=8
INFO:root:Protocol generated: ('d1', 's1', 'd0', 'd2', 'd2', 's0', 'd3', 'd3', 's2', 'd3', 'd3')
INFO:root:
(9/100) Running: {'t_coh': 1400000, 'p_gen': 0.00092, 'p_swap': 0.85, 'w0': 0.952, 'protocol': ('d1', 's1', 'd0', 'd2', 'd2', 's0', 'd3', 'd3', 's2', 'd3', 'd3'), 't_trunc': 8934191}
INFO:root:Protocol ('d1', 's1', 'd0', 'd2', 'd2', 's0', 'd3', 'd3', 's2', 'd3', 'd3'),	 r = 4.2736521132935035e-05

INFO:root:

Generating a protocol with gamma=0.6152874284617783, eta=0.9929858935311149, tau=0.157105747161053, kappa=14
INFO:root:Protocol generated: ('s1', 'd2', 'd2', 'd2', 'd2', 's0', 'd2', 'd2', 'd2', 'd2', 'd3', 'd3', 's2', 'd3', 'd3', 'd3', 'd3')
INFO:root:
(10/100) Running: {'t_coh': 1400000, 'p_gen': 0.00092, 'p_swap': 0.85, 'w0': 0.952, 'protocol': ('s1', 'd2', 'd2', 'd2', 'd2', 's0', 'd2', 'd2', 'd2', 'd2', 'd3', 'd3', 's2', 'd3', 'd3', 'd3', 'd3'), 't_trunc': 14890320}
INFO:root:Protocol ('s1', 'd2', 'd2', 'd2', 'd2', 's0', 'd2', 'd2', 'd2', 'd2', 'd3', 'd3', 's2', 'd3', 'd3', 'd3', 'd3'),	 r = 6.741453702850109e-06

INFO:root:

Generating a protocol with gamma=0.6474046730183869, eta=-0.26343881828023574, tau=0.001207401495061711, kappa=9
INFO:root:Protocol generated: ('d1', 'd1', 's0', 'd2', 'd2', 'd2', 'd2', 's1', 'd3', 'd3', 'd3', 's2')
INFO:root:
(11/100) Running: {'t_coh': 1400000, 'p_gen': 0.00092, 'p_swap': 0.85, 'w0': 0.952, 'protocol': ('d1', 'd1', 's0', 'd2', 'd2', 'd2', 'd2', 's1', 'd3', 'd3', 'd3', 's2'), 't_trunc': 9926879}
INFO:root:Protocol ('d1', 'd1', 's0', 'd2', 'd2', 'd2', 'd2', 's1', 'd3', 'd3', 'd3', 's2'),	 r = 6.009982873224651e-05

INFO:root:

Generating a protocol with gamma=0.383332726240721, eta=-0.9307447194489535, tau=0.03456537799080662, kappa=1
INFO:root:Protocol generated: ('s1', 'd0', 's0', 's2')
INFO:root:
(12/100) Running: {'t_coh': 1400000, 'p_gen': 0.00092, 'p_swap': 0.85, 'w0': 0.952, 'protocol': ('s1', 'd0', 's0', 's2'), 't_trunc': 1985376}
INFO:root:Protocol ('s1', 'd0', 's0', 's2'),	 r = 4.429221140180953e-05

INFO:root:

Generating a protocol with gamma=0.03425532115036732, eta=-0.9667367842874172, tau=0.0007596077060587242, kappa=20
INFO:root:Protocol generated: ('d2', 'd2', 'd2', 'd2', 'd3', 'd3', 'd3', 'd3', 's2', 'd1', 'd1', 'd1', 'd1', 'd3', 's1', 'd0', 'd0', 'd0', 'd0', 'd3', 'd3', 's0', 'd3')
INFO:root:
(13/100) Running: {'t_coh': 1400000, 'p_gen': 0.00092, 'p_swap': 0.85, 'w0': 0.952, 'protocol': ('d2', 'd2', 'd2', 'd2', 'd3', 'd3', 'd3', 'd3', 's2', 'd1', 'd1', 'd1', 'd1', 'd3', 's1', 'd0', 'd0', 'd0', 'd0', 'd3', 'd3', 's0', 'd3'), 't_trunc': 20846448}
INFO:root:Protocol ('d2', 'd2', 'd2', 'd2', 'd3', 'd3', 'd3', 'd3', 's2', 'd1', 'd1', 'd1', 'd1', 'd3', 's1', 'd0', 'd0', 'd0', 'd0', 'd3', 'd3', 's0', 'd3'),	 r = 2.9785057248821745e-05

INFO:root:

Generating a protocol with gamma=0.7540419102604177, eta=-0.0549340844856715, tau=0.062468232249432314, kappa=0
INFO:root:Protocol generated: ('s0', 's1', 's2')
INFO:root:Already evaluated protocol, returning cached result
INFO:root:

Generating a protocol with gamma=0.6850214591929131, eta=-0.5398689394962112, tau=0.15154029671499483, kappa=9
INFO:root:Protocol generated: ('d0', 'd0', 'd1', 'd1', 'd1', 's0', 'd2', 'd2', 'd2', 'd2', 's1', 's2')
INFO:root:
(15/100) Running: {'t_coh': 1400000, 'p_gen': 0.00092, 'p_swap': 0.85, 'w0': 0.952, 'protocol': ('d0', 'd0', 'd1', 'd1', 'd1', 's0', 'd2', 'd2', 'd2', 'd2', 's1', 's2'), 't_trunc': 9926879}
INFO:root:Protocol ('d0', 'd0', 'd1', 'd1', 'd1', 's0', 'd2', 'd2', 'd2', 'd2', 's1', 's2'),	 r = 5.503670614866115e-05

INFO:root:

Generating a protocol with gamma=0.3281361756942654, eta=0.9004171931563272, tau=0.0, kappa=10
INFO:root:Protocol generated: ('s1', 'd2', 'd2', 'd2', 'd2', 's2', 'd3', 'd3', 'd3', 'd3', 's0', 'd3', 'd3')
INFO:root:
(16/100) Running: {'t_coh': 1400000, 'p_gen': 0.00092, 'p_swap': 0.85, 'w0': 0.952, 'protocol': ('s1', 'd2', 'd2', 'd2', 'd2', 's2', 'd3', 'd3', 'd3', 'd3', 's0', 'd3', 'd3'), 't_trunc': 10919568}
/home/l/lorenzo-la/experiments/cluster-sim-1/utility_functions.py:141: RuntimeWarning: overflow encountered in exp
  rest = c_0 * np.exp(-a * d_0 * t_trunc + b) / a / d_0
INFO:root:Protocol ('s1', 'd2', 'd2', 'd2', 'd2', 's2', 'd3', 'd3', 'd3', 'd3', 's0', 'd3', 'd3'),	 r = 0.0

INFO:root:

Generating a protocol with gamma=0.6730954787008533, eta=0.6670366133487531, tau=0.8807879687590767, kappa=8
INFO:root:Protocol generated: ('d0', 'd0', 's0', 'd2', 's1', 'd2', 'd3', 's2', 'd3', 'd3', 'd3')
INFO:root:
(17/100) Running: {'t_coh': 1400000, 'p_gen': 0.00092, 'p_swap': 0.85, 'w0': 0.952, 'protocol': ('d0', 'd0', 's0', 'd2', 's1', 'd2', 'd3', 's2', 'd3', 'd3', 'd3'), 't_trunc': 8934191}
INFO:root:Protocol ('d0', 'd0', 's0', 'd2', 's1', 'd2', 'd3', 's2', 'd3', 'd3', 'd3'),	 r = 3.357774629031658e-05

INFO:root:

Generating a protocol with gamma=0.9476616175767265, eta=-0.38279061947944193, tau=0.03468839123876889, kappa=13
INFO:root:Protocol generated: ('d0', 'd0', 'd0', 'd0', 'd1', 'd1', 'd1', 'd1', 's0', 'd2', 'd2', 'd2', 'd2', 'd3', 's2', 's1')
INFO:root:
(18/100) Running: {'t_coh': 1400000, 'p_gen': 0.00092, 'p_swap': 0.85, 'w0': 0.952, 'protocol': ('d0', 'd0', 'd0', 'd0', 'd1', 'd1', 'd1', 'd1', 's0', 'd2', 'd2', 'd2', 'd2', 'd3', 's2', 's1'), 't_trunc': 13897632}
INFO:root:Protocol ('d0', 'd0', 'd0', 'd0', 'd1', 'd1', 'd1', 'd1', 's0', 'd2', 'd2', 'd2', 'd2', 'd3', 's2', 's1'),	 r = 6.545423133084767e-05

INFO:root:

Generating a protocol with gamma=0.9726673419770479, eta=-0.11439663067459249, tau=0.008612453109644485, kappa=14
INFO:root:Protocol generated: ('d1', 'd1', 'd1', 'd1', 's0', 'd2', 'd2', 'd2', 'd2', 'd3', 'd3', 'd3', 'd3', 's2', 'd1', 'd1', 's1')
INFO:root:
(19/100) Running: {'t_coh': 1400000, 'p_gen': 0.00092, 'p_swap': 0.85, 'w0': 0.952, 'protocol': ('d1', 'd1', 'd1', 'd1', 's0', 'd2', 'd2', 'd2', 'd2', 'd3', 'd3', 'd3', 'd3', 's2', 'd1', 'd1', 's1'), 't_trunc': 14890320}
INFO:root:Protocol ('d1', 'd1', 'd1', 'd1', 's0', 'd2', 'd2', 'd2', 'd2', 'd3', 'd3', 'd3', 'd3', 's2', 'd1', 'd1', 's1'),	 r = 5.3387585688320185e-05

INFO:root:

Generating a protocol with gamma=0.9514346702099077, eta=-0.6123223264345116, tau=0.0, kappa=12
INFO:root:Protocol generated: ('d0', 'd0', 'd0', 'd0', 'd1', 'd1', 'd1', 'd1', 's0', 'd2', 'd2', 'd2', 'd2', 's2', 's1')
INFO:root:
(20/100) Running: {'t_coh': 1400000, 'p_gen': 0.00092, 'p_swap': 0.85, 'w0': 0.952, 'protocol': ('d0', 'd0', 'd0', 'd0', 'd1', 'd1', 'd1', 'd1', 's0', 'd2', 'd2', 'd2', 'd2', 's2', 's1'), 't_trunc': 12904944}
INFO:root:Protocol ('d0', 'd0', 'd0', 'd0', 'd1', 'd1', 'd1', 'd1', 's0', 'd2', 'd2', 'd2', 'd2', 's2', 's1'),	 r = 5.7960913573020836e-05

INFO:root:

Generating a protocol with gamma=0.5848210527962877, eta=-0.4244620244153433, tau=0.05526616997319901, kappa=17
INFO:root:Protocol generated: ('d1', 'd1', 'd1', 'd1', 'd2', 'd2', 'd2', 'd2', 's1', 'd0', 'd0', 'd0', 'd0', 'd2', 's0', 'd3', 'd3', 'd3', 'd3', 's2')
INFO:root:
(21/100) Running: {'t_coh': 1400000, 'p_gen': 0.00092, 'p_swap': 0.85, 'w0': 0.952, 'protocol': ('d1', 'd1', 'd1', 'd1', 'd2', 'd2', 'd2', 'd2', 's1', 'd0', 'd0', 'd0', 'd0', 'd2', 's0', 'd3', 'd3', 'd3', 'd3', 's2'), 't_trunc': 17868383}
INFO:root:Protocol ('d1', 'd1', 'd1', 'd1', 'd2', 'd2', 'd2', 'd2', 's1', 'd0', 'd0', 'd0', 'd0', 'd2', 's0', 'd3', 'd3', 'd3', 'd3', 's2'),	 r = 5.9160609506010336e-05

INFO:root:

Generating a protocol with gamma=0.11207960047686585, eta=-0.9582551050709465, tau=0.8431012855708666, kappa=0
INFO:root:Protocol generated: ('s2', 's1', 's0')
INFO:root:
(22/100) Running: {'t_coh': 1400000, 'p_gen': 0.00092, 'p_swap': 0.85, 'w0': 0.952, 'protocol': ('s2', 's1', 's0'), 't_trunc': 1400000}
INFO:root:Protocol ('s2', 's1', 's0'),	 r = 3.658884511089947e-05

INFO:root:

Generating a protocol with gamma=0.17713819355848306, eta=-0.37540054728950256, tau=0.17686574556948034, kappa=14
INFO:root:Protocol generated: ('d1', 'd1', 'd1', 'd1', 'd2', 'd2', 'd2', 's1', 'd3', 'd3', 'd3', 's2', 'd0', 'd0', 'd0', 'd0', 's0')
INFO:root:
(23/100) Running: {'t_coh': 1400000, 'p_gen': 0.00092, 'p_swap': 0.85, 'w0': 0.952, 'protocol': ('d1', 'd1', 'd1', 'd1', 'd2', 'd2', 'd2', 's1', 'd3', 'd3', 'd3', 's2', 'd0', 'd0', 'd0', 'd0', 's0'), 't_trunc': 14890320}
INFO:root:Protocol ('d1', 'd1', 'd1', 'd1', 'd2', 'd2', 'd2', 's1', 'd3', 'd3', 'd3', 's2', 'd0', 'd0', 'd0', 'd0', 's0'),	 r = 6.961264708446985e-05

INFO:root:

Generating a protocol with gamma=0.08209548092795112, eta=-0.604521149802651, tau=0.2545112413013507, kappa=15
INFO:root:Protocol generated: ('d2', 'd2', 'd2', 'd2', 'd3', 'd3', 'd3', 's2', 'd1', 'd1', 'd1', 'd1', 's1', 'd0', 'd0', 'd0', 'd0', 's0')
INFO:root:
(24/100) Running: {'t_coh': 1400000, 'p_gen': 0.00092, 'p_swap': 0.85, 'w0': 0.952, 'protocol': ('d2', 'd2', 'd2', 'd2', 'd3', 'd3', 'd3', 's2', 'd1', 'd1', 'd1', 'd1', 's1', 'd0', 'd0', 'd0', 'd0', 's0'), 't_trunc': 15883008}
INFO:root:Protocol ('d2', 'd2', 'd2', 'd2', 'd3', 'd3', 'd3', 's2', 'd1', 'd1', 'd1', 'd1', 's1', 'd0', 'd0', 'd0', 'd0', 's0'),	 r = 6.962445490187865e-05

INFO:root:

Generating a protocol with gamma=0.5939067398813298, eta=-0.9587014523588326, tau=0.44503063377108265, kappa=15
INFO:root:Protocol generated: ('d1', 'd1', 'd1', 'd1', 'd2', 'd2', 'd2', 's1', 'd0', 'd0', 'd0', 'd0', 's0', 'd2', 'd3', 'd3', 'd3', 's2')
INFO:root:
(25/100) Running: {'t_coh': 1400000, 'p_gen': 0.00092, 'p_swap': 0.85, 'w0': 0.952, 'protocol': ('d1', 'd1', 'd1', 'd1', 'd2', 'd2', 'd2', 's1', 'd0', 'd0', 'd0', 'd0', 's0', 'd2', 'd3', 'd3', 'd3', 's2'), 't_trunc': 15883008}
INFO:root:Protocol ('d1', 'd1', 'd1', 'd1', 'd2', 'd2', 'd2', 's1', 'd0', 'd0', 'd0', 'd0', 's0', 'd2', 'd3', 'd3', 'd3', 's2'),	 r = 5.6483702663753084e-05

INFO:root:

Generating a protocol with gamma=0.4404560290920415, eta=-0.5155437215611397, tau=0.2891326136326143, kappa=13
INFO:root:Protocol generated: ('d1', 'd1', 'd1', 'd2', 'd2', 'd2', 'd2', 's1', 'd0', 'd0', 'd0', 'd0', 'd2', 'd2', 's0', 's2')
INFO:root:
(26/100) Running: {'t_coh': 1400000, 'p_gen': 0.00092, 'p_swap': 0.85, 'w0': 0.952, 'protocol': ('d1', 'd1', 'd1', 'd2', 'd2', 'd2', 'd2', 's1', 'd0', 'd0', 'd0', 'd0', 'd2', 'd2', 's0', 's2'), 't_trunc': 13897632}
INFO:root:Protocol ('d1', 'd1', 'd1', 'd2', 'd2', 'd2', 'd2', 's1', 'd0', 'd0', 'd0', 'd0', 'd2', 'd2', 's0', 's2'),	 r = 3.802614166995646e-05

INFO:root:

Generating a protocol with gamma=0.07520418036670146, eta=-0.7348238514283763, tau=0.6087905661590834, kappa=13
INFO:root:Protocol generated: ('d2', 'd2', 'd3', 's2', 'd1', 'd1', 'd1', 'd1', 's1', 'd0', 'd0', 'd0', 'd0', 'd3', 's0', 'd3')
INFO:root:
(27/100) Running: {'t_coh': 1400000, 'p_gen': 0.00092, 'p_swap': 0.85, 'w0': 0.952, 'protocol': ('d2', 'd2', 'd3', 's2', 'd1', 'd1', 'd1', 'd1', 's1', 'd0', 'd0', 'd0', 'd0', 'd3', 's0', 'd3'), 't_trunc': 13897632}
INFO:root:Protocol ('d2', 'd2', 'd3', 's2', 'd1', 'd1', 'd1', 'd1', 's1', 'd0', 'd0', 'd0', 'd0', 'd3', 's0', 'd3'),	 r = 5.1087524935241495e-05

INFO:root:

Generating a protocol with gamma=0.8008746460475203, eta=-0.7581163000764279, tau=0.14369551160519123, kappa=15
INFO:root:Protocol generated: ('d0', 'd0', 'd0', 'd0', 'd1', 'd1', 'd1', 'd1', 's0', 'd1', 'd1', 'd2', 'd2', 'd2', 'd2', 's1', 'd3', 's2')
INFO:root:
(28/100) Running: {'t_coh': 1400000, 'p_gen': 0.00092, 'p_swap': 0.85, 'w0': 0.952, 'protocol': ('d0', 'd0', 'd0', 'd0', 'd1', 'd1', 'd1', 'd1', 's0', 'd1', 'd1', 'd2', 'd2', 'd2', 'd2', 's1', 'd3', 's2'), 't_trunc': 15883008}
INFO:root:Protocol ('d0', 'd0', 'd0', 'd0', 'd1', 'd1', 'd1', 'd1', 's0', 'd1', 'd1', 'd2', 'd2', 'd2', 'd2', 's1', 'd3', 's2'),	 r = 4.074055373825883e-05

INFO:root:

Generating a protocol with gamma=0.0, eta=-0.4252866053561064, tau=0.012809568162902973, kappa=12
INFO:root:Protocol generated: ('d2', 'd2', 'd2', 'd2', 's2', 'd1', 'd1', 'd1', 'd1', 's1', 'd0', 'd0', 'd0', 'd0', 's0')
INFO:root:
(29/100) Running: {'t_coh': 1400000, 'p_gen': 0.00092, 'p_swap': 0.85, 'w0': 0.952, 'protocol': ('d2', 'd2', 'd2', 'd2', 's2', 'd1', 'd1', 'd1', 'd1', 's1', 'd0', 'd0', 'd0', 'd0', 's0'), 't_trunc': 12904944}
INFO:root:Protocol ('d2', 'd2', 'd2', 'd2', 's2', 'd1', 'd1', 'd1', 'd1', 's1', 'd0', 'd0', 'd0', 'd0', 's0'),	 r = 5.615607715773543e-05

INFO:root:

Generating a protocol with gamma=0.0016366513467289884, eta=-0.33342486556511663, tau=0.22123230263595936, kappa=10
INFO:root:Protocol generated: ('d2', 'd2', 'd3', 'd3', 's2', 'd1', 'd1', 'd3', 's1', 'd0', 'd0', 'd0', 's0')
INFO:root:
(30/100) Running: {'t_coh': 1400000, 'p_gen': 0.00092, 'p_swap': 0.85, 'w0': 0.952, 'protocol': ('d2', 'd2', 'd3', 'd3', 's2', 'd1', 'd1', 'd3', 's1', 'd0', 'd0', 'd0', 's0'), 't_trunc': 10919568}
INFO:root:Protocol ('d2', 'd2', 'd3', 'd3', 's2', 'd1', 'd1', 'd3', 's1', 'd0', 'd0', 'd0', 's0'),	 r = 6.838923444244609e-05

INFO:root:

Generating a protocol with gamma=0.008583606684316005, eta=-0.9551863877645143, tau=0.39644465158068853, kappa=18
INFO:root:Protocol generated: ('d2', 'd2', 'd2', 'd2', 'd3', 's2', 'd1', 'd1', 'd1', 'd1', 'd3', 'd3', 's1', 'd0', 'd0', 'd0', 'd0', 'd3', 'd3', 'd3', 's0')
INFO:root:
(31/100) Running: {'t_coh': 1400000, 'p_gen': 0.00092, 'p_swap': 0.85, 'w0': 0.952, 'protocol': ('d2', 'd2', 'd2', 'd2', 'd3', 's2', 'd1', 'd1', 'd1', 'd1', 'd3', 'd3', 's1', 'd0', 'd0', 'd0', 'd0', 'd3', 'd3', 'd3', 's0'), 't_trunc': 18861071}
INFO:root:Protocol ('d2', 'd2', 'd2', 'd2', 'd3', 's2', 'd1', 'd1', 'd1', 'd1', 'd3', 'd3', 's1', 'd0', 'd0', 'd0', 'd0', 'd3', 'd3', 'd3', 's0'),	 r = 2.4966356145409165e-05

INFO:root:

Generating a protocol with gamma=0.0, eta=-0.40287177383020245, tau=0.2663646045126194, kappa=17
INFO:root:Protocol generated: ('d2', 'd2', 'd2', 'd2', 'd3', 'd3', 'd3', 's2', 'd1', 'd1', 'd1', 'd1', 'd3', 's1', 'd0', 'd0', 'd0', 'd3', 'd3', 's0')
INFO:root:
(32/100) Running: {'t_coh': 1400000, 'p_gen': 0.00092, 'p_swap': 0.85, 'w0': 0.952, 'protocol': ('d2', 'd2', 'd2', 'd2', 'd3', 'd3', 'd3', 's2', 'd1', 'd1', 'd1', 'd1', 'd3', 's1', 'd0', 'd0', 'd0', 'd3', 'd3', 's0'), 't_trunc': 17868383}
INFO:root:Protocol ('d2', 'd2', 'd2', 'd2', 'd3', 'd3', 'd3', 's2', 'd1', 'd1', 'd1', 'd1', 'd3', 's1', 'd0', 'd0', 'd0', 'd3', 'd3', 's0'),	 r = 3.80412579078581e-05

INFO:root:

Generating a protocol with gamma=0.12654311470448917, eta=-0.6556539318149137, tau=0.17779170876571068, kappa=9
INFO:root:Protocol generated: ('d1', 'd1', 'd1', 'd2', 's1', 'd2', 'd3', 's2', 'd0', 'd0', 'd0', 's0')
INFO:root:
(33/100) Running: {'t_coh': 1400000, 'p_gen': 0.00092, 'p_swap': 0.85, 'w0': 0.952, 'protocol': ('d1', 'd1', 'd1', 'd2', 's1', 'd2', 'd3', 's2', 'd0', 'd0', 'd0', 's0'), 't_trunc': 9926879}
INFO:root:Protocol ('d1', 'd1', 'd1', 'd2', 's1', 'd2', 'd3', 's2', 'd0', 'd0', 'd0', 's0'),	 r = 5.7591454621998824e-05

INFO:root:

Generating a protocol with gamma=0.21686525671607268, eta=-0.6461306638882642, tau=0.04407567794592095, kappa=15
INFO:root:Protocol generated: ('d1', 'd1', 'd1', 'd1', 'd2', 'd2', 'd2', 'd2', 's1', 'd3', 'd3', 'd3', 's2', 'd0', 'd0', 'd0', 'd0', 's0')
INFO:root:
(34/100) Running: {'t_coh': 1400000, 'p_gen': 0.00092, 'p_swap': 0.85, 'w0': 0.952, 'protocol': ('d1', 'd1', 'd1', 'd1', 'd2', 'd2', 'd2', 'd2', 's1', 'd3', 'd3', 'd3', 's2', 'd0', 'd0', 'd0', 'd0', 's0'), 't_trunc': 15883008}
INFO:root:Protocol ('d1', 'd1', 'd1', 'd1', 'd2', 'd2', 'd2', 'd2', 's1', 'd3', 'd3', 'd3', 's2', 'd0', 'd0', 'd0', 'd0', 's0'),	 r = 6.793009724048224e-05

INFO:root:

Generating a protocol with gamma=0.9579420931249422, eta=-0.31145629150189347, tau=0.1921429799923384, kappa=9
INFO:root:Protocol generated: ('d1', 'd1', 'd1', 's0', 'd2', 'd2', 'd2', 'd3', 'd3', 's2', 'd1', 's1')
INFO:root:
(35/100) Running: {'t_coh': 1400000, 'p_gen': 0.00092, 'p_swap': 0.85, 'w0': 0.952, 'protocol': ('d1', 'd1', 'd1', 's0', 'd2', 'd2', 'd2', 'd3', 'd3', 's2', 'd1', 's1'), 't_trunc': 9926879}
INFO:root:Protocol ('d1', 'd1', 'd1', 's0', 'd2', 'd2', 'd2', 'd3', 'd3', 's2', 'd1', 's1'),	 r = 6.339674062447474e-05

INFO:root:

Generating a protocol with gamma=0.053632456958294675, eta=-0.06636225707177901, tau=0.0964068815053907, kappa=5
INFO:root:Protocol generated: ('d2', 'd2', 'd3', 's2', 'd1', 'd1', 's1', 's0')
INFO:root:
(36/100) Running: {'t_coh': 1400000, 'p_gen': 0.00092, 'p_swap': 0.85, 'w0': 0.952, 'protocol': ('d2', 'd2', 'd3', 's2', 'd1', 'd1', 's1', 's0'), 't_trunc': 5956128}
INFO:root:Protocol ('d2', 'd2', 'd3', 's2', 'd1', 'd1', 's1', 's0'),	 r = 5.809941158521366e-05

INFO:root:

Generating a protocol with gamma=0.41881858159527646, eta=-0.7314268816357397, tau=0.007071682631177137, kappa=22
INFO:root:Protocol generated: ('d1', 'd1', 'd1', 'd1', 'd2', 'd2', 'd2', 'd2', 's1', 'd0', 'd0', 'd0', 'd0', 'd2', 'd2', 's0', 'd2', 'd2', 'd2', 'd3', 'd3', 'd3', 'd3', 's2', 'd3')
INFO:root:
(37/100) Running: {'t_coh': 1400000, 'p_gen': 0.00092, 'p_swap': 0.85, 'w0': 0.952, 'protocol': ('d1', 'd1', 'd1', 'd1', 'd2', 'd2', 'd2', 'd2', 's1', 'd0', 'd0', 'd0', 'd0', 'd2', 'd2', 's0', 'd2', 'd2', 'd2', 'd3', 'd3', 'd3', 'd3', 's2', 'd3'), 't_trunc': 22831824}
INFO:root:Protocol ('d1', 'd1', 'd1', 'd1', 'd2', 'd2', 'd2', 'd2', 's1', 'd0', 'd0', 'd0', 'd0', 'd2', 'd2', 's0', 'd2', 'd2', 'd2', 'd3', 'd3', 'd3', 'd3', 's2', 'd3'),	 r = 1.903181023194917e-05

INFO:root:

Generating a protocol with gamma=0.08898866223974511, eta=-0.6132670833324811, tau=0.24945888591112023, kappa=13
INFO:root:Protocol generated: ('d2', 'd2', 'd3', 's2', 'd1', 'd1', 'd1', 'd1', 'd3', 's1', 'd0', 'd0', 'd0', 'd0', 'd3', 's0')
INFO:root:
(38/100) Running: {'t_coh': 1400000, 'p_gen': 0.00092, 'p_swap': 0.85, 'w0': 0.952, 'protocol': ('d2', 'd2', 'd3', 's2', 'd1', 'd1', 'd1', 'd1', 'd3', 's1', 'd0', 'd0', 'd0', 'd0', 'd3', 's0'), 't_trunc': 13897632}
INFO:root:Protocol ('d2', 'd2', 'd3', 's2', 'd1', 'd1', 'd1', 'd1', 'd3', 's1', 'd0', 'd0', 'd0', 'd0', 'd3', 's0'),	 r = 6.02780120729474e-05

INFO:root:

Generating a protocol with gamma=0.5350909916290306, eta=-0.2742213110068008, tau=0.18835006880540797, kappa=13
INFO:root:Protocol generated: ('d1', 'd1', 'd1', 'd1', 'd2', 'd2', 'd2', 'd2', 's1', 'd2', 's0', 'd3', 'd3', 'd3', 'd3', 's2')
INFO:root:
(39/100) Running: {'t_coh': 1400000, 'p_gen': 0.00092, 'p_swap': 0.85, 'w0': 0.952, 'protocol': ('d1', 'd1', 'd1', 'd1', 'd2', 'd2', 'd2', 'd2', 's1', 'd2', 's0', 'd3', 'd3', 'd3', 'd3', 's2'), 't_trunc': 13897632}
INFO:root:Protocol ('d1', 'd1', 'd1', 'd1', 'd2', 'd2', 'd2', 'd2', 's1', 'd2', 's0', 'd3', 'd3', 'd3', 'd3', 's2'),	 r = 4.451852261066325e-05

INFO:root:

Generating a protocol with gamma=0.0019513936296931057, eta=-0.37762637050662073, tau=0.45385036049564914, kappa=7
INFO:root:Protocol generated: ('d2', 'd3', 's2', 'd1', 's1', 'd0', 'd0', 'd0', 'd3', 's0')
INFO:root:
(40/100) Running: {'t_coh': 1400000, 'p_gen': 0.00092, 'p_swap': 0.85, 'w0': 0.952, 'protocol': ('d2', 'd3', 's2', 'd1', 's1', 'd0', 'd0', 'd0', 'd3', 's0'), 't_trunc': 7941504}
INFO:root:Protocol ('d2', 'd3', 's2', 'd1', 's1', 'd0', 'd0', 'd0', 'd3', 's0'),	 r = 6.810718153691341e-05

INFO:root:

Generating a protocol with gamma=0.0, eta=-0.34165627153120404, tau=0.11854367391217122, kappa=7
INFO:root:Protocol generated: ('d2', 'd2', 's2', 'd1', 'd1', 'd1', 'd1', 's1', 'd0', 's0')
INFO:root:
(41/100) Running: {'t_coh': 1400000, 'p_gen': 0.00092, 'p_swap': 0.85, 'w0': 0.952, 'protocol': ('d2', 'd2', 's2', 'd1', 'd1', 'd1', 'd1', 's1', 'd0', 's0'), 't_trunc': 7941504}
INFO:root:Protocol ('d2', 'd2', 's2', 'd1', 'd1', 'd1', 'd1', 's1', 'd0', 's0'),	 r = 5.288611859207104e-05

INFO:root:

Generating a protocol with gamma=0.031005064187097614, eta=-0.6991915369533754, tau=0.7055728425292158, kappa=7
INFO:root:Protocol generated: ('d2', 's2', 's1', 'd0', 'd0', 'd0', 'd0', 'd3', 's0', 'd3')
INFO:root:
(42/100) Running: {'t_coh': 1400000, 'p_gen': 0.00092, 'p_swap': 0.85, 'w0': 0.952, 'protocol': ('d2', 's2', 's1', 'd0', 'd0', 'd0', 'd0', 'd3', 's0', 'd3'), 't_trunc': 7941504}
INFO:root:Protocol ('d2', 's2', 's1', 'd0', 'd0', 'd0', 'd0', 'd3', 's0', 'd3'),	 r = 5.375512286533321e-05

INFO:root:

Generating a protocol with gamma=0.06369115686901497, eta=-0.07795630469732695, tau=0.5904741939760179, kappa=3
INFO:root:Protocol generated: ('s2', 'd1', 'd1', 's1', 's0', 'd3')
INFO:root:
(43/100) Running: {'t_coh': 1400000, 'p_gen': 0.00092, 'p_swap': 0.85, 'w0': 0.952, 'protocol': ('s2', 'd1', 'd1', 's1', 's0', 'd3'), 't_trunc': 3970752}
INFO:root:Protocol ('s2', 'd1', 'd1', 's1', 's0', 'd3'),	 r = 5.027823495664397e-05

INFO:root:

Generating a protocol with gamma=0.14070107885707092, eta=-0.5268958741203003, tau=0.0, kappa=18
INFO:root:Protocol generated: ('d1', 'd1', 'd1', 'd1', 'd2', 'd2', 'd2', 'd2', 's1', 'd2', 'd2', 'd3', 'd3', 'd3', 'd3', 's2', 'd0', 'd0', 'd0', 'd0', 's0')
INFO:root:
(44/100) Running: {'t_coh': 1400000, 'p_gen': 0.00092, 'p_swap': 0.85, 'w0': 0.952, 'protocol': ('d1', 'd1', 'd1', 'd1', 'd2', 'd2', 'd2', 'd2', 's1', 'd2', 'd2', 'd3', 'd3', 'd3', 'd3', 's2', 'd0', 'd0', 'd0', 'd0', 's0'), 't_trunc': 18861071}
INFO:root:Protocol ('d1', 'd1', 'd1', 'd1', 'd2', 'd2', 'd2', 'd2', 's1', 'd2', 'd2', 'd3', 'd3', 'd3', 'd3', 's2', 'd0', 'd0', 'd0', 'd0', 's0'),	 r = 4.879982302783782e-05

INFO:root:

Generating a protocol with gamma=0.269984786576718, eta=-0.25136560396390983, tau=0.0, kappa=15
INFO:root:Protocol generated: ('d1', 'd1', 'd1', 'd1', 'd2', 'd2', 'd2', 'd2', 's1', 'd2', 'd3', 'd3', 'd3', 'd3', 's2', 'd3', 'd3', 's0')
INFO:root:
(45/100) Running: {'t_coh': 1400000, 'p_gen': 0.00092, 'p_swap': 0.85, 'w0': 0.952, 'protocol': ('d1', 'd1', 'd1', 'd1', 'd2', 'd2', 'd2', 'd2', 's1', 'd2', 'd3', 'd3', 'd3', 'd3', 's2', 'd3', 'd3', 's0'), 't_trunc': 15883008}
INFO:root:Protocol ('d1', 'd1', 'd1', 'd1', 'd2', 'd2', 'd2', 'd2', 's1', 'd2', 'd3', 'd3', 'd3', 'd3', 's2', 'd3', 'd3', 's0'),	 r = 2.7555276564790237e-05

INFO:root:

Generating a protocol with gamma=0.2882947187144449, eta=-0.3660954475570719, tau=0.9071282840064407, kappa=10
INFO:root:Protocol generated: ('d1', 'd1', 'd1', 's1', 'd2', 's2', 'd0', 'd0', 's0', 'd3', 'd3', 'd3', 'd3')
INFO:root:
(46/100) Running: {'t_coh': 1400000, 'p_gen': 0.00092, 'p_swap': 0.85, 'w0': 0.952, 'protocol': ('d1', 'd1', 'd1', 's1', 'd2', 's2', 'd0', 'd0', 's0', 'd3', 'd3', 'd3', 'd3'), 't_trunc': 10919568}
INFO:root:Protocol ('d1', 'd1', 'd1', 's1', 'd2', 's2', 'd0', 'd0', 's0', 'd3', 'd3', 'd3', 'd3'),	 r = 2.2657399439696265e-05

INFO:root:

Generating a protocol with gamma=0.563719435612143, eta=-0.9527628439279419, tau=0.5518618254639878, kappa=11
INFO:root:Protocol generated: ('d1', 'd2', 's1', 'd0', 'd0', 'd0', 'd0', 'd2', 'd2', 's0', 'd2', 'd2', 'd3', 's2')
INFO:root:
(47/100) Running: {'t_coh': 1400000, 'p_gen': 0.00092, 'p_swap': 0.85, 'w0': 0.952, 'protocol': ('d1', 'd2', 's1', 'd0', 'd0', 'd0', 'd0', 'd2', 'd2', 's0', 'd2', 'd2', 'd3', 's2'), 't_trunc': 11912256}
INFO:root:Protocol ('d1', 'd2', 's1', 'd0', 'd0', 'd0', 'd0', 'd2', 'd2', 's0', 'd2', 'd2', 'd3', 's2'),	 r = 3.945562109013052e-05

INFO:root:

Generating a protocol with gamma=0.0234222421663067, eta=0.2692934626263255, tau=0.48516265206535847, kappa=11
INFO:root:Protocol generated: ('d2', 'd2', 'd2', 'd3', 'd3', 's2', 'd3', 'd3', 's1', 'd0', 'd0', 'd3', 'd3', 's0')
INFO:root:
(48/100) Running: {'t_coh': 1400000, 'p_gen': 0.00092, 'p_swap': 0.85, 'w0': 0.952, 'protocol': ('d2', 'd2', 'd2', 'd3', 'd3', 's2', 'd3', 'd3', 's1', 'd0', 'd0', 'd3', 'd3', 's0'), 't_trunc': 11912256}
INFO:root:Protocol ('d2', 'd2', 'd2', 'd3', 'd3', 's2', 'd3', 'd3', 's1', 'd0', 'd0', 'd3', 'd3', 's0'),	 r = 2.7803521023071636e-05

INFO:root:

Generating a protocol with gamma=0.0, eta=-0.3078502309909079, tau=0.7471219509449697, kappa=9
INFO:root:Protocol generated: ('d2', 'd3', 's2', 'd1', 'd1', 's1', 'd0', 'd0', 'd3', 's0', 'd3', 'd3')
INFO:root:
(49/100) Running: {'t_coh': 1400000, 'p_gen': 0.00092, 'p_swap': 0.85, 'w0': 0.952, 'protocol': ('d2', 'd3', 's2', 'd1', 'd1', 's1', 'd0', 'd0', 'd3', 's0', 'd3', 'd3'), 't_trunc': 9926879}
INFO:root:Protocol ('d2', 'd3', 's2', 'd1', 'd1', 's1', 'd0', 'd0', 'd3', 's0', 'd3', 'd3'),	 r = 4.720753084369462e-05

INFO:root:

Generating a protocol with gamma=0.18798255127409425, eta=-0.8360997004165749, tau=0.12175491912969715, kappa=12
INFO:root:Protocol generated: ('d1', 'd1', 'd1', 'd1', 'd2', 'd2', 'd2', 's1', 'd3', 's2', 'd0', 'd0', 'd0', 'd0', 's0')
INFO:root:
(50/100) Running: {'t_coh': 1400000, 'p_gen': 0.00092, 'p_swap': 0.85, 'w0': 0.952, 'protocol': ('d1', 'd1', 'd1', 'd1', 'd2', 'd2', 'd2', 's1', 'd3', 's2', 'd0', 'd0', 'd0', 'd0', 's0'), 't_trunc': 12904944}
INFO:root:Protocol ('d1', 'd1', 'd1', 'd1', 'd2', 'd2', 'd2', 's1', 'd3', 's2', 'd0', 'd0', 'd0', 'd0', 's0'),	 r = 6.213493297031458e-05

INFO:root:

Generating a protocol with gamma=0.1635882789453945, eta=-0.27866774732490074, tau=0.005889235949429017, kappa=11
INFO:root:Protocol generated: ('d1', 'd1', 'd1', 'd2', 'd2', 'd2', 'd2', 's1', 'd3', 'd3', 'd3', 'd3', 's2', 's0')
INFO:root:
(51/100) Running: {'t_coh': 1400000, 'p_gen': 0.00092, 'p_swap': 0.85, 'w0': 0.952, 'protocol': ('d1', 'd1', 'd1', 'd2', 'd2', 'd2', 'd2', 's1', 'd3', 'd3', 'd3', 'd3', 's2', 's0'), 't_trunc': 11912256}
INFO:root:Protocol ('d1', 'd1', 'd1', 'd2', 'd2', 'd2', 'd2', 's1', 'd3', 'd3', 'd3', 'd3', 's2', 's0'),	 r = 5.31233803708309e-05

INFO:root:

Generating a protocol with gamma=0.18003860263027432, eta=-0.6891150701745349, tau=0.27940787782743687, kappa=15
INFO:root:Protocol generated: ('d1', 'd1', 'd1', 'd1', 'd2', 'd2', 'd2', 's1', 'd2', 'd3', 'd3', 'd3', 's2', 'd0', 'd0', 'd0', 'd0', 's0')
INFO:root:
(52/100) Running: {'t_coh': 1400000, 'p_gen': 0.00092, 'p_swap': 0.85, 'w0': 0.952, 'protocol': ('d1', 'd1', 'd1', 'd1', 'd2', 'd2', 'd2', 's1', 'd2', 'd3', 'd3', 'd3', 's2', 'd0', 'd0', 'd0', 'd0', 's0'), 't_trunc': 15883008}
INFO:root:Protocol ('d1', 'd1', 'd1', 'd1', 'd2', 'd2', 'd2', 's1', 'd2', 'd3', 'd3', 'd3', 's2', 'd0', 'd0', 'd0', 'd0', 's0'),	 r = 6.0325217831818375e-05

INFO:root:

Generating a protocol with gamma=0.8487139292374964, eta=-0.17584454355130308, tau=0.10712808686841081, kappa=11
INFO:root:Protocol generated: ('d1', 'd1', 'd1', 'd1', 's0', 'd2', 'd2', 'd2', 'd2', 's1', 'd3', 'd3', 'd3', 's2')
INFO:root:
(53/100) Running: {'t_coh': 1400000, 'p_gen': 0.00092, 'p_swap': 0.85, 'w0': 0.952, 'protocol': ('d1', 'd1', 'd1', 'd1', 's0', 'd2', 'd2', 'd2', 'd2', 's1', 'd3', 'd3', 'd3', 's2'), 't_trunc': 11912256}
INFO:root:Protocol ('d1', 'd1', 'd1', 'd1', 's0', 'd2', 'd2', 'd2', 'd2', 's1', 'd3', 'd3', 'd3', 's2'),	 r = 5.537303731392895e-05

INFO:root:

Generating a protocol with gamma=0.41334938508530067, eta=-0.4885486756749384, tau=0.39179963544645846, kappa=4
INFO:root:Protocol generated: ('d1', 'd1', 's1', 'd0', 's0', 's2', 'd3')
INFO:root:
(54/100) Running: {'t_coh': 1400000, 'p_gen': 0.00092, 'p_swap': 0.85, 'w0': 0.952, 'protocol': ('d1', 'd1', 's1', 'd0', 's0', 's2', 'd3'), 't_trunc': 4963439}
INFO:root:Protocol ('d1', 'd1', 's1', 'd0', 's0', 's2', 'd3'),	 r = 4.959627093954642e-05

INFO:root:

Generating a protocol with gamma=0.4715176885385598, eta=-0.20420159729528797, tau=0.4091603938967588, kappa=6
INFO:root:Protocol generated: ('d2', 'd2', 'd2', 's1', 'd0', 's0', 'd3', 'd3', 's2')
INFO:root:
(55/100) Running: {'t_coh': 1400000, 'p_gen': 0.00092, 'p_swap': 0.85, 'w0': 0.952, 'protocol': ('d2', 'd2', 'd2', 's1', 'd0', 's0', 'd3', 'd3', 's2'), 't_trunc': 6948816}
INFO:root:Protocol ('d2', 'd2', 'd2', 's1', 'd0', 's0', 'd3', 'd3', 's2'),	 r = 5.538593271213e-05

INFO:root:

Generating a protocol with gamma=0.1350236715172887, eta=-0.5554328653287982, tau=0.05138928500949669, kappa=14
INFO:root:Protocol generated: ('d1', 'd1', 'd1', 'd1', 'd2', 'd2', 'd2', 'd2', 's1', 'd3', 'd3', 's2', 'd0', 'd0', 'd0', 'd0', 's0')
INFO:root:
(56/100) Running: {'t_coh': 1400000, 'p_gen': 0.00092, 'p_swap': 0.85, 'w0': 0.952, 'protocol': ('d1', 'd1', 'd1', 'd1', 'd2', 'd2', 'd2', 'd2', 's1', 'd3', 'd3', 's2', 'd0', 'd0', 'd0', 'd0', 's0'), 't_trunc': 14890320}
INFO:root:Protocol ('d1', 'd1', 'd1', 'd1', 'd2', 'd2', 'd2', 'd2', 's1', 'd3', 'd3', 's2', 'd0', 'd0', 'd0', 'd0', 's0'),	 r = 6.516170141992836e-05

INFO:root:

Generating a protocol with gamma=0.9726193325204178, eta=-0.27209854928333566, tau=0.4581981612489264, kappa=13
INFO:root:Protocol generated: ('d0', 'd0', 'd0', 'd1', 's0', 'd2', 'd3', 'd3', 'd3', 'd3', 's2', 'd3', 's1', 'd3', 'd3', 'd3')
INFO:root:
(57/100) Running: {'t_coh': 1400000, 'p_gen': 0.00092, 'p_swap': 0.85, 'w0': 0.952, 'protocol': ('d0', 'd0', 'd0', 'd1', 's0', 'd2', 'd3', 'd3', 'd3', 'd3', 's2', 'd3', 's1', 'd3', 'd3', 'd3'), 't_trunc': 13897632}
INFO:root:Protocol ('d0', 'd0', 'd0', 'd1', 's0', 'd2', 'd3', 'd3', 'd3', 'd3', 's2', 'd3', 's1', 'd3', 'd3', 'd3'),	 r = 3.382001096917377e-05

INFO:root:

Generating a protocol with gamma=0.6247233419976077, eta=-0.8313383434976227, tau=0.003924348925610884, kappa=8
INFO:root:Protocol generated: ('d1', 'd1', 'd1', 'd1', 's1', 'd0', 'd0', 'd0', 'd0', 's0', 's2')
INFO:root:
(58/100) Running: {'t_coh': 1400000, 'p_gen': 0.00092, 'p_swap': 0.85, 'w0': 0.952, 'protocol': ('d1', 'd1', 'd1', 'd1', 's1', 'd0', 'd0', 'd0', 'd0', 's0', 's2'), 't_trunc': 8934191}
INFO:root:Protocol ('d1', 'd1', 'd1', 'd1', 's1', 'd0', 'd0', 'd0', 'd0', 's0', 's2'),	 r = 4.1433325026228494e-05

INFO:root:

Generating a protocol with gamma=0.0, eta=-0.7456256497151221, tau=0.13551104350745566, kappa=15
INFO:root:Protocol generated: ('d2', 'd2', 'd2', 'd2', 'd3', 'd3', 's2', 'd1', 'd1', 'd1', 'd1', 'd3', 's1', 'd0', 'd0', 'd0', 'd0', 's0')
INFO:root:
(59/100) Running: {'t_coh': 1400000, 'p_gen': 0.00092, 'p_swap': 0.85, 'w0': 0.952, 'protocol': ('d2', 'd2', 'd2', 'd2', 'd3', 'd3', 's2', 'd1', 'd1', 'd1', 'd1', 'd3', 's1', 'd0', 'd0', 'd0', 'd0', 's0'), 't_trunc': 15883008}
INFO:root:Protocol ('d2', 'd2', 'd2', 'd2', 'd3', 'd3', 's2', 'd1', 'd1', 'd1', 'd1', 'd3', 's1', 'd0', 'd0', 'd0', 'd0', 's0'),	 r = 6.136315305477468e-05

INFO:root:

Generating a protocol with gamma=1.0, eta=-0.30267930802562804, tau=0.0, kappa=7
INFO:root:Protocol generated: ('d1', 'd1', 's0', 'd2', 'd2', 'd2', 'd2', 'd3', 's2', 's1')
INFO:root:
(60/100) Running: {'t_coh': 1400000, 'p_gen': 0.00092, 'p_swap': 0.85, 'w0': 0.952, 'protocol': ('d1', 'd1', 's0', 'd2', 'd2', 'd2', 'd2', 'd3', 's2', 's1'), 't_trunc': 7941504}
INFO:root:Protocol ('d1', 'd1', 's0', 'd2', 'd2', 'd2', 'd2', 'd3', 's2', 's1'),	 r = 5.44207292906267e-05

INFO:root:

Generating a protocol with gamma=0.0, eta=-0.41768757952155233, tau=0.412169981001021, kappa=9
INFO:root:Protocol generated: ('d2', 'd2', 'd3', 's2', 'd1', 'd3', 'd3', 's1', 'd0', 'd0', 'd0', 's0')
INFO:root:
(61/100) Running: {'t_coh': 1400000, 'p_gen': 0.00092, 'p_swap': 0.85, 'w0': 0.952, 'protocol': ('d2', 'd2', 'd3', 's2', 'd1', 'd3', 'd3', 's1', 'd0', 'd0', 'd0', 's0'), 't_trunc': 9926879}
INFO:root:Protocol ('d2', 'd2', 'd3', 's2', 'd1', 'd3', 'd3', 's1', 'd0', 'd0', 'd0', 's0'),	 r = 5.587588684622814e-05

INFO:root:

Generating a protocol with gamma=0.0, eta=-0.15065181540662287, tau=0.3580553632698419, kappa=5
INFO:root:Protocol generated: ('d3', 's2', 'd1', 'd1', 'd3', 's1', 'd0', 's0')
INFO:root:
(62/100) Running: {'t_coh': 1400000, 'p_gen': 0.00092, 'p_swap': 0.85, 'w0': 0.952, 'protocol': ('d3', 's2', 'd1', 'd1', 'd3', 's1', 'd0', 's0'), 't_trunc': 5956128}
INFO:root:Protocol ('d3', 's2', 'd1', 'd1', 'd3', 's1', 'd0', 's0'),	 r = 6.383527403348799e-05

INFO:root:

Generating a protocol with gamma=0.9316829980222738, eta=-0.9545975114539165, tau=0.5635221728737201, kappa=18
INFO:root:Protocol generated: ('d0', 'd0', 'd0', 'd0', 'd1', 'd1', 'd1', 'd1', 's0', 'd2', 'd2', 'd2', 'd2', 'd3', 'd3', 'd3', 's2', 'd1', 'd3', 's1', 'd3')
INFO:root:
(63/100) Running: {'t_coh': 1400000, 'p_gen': 0.00092, 'p_swap': 0.85, 'w0': 0.952, 'protocol': ('d0', 'd0', 'd0', 'd0', 'd1', 'd1', 'd1', 'd1', 's0', 'd2', 'd2', 'd2', 'd2', 'd3', 'd3', 'd3', 's2', 'd1', 'd3', 's1', 'd3'), 't_trunc': 18861071}
INFO:root:Protocol ('d0', 'd0', 'd0', 'd0', 'd1', 'd1', 'd1', 'd1', 's0', 'd2', 'd2', 'd2', 'd2', 'd3', 'd3', 'd3', 's2', 'd1', 'd3', 's1', 'd3'),	 r = 5.220938485736271e-05

INFO:root:

Generating a protocol with gamma=0.0, eta=-0.44190505345256403, tau=0.5696464362540399, kappa=5
INFO:root:Protocol generated: ('d3', 's2', 'd1', 'd3', 's1', 'd0', 'd0', 's0')
INFO:root:
(64/100) Running: {'t_coh': 1400000, 'p_gen': 0.00092, 'p_swap': 0.85, 'w0': 0.952, 'protocol': ('d3', 's2', 'd1', 'd3', 's1', 'd0', 'd0', 's0'), 't_trunc': 5956128}
INFO:root:Protocol ('d3', 's2', 'd1', 'd3', 's1', 'd0', 'd0', 's0'),	 r = 6.497112156206804e-05

INFO:root:

Generating a protocol with gamma=0.9842764789716806, eta=-0.9154949165721751, tau=0.9733497224516093, kappa=25
INFO:root:Protocol generated: ('d0', 'd0', 'd0', 'd0', 'd1', 'd1', 'd1', 'd1', 's0', 'd2', 'd2', 'd2', 'd3', 'd3', 'd3', 's2', 'd1', 'd1', 'd1', 'd3', 'd3', 'd3', 'd3', 's1', 'd3', 'd3', 'd3', 'd3')
INFO:root:
(65/100) Running: {'t_coh': 1400000, 'p_gen': 0.00092, 'p_swap': 0.85, 'w0': 0.952, 'protocol': ('d0', 'd0', 'd0', 'd0', 'd1', 'd1', 'd1', 'd1', 's0', 'd2', 'd2', 'd2', 'd3', 'd3', 'd3', 's2', 'd1', 'd1', 'd1', 'd3', 'd3', 'd3', 'd3', 's1', 'd3', 'd3', 'd3', 'd3'), 't_trunc': 25809887}
/home/l/lorenzo-la/experiments/cluster-sim-1/utility_functions.py:141: RuntimeWarning: overflow encountered in exp
  rest = c_0 * np.exp(-a * d_0 * t_trunc + b) / a / d_0
INFO:root:Protocol ('d0', 'd0', 'd0', 'd0', 'd1', 'd1', 'd1', 'd1', 's0', 'd2', 'd2', 'd2', 'd3', 'd3', 'd3', 's2', 'd1', 'd1', 'd1', 'd3', 'd3', 'd3', 'd3', 's1', 'd3', 'd3', 'd3', 'd3'),	 r = 0.0

INFO:root:

Generating a protocol with gamma=0.001131477809858122, eta=0.9762886872506211, tau=0.9670325707062456, kappa=2
INFO:root:Protocol generated: ('s2', 's1', 'd0', 's0', 'd3')
INFO:root:
(66/100) Running: {'t_coh': 1400000, 'p_gen': 0.00092, 'p_swap': 0.85, 'w0': 0.952, 'protocol': ('s2', 's1', 'd0', 's0', 'd3'), 't_trunc': 2978064}
INFO:root:Protocol ('s2', 's1', 'd0', 's0', 'd3'),	 r = 5.445867664909835e-05

INFO:root:

Generating a protocol with gamma=0.1941476318066539, eta=0.5036312577394924, tau=0.9606797317515584, kappa=0
INFO:root:Protocol generated: ('s1', 's2', 's0')
INFO:root:
(67/100) Running: {'t_coh': 1400000, 'p_gen': 0.00092, 'p_swap': 0.85, 'w0': 0.952, 'protocol': ('s1', 's2', 's0'), 't_trunc': 1400000}
INFO:root:Protocol ('s1', 's2', 's0'),	 r = 3.658884511090163e-05

INFO:root:

Generating a protocol with gamma=0.1957161507189373, eta=-0.5589223722038195, tau=0.16181497230696124, kappa=15
INFO:root:Protocol generated: ('d1', 'd1', 'd1', 'd1', 'd2', 'd2', 'd2', 'd2', 's1', 'd3', 'd3', 'd3', 's2', 'd0', 'd0', 'd0', 'd0', 's0')
INFO:root:Already evaluated protocol, returning cached result
INFO:root:

Generating a protocol with gamma=0.0, eta=-0.300139684552998, tau=0.23297517072104224, kappa=13
INFO:root:Protocol generated: ('d2', 'd2', 'd2', 'd3', 'd3', 'd3', 'd3', 's2', 'd1', 'd1', 'd1', 'd1', 'd3', 's1', 'd0', 's0')
INFO:root:
(69/100) Running: {'t_coh': 1400000, 'p_gen': 0.00092, 'p_swap': 0.85, 'w0': 0.952, 'protocol': ('d2', 'd2', 'd2', 'd3', 'd3', 'd3', 'd3', 's2', 'd1', 'd1', 'd1', 'd1', 'd3', 's1', 'd0', 's0'), 't_trunc': 13897632}
INFO:root:Protocol ('d2', 'd2', 'd2', 'd3', 'd3', 'd3', 'd3', 's2', 'd1', 'd1', 'd1', 'd1', 'd3', 's1', 'd0', 's0'),	 r = 5.2238673060636566e-05

INFO:root:

Generating a protocol with gamma=0.014696178609871813, eta=-0.3386919564505785, tau=0.9078700769750496, kappa=2
INFO:root:Protocol generated: ('s2', 'd3', 's1', 'd0', 's0')
INFO:root:
(70/100) Running: {'t_coh': 1400000, 'p_gen': 0.00092, 'p_swap': 0.85, 'w0': 0.952, 'protocol': ('s2', 'd3', 's1', 'd0', 's0'), 't_trunc': 2978064}
INFO:root:Protocol ('s2', 'd3', 's1', 'd0', 's0'),	 r = 5.366565697657301e-05

INFO:root:

Generating a protocol with gamma=0.0764892033056216, eta=-0.1477522677594616, tau=0.06756449340068739, kappa=28
INFO:root:Protocol generated: ('d2', 'd2', 'd2', 'd2', 'd3', 'd3', 'd3', 'd3', 's2', 'd1', 'd1', 'd1', 'd1', 'd3', 'd3', 'd3', 'd3', 's1', 'd0', 'd0', 'd0', 'd0', 'd3', 'd3', 'd3', 'd3', 's0', 'd3', 'd3', 'd3', 'd3')
INFO:root:
(71/100) Running: {'t_coh': 1400000, 'p_gen': 0.00092, 'p_swap': 0.85, 'w0': 0.952, 'protocol': ('d2', 'd2', 'd2', 'd2', 'd3', 'd3', 'd3', 'd3', 's2', 'd1', 'd1', 'd1', 'd1', 'd3', 'd3', 'd3', 'd3', 's1', 'd0', 'd0', 'd0', 'd0', 'd3', 'd3', 'd3', 'd3', 's0', 'd3', 'd3', 'd3', 'd3'), 't_trunc': 28787951}
INFO:root:Protocol ('d2', 'd2', 'd2', 'd2', 'd3', 'd3', 'd3', 'd3', 's2', 'd1', 'd1', 'd1', 'd1', 'd3', 'd3', 'd3', 'd3', 's1', 'd0', 'd0', 'd0', 'd0', 'd3', 'd3', 'd3', 'd3', 's0', 'd3', 'd3', 'd3', 'd3'),	 r = 3.804850379123464e-06

INFO:root:

Generating a protocol with gamma=0.1398427829945557, eta=-0.6149021134211211, tau=0.9919077066908526, kappa=1
INFO:root:Protocol generated: ('s1', 's2', 's0', 'd3')
INFO:root:
(72/100) Running: {'t_coh': 1400000, 'p_gen': 0.00092, 'p_swap': 0.85, 'w0': 0.952, 'protocol': ('s1', 's2', 's0', 'd3'), 't_trunc': 1985376}
INFO:root:Protocol ('s1', 's2', 's0', 'd3'),	 r = 4.9639582291974285e-05

INFO:root:

Generating a protocol with gamma=0.2127621461158528, eta=0.9999740749033343, tau=0.8326455614776023, kappa=28
INFO:root:Protocol generated: ('d1', 'd1', 'd1', 'd1', 'd2', 'd2', 'd2', 'd2', 's1', 'd2', 'd2', 'd2', 'd2', 'd3', 'd3', 'd3', 'd3', 's2', 'd0', 'd0', 'd0', 'd0', 'd3', 'd3', 'd3', 'd3', 's0', 'd3', 'd3', 'd3', 'd3')
INFO:root:
(73/100) Running: {'t_coh': 1400000, 'p_gen': 0.00092, 'p_swap': 0.85, 'w0': 0.952, 'protocol': ('d1', 'd1', 'd1', 'd1', 'd2', 'd2', 'd2', 'd2', 's1', 'd2', 'd2', 'd2', 'd2', 'd3', 'd3', 'd3', 'd3', 's2', 'd0', 'd0', 'd0', 'd0', 'd3', 'd3', 'd3', 'd3', 's0', 'd3', 'd3', 'd3', 'd3'), 't_trunc': 28787951}
INFO:root:Protocol ('d1', 'd1', 'd1', 'd1', 'd2', 'd2', 'd2', 'd2', 's1', 'd2', 'd2', 'd2', 'd2', 'd3', 'd3', 'd3', 'd3', 's2', 'd0', 'd0', 'd0', 'd0', 'd3', 'd3', 'd3', 'd3', 's0', 'd3', 'd3', 'd3', 'd3'),	 r = 3.8048503809211235e-06

INFO:root:

Generating a protocol with gamma=0.8444301866165548, eta=-1.0, tau=0.0, kappa=14
INFO:root:Protocol generated: ('d0', 'd0', 'd0', 'd0', 'd1', 'd1', 'd1', 'd1', 's0', 'd2', 'd2', 'd2', 'd2', 's1', 'd3', 'd3', 's2')
INFO:root:
(74/100) Running: {'t_coh': 1400000, 'p_gen': 0.00092, 'p_swap': 0.85, 'w0': 0.952, 'protocol': ('d0', 'd0', 'd0', 'd0', 'd1', 'd1', 'd1', 'd1', 's0', 'd2', 'd2', 'd2', 'd2', 's1', 'd3', 'd3', 's2'), 't_trunc': 14890320}
INFO:root:Protocol ('d0', 'd0', 'd0', 'd0', 'd1', 'd1', 'd1', 'd1', 's0', 'd2', 'd2', 'd2', 'd2', 's1', 'd3', 'd3', 's2'),	 r = 6.392439353996226e-05

INFO:root:

Generating a protocol with gamma=0.8851747435084133, eta=1.0, tau=0.37442660072921946, kappa=0
INFO:root:Protocol generated: ('s0', 's2', 's1')
INFO:root:
(75/100) Running: {'t_coh': 1400000, 'p_gen': 0.00092, 'p_swap': 0.85, 'w0': 0.952, 'protocol': ('s0', 's2', 's1'), 't_trunc': 1400000}
INFO:root:Protocol ('s0', 's2', 's1'),	 r = 3.923047025063862e-05

INFO:root:

Generating a protocol with gamma=0.016152421991459467, eta=-0.6912039730492947, tau=0.037248915152740626, kappa=0
INFO:root:Protocol generated: ('s2', 's1', 's0')
INFO:root:Already evaluated protocol, returning cached result
INFO:root:

Generating a protocol with gamma=0.9926333449627834, eta=-0.03524281575436983, tau=0.0008590981954849961, kappa=10
INFO:root:Protocol generated: ('d1', 'd1', 's0', 'd2', 'd2', 'd2', 'd2', 'd3', 'd3', 'd3', 'd3', 's2', 's1')
INFO:root:
(77/100) Running: {'t_coh': 1400000, 'p_gen': 0.00092, 'p_swap': 0.85, 'w0': 0.952, 'protocol': ('d1', 'd1', 's0', 'd2', 'd2', 'd2', 'd2', 'd3', 'd3', 'd3', 'd3', 's2', 's1'), 't_trunc': 10919568}
INFO:root:Protocol ('d1', 'd1', 's0', 'd2', 'd2', 'd2', 'd2', 'd3', 'd3', 'd3', 'd3', 's2', 's1'),	 r = 5.8393913806414775e-05

INFO:root:

Generating a protocol with gamma=0.9625509275677708, eta=0.27077739609933094, tau=0.08486990828900229, kappa=1
INFO:root:Protocol generated: ('s0', 'd3', 's2', 's1')
INFO:root:
(78/100) Running: {'t_coh': 1400000, 'p_gen': 0.00092, 'p_swap': 0.85, 'w0': 0.952, 'protocol': ('s0', 'd3', 's2', 's1'), 't_trunc': 1985376}
INFO:root:Protocol ('s0', 'd3', 's2', 's1'),	 r = 4.660632466520872e-05

INFO:root:

Generating a protocol with gamma=0.17272185059719009, eta=-1.0, tau=0.0, kappa=14
INFO:root:Protocol generated: ('d1', 'd1', 'd1', 'd1', 'd2', 'd2', 'd2', 'd2', 's1', 'd3', 'd3', 's2', 'd0', 'd0', 'd0', 'd0', 's0')
INFO:root:Already evaluated protocol, returning cached result
INFO:root:

Generating a protocol with gamma=0.0, eta=-0.12013302702667217, tau=0.5775973982657143, kappa=7
INFO:root:Protocol generated: ('d2', 'd3', 's2', 'd1', 'd1', 'd3', 's1', 'd3', 'd3', 's0')
INFO:root:
(80/100) Running: {'t_coh': 1400000, 'p_gen': 0.00092, 'p_swap': 0.85, 'w0': 0.952, 'protocol': ('d2', 'd3', 's2', 'd1', 'd1', 'd3', 's1', 'd3', 'd3', 's0'), 't_trunc': 7941504}
INFO:root:Protocol ('d2', 'd3', 's2', 'd1', 'd1', 'd3', 's1', 'd3', 'd3', 's0'),	 r = 4.1169337714225507e-05

INFO:root:

Generating a protocol with gamma=0.0, eta=-0.26288169851564724, tau=0.4095295566356295, kappa=2
INFO:root:Protocol generated: ('d2', 'd3', 's2', 's1', 's0')
INFO:root:
(81/100) Running: {'t_coh': 1400000, 'p_gen': 0.00092, 'p_swap': 0.85, 'w0': 0.952, 'protocol': ('d2', 'd3', 's2', 's1', 's0'), 't_trunc': 2978064}
INFO:root:Protocol ('d2', 'd3', 's2', 's1', 's0'),	 r = 4.813421937380763e-05

INFO:root:

Generating a protocol with gamma=0.0, eta=-0.8122419530590271, tau=0.47232155587293273, kappa=6
INFO:root:Protocol generated: ('d2', 'd3', 'd3', 's2', 'd3', 's1', 'd0', 'd0', 's0')
INFO:root:
(82/100) Running: {'t_coh': 1400000, 'p_gen': 0.00092, 'p_swap': 0.85, 'w0': 0.952, 'protocol': ('d2', 'd3', 'd3', 's2', 'd3', 's1', 'd0', 'd0', 's0'), 't_trunc': 6948816}
INFO:root:Protocol ('d2', 'd3', 'd3', 's2', 'd3', 's1', 'd0', 'd0', 's0'),	 r = 5.483260883959524e-05

INFO:root:

Generating a protocol with gamma=0.06450539680434, eta=0.15967395203430756, tau=0.9432377131835061, kappa=0
INFO:root:Protocol generated: ('s2', 's1', 's0')
INFO:root:Already evaluated protocol, returning cached result
INFO:root:

Generating a protocol with gamma=0.0, eta=-0.7158789563808017, tau=0.0, kappa=12
INFO:root:Protocol generated: ('d2', 'd2', 'd2', 'd2', 's2', 'd1', 'd1', 'd1', 'd1', 's1', 'd0', 'd0', 'd0', 'd0', 's0')
INFO:root:Already evaluated protocol, returning cached result
INFO:root:

Generating a protocol with gamma=0.0, eta=-0.41978754627765236, tau=0.3139854774221338, kappa=7
INFO:root:Protocol generated: ('d2', 'd2', 's2', 'd1', 'd3', 'd3', 's1', 'd0', 'd0', 's0')
INFO:root:
(85/100) Running: {'t_coh': 1400000, 'p_gen': 0.00092, 'p_swap': 0.85, 'w0': 0.952, 'protocol': ('d2', 'd2', 's2', 'd1', 'd3', 'd3', 's1', 'd0', 'd0', 's0'), 't_trunc': 7941504}
INFO:root:Protocol ('d2', 'd2', 's2', 'd1', 'd3', 'd3', 's1', 'd0', 'd0', 's0'),	 r = 5.142018989257941e-05

INFO:root:

Generating a protocol with gamma=0.8184656784596276, eta=-0.7053488154496281, tau=0.6430278196918287, kappa=3
INFO:root:Protocol generated: ('d1', 's0', 'd1', 's1', 'd3', 's2')
INFO:root:
(86/100) Running: {'t_coh': 1400000, 'p_gen': 0.00092, 'p_swap': 0.85, 'w0': 0.952, 'protocol': ('d1', 's0', 'd1', 's1', 'd3', 's2'), 't_trunc': 3970752}
INFO:root:Protocol ('d1', 's0', 'd1', 's1', 'd3', 's2'),	 r = 5.2702590916023535e-05

INFO:root:

Generating a protocol with gamma=0.9424057640879929, eta=0.05901180754596291, tau=0.15550049986998943, kappa=6
INFO:root:Protocol generated: ('s0', 'd2', 'd2', 's2', 'd1', 'd1', 'd3', 'd3', 's1')
INFO:root:
(87/100) Running: {'t_coh': 1400000, 'p_gen': 0.00092, 'p_swap': 0.85, 'w0': 0.952, 'protocol': ('s0', 'd2', 'd2', 's2', 'd1', 'd1', 'd3', 'd3', 's1'), 't_trunc': 6948816}
INFO:root:Protocol ('s0', 'd2', 'd2', 's2', 'd1', 'd1', 'd3', 'd3', 's1'),	 r = 6.200658710148329e-05

INFO:root:

Generating a protocol with gamma=0.02086693118516804, eta=0.194087992235084, tau=0.2396378471163374, kappa=3
INFO:root:Protocol generated: ('d2', 'd3', 's2', 'd1', 's1', 's0')
INFO:root:
(88/100) Running: {'t_coh': 1400000, 'p_gen': 0.00092, 'p_swap': 0.85, 'w0': 0.952, 'protocol': ('d2', 'd3', 's2', 'd1', 's1', 's0'), 't_trunc': 3970752}
INFO:root:Protocol ('d2', 'd3', 's2', 'd1', 's1', 's0'),	 r = 5.5854063080270354e-05

INFO:root:

Generating a protocol with gamma=0.9240348921814387, eta=-0.7346302830646109, tau=0.0, kappa=16
INFO:root:Protocol generated: ('d0', 'd0', 'd0', 'd0', 'd1', 'd1', 'd1', 'd1', 's0', 'd2', 'd2', 'd2', 'd2', 'd3', 'd3', 'd3', 's2', 'd1', 's1')
INFO:root:
(89/100) Running: {'t_coh': 1400000, 'p_gen': 0.00092, 'p_swap': 0.85, 'w0': 0.952, 'protocol': ('d0', 'd0', 'd0', 'd0', 'd1', 'd1', 'd1', 'd1', 's0', 'd2', 'd2', 'd2', 'd2', 'd3', 'd3', 'd3', 's2', 'd1', 's1'), 't_trunc': 16875695}
INFO:root:Protocol ('d0', 'd0', 'd0', 'd0', 'd1', 'd1', 'd1', 'd1', 's0', 'd2', 'd2', 'd2', 'd2', 'd3', 'd3', 'd3', 's2', 'd1', 's1'),	 r = 6.528876630860638e-05

INFO:root:

Generating a protocol with gamma=0.0581134908739251, eta=-0.44992553792566525, tau=0.1363338890224594, kappa=11
INFO:root:Protocol generated: ('d2', 'd2', 'd3', 's2', 'd1', 'd1', 'd1', 'd1', 's1', 'd0', 'd0', 'd0', 'd0', 's0')
INFO:root:
(90/100) Running: {'t_coh': 1400000, 'p_gen': 0.00092, 'p_swap': 0.85, 'w0': 0.952, 'protocol': ('d2', 'd2', 'd3', 's2', 'd1', 'd1', 'd1', 'd1', 's1', 'd0', 'd0', 'd0', 'd0', 's0'), 't_trunc': 11912256}
INFO:root:Protocol ('d2', 'd2', 'd3', 's2', 'd1', 'd1', 'd1', 'd1', 's1', 'd0', 'd0', 'd0', 'd0', 's0'),	 r = 6.708088977630276e-05

INFO:root:

Generating a protocol with gamma=0.5615565165993426, eta=-0.9369352909420687, tau=0.5086607373550466, kappa=28
INFO:root:Protocol generated: ('d1', 'd1', 'd1', 'd1', 'd2', 'd2', 'd2', 'd2', 's1', 'd0', 'd0', 'd0', 'd0', 'd2', 'd2', 'd2', 'd2', 's0', 'd2', 'd2', 'd2', 'd2', 'd3', 'd3', 'd3', 'd3', 's2', 'd3', 'd3', 'd3', 'd3')
INFO:root:
(91/100) Running: {'t_coh': 1400000, 'p_gen': 0.00092, 'p_swap': 0.85, 'w0': 0.952, 'protocol': ('d1', 'd1', 'd1', 'd1', 'd2', 'd2', 'd2', 'd2', 's1', 'd0', 'd0', 'd0', 'd0', 'd2', 'd2', 'd2', 'd2', 's0', 'd2', 'd2', 'd2', 'd2', 'd3', 'd3', 'd3', 'd3', 's2', 'd3', 'd3', 'd3', 'd3'), 't_trunc': 28787951}
