Running distillation with optimizer gp...
/home/l/lorenzo-la/.local/lib/python3.10/site-packages/matplotlib/projections/__init__.py:63: UserWarning: Unable to import Axes3D. This may be due to multiple versions of Matplotlib being installed (e.g. as a system package and as a pip package). As a result, the 3D projection is not available.
  warnings.warn("Unable to import Axes3D. This may be due to multiple versions of "

A module that was compiled using NumPy 1.x cannot be run in
NumPy 2.0.0 as it may crash. To support both 1.x and 2.x
versions of NumPy, modules must be compiled with NumPy 2.0.
Some module may need to rebuild instead e.g. with 'pybind11>=2.12'.

If you are a user of the module, the easiest solution will be to
downgrade to 'numpy<2' or try to upgrade the affected module.
We expect that some modules will need time to support NumPy 2.

Traceback (most recent call last):  File "/home/l/lorenzo-la/experiments/cluster-sim-1/gp_asymmetric.py", line 18, in <module>
    from gp_plots import plot_optimization_process
  File "/home/l/lorenzo-la/experiments/cluster-sim-1/gp_plots.py", line 34, in <module>
    import pandas as pd
  File "/home/l/lorenzo-la/.local/lib/python3.10/site-packages/pandas/__init__.py", line 49, in <module>
    from pandas.core.api import (
  File "/home/l/lorenzo-la/.local/lib/python3.10/site-packages/pandas/core/api.py", line 28, in <module>
    from pandas.core.arrays import Categorical
  File "/home/l/lorenzo-la/.local/lib/python3.10/site-packages/pandas/core/arrays/__init__.py", line 1, in <module>
    from pandas.core.arrays.arrow import ArrowExtensionArray
  File "/home/l/lorenzo-la/.local/lib/python3.10/site-packages/pandas/core/arrays/arrow/__init__.py", line 5, in <module>
    from pandas.core.arrays.arrow.array import ArrowExtensionArray
  File "/home/l/lorenzo-la/.local/lib/python3.10/site-packages/pandas/core/arrays/arrow/array.py", line 50, in <module>
    from pandas.core import (
  File "/home/l/lorenzo-la/.local/lib/python3.10/site-packages/pandas/core/ops/__init__.py", line 8, in <module>
    from pandas.core.ops.array_ops import (
  File "/home/l/lorenzo-la/.local/lib/python3.10/site-packages/pandas/core/ops/array_ops.py", line 56, in <module>
    from pandas.core.computation import expressions
  File "/home/l/lorenzo-la/.local/lib/python3.10/site-packages/pandas/core/computation/expressions.py", line 21, in <module>
    from pandas.core.computation.check import NUMEXPR_INSTALLED
  File "/home/l/lorenzo-la/.local/lib/python3.10/site-packages/pandas/core/computation/check.py", line 5, in <module>
    ne = import_optional_dependency("numexpr", errors="warn")
  File "/home/l/lorenzo-la/.local/lib/python3.10/site-packages/pandas/compat/_optional.py", line 135, in import_optional_dependency
    module = importlib.import_module(name)
  File "/apps/free81/python/3.10.2/lib/python3.10/importlib/__init__.py", line 126, in import_module
    return _bootstrap._gcd_import(name[level:], package, level)
  File "/apps/free81/python/3.10.2/lib/python3.10/site-packages/numexpr/__init__.py", line 24, in <module>
    from numexpr.interpreter import MAX_THREADS, use_vml, __BLOCK_SIZE1__
AttributeError: _ARRAY_API not found
INFO:root:

Number of nodes: 5, max dists: 4
INFO:root:Gaussian process with 100 evaluations and 10 initial points


INFO:root:

Generating a protocol with gamma=0.2245987731482783, eta=-0.8236375321015936, tau=0.4340092253016634, kappa=10
INFO:root:Protocol generated: ('d1', 'd1', 'd2', 'd2', 'd2', 's1', 'd3', 's2', 'd0', 'd0', 'd0', 'd0', 's0')
INFO:root:
(1/100) Running: {'t_coh': 1400000, 'p_gen': 0.00092, 'p_swap': 0.85, 'w0': 0.952, 'protocol': ('d1', 'd1', 'd2', 'd2', 'd2', 's1', 'd3', 's2', 'd0', 'd0', 'd0', 'd0', 's0'), 't_trunc': 1400000}
INFO:root:Protocol ('d1', 'd1', 'd2', 'd2', 'd2', 's1', 'd3', 's2', 'd0', 'd0', 'd0', 'd0', 's0'),	 r = 6.604378495640465e-05

INFO:root:

Generating a protocol with gamma=0.013232341670949669, eta=-0.39602613459117475, tau=0.23437161757548802, kappa=27
INFO:root:Protocol generated: ('d2', 'd2', 'd2', 'd2', 'd3', 'd3', 'd3', 'd3', 's2', 'd1', 'd1', 'd1', 'd1', 'd3', 'd3', 'd3', 'd3', 's1', 'd0', 'd0', 'd0', 'd0', 'd3', 'd3', 'd3', 'd3', 's0', 'd3', 'd3', 'd3')
INFO:root:
(2/100) Running: {'t_coh': 1400000, 'p_gen': 0.00092, 'p_swap': 0.85, 'w0': 0.952, 'protocol': ('d2', 'd2', 'd2', 'd2', 'd3', 'd3', 'd3', 'd3', 's2', 'd1', 'd1', 'd1', 'd1', 'd3', 'd3', 'd3', 'd3', 's1', 'd0', 'd0', 'd0', 'd0', 'd3', 'd3', 'd3', 'd3', 's0', 'd3', 'd3', 'd3'), 't_trunc': 2779526}
INFO:root:Protocol ('d2', 'd2', 'd2', 'd2', 'd3', 'd3', 'd3', 'd3', 's2', 'd1', 'd1', 'd1', 'd1', 'd3', 'd3', 'd3', 'd3', 's1', 'd0', 'd0', 'd0', 'd0', 'd3', 'd3', 'd3', 'd3', 's0', 'd3', 'd3', 'd3'),	 r = 5.286344870827337e-06

INFO:root:

Generating a protocol with gamma=0.16613521645149235, eta=0.4860531043665077, tau=0.5950192621730735, kappa=25
INFO:root:Protocol generated: ('d1', 'd1', 'd1', 'd2', 'd2', 'd2', 'd2', 's1', 'd2', 'd2', 'd2', 'd2', 'd3', 'd3', 's2', 'd0', 'd0', 'd0', 'd0', 'd3', 'd3', 'd3', 'd3', 's0', 'd3', 'd3', 'd3', 'd3')
INFO:root:
(3/100) Running: {'t_coh': 1400000, 'p_gen': 0.00092, 'p_swap': 0.85, 'w0': 0.952, 'protocol': ('d1', 'd1', 'd1', 'd2', 'd2', 'd2', 'd2', 's1', 'd2', 'd2', 'd2', 'd2', 'd3', 'd3', 's2', 'd0', 'd0', 'd0', 'd0', 'd3', 'd3', 'd3', 'd3', 's0', 'd3', 'd3', 'd3', 'd3'), 't_trunc': 2580988}
INFO:root:Protocol ('d1', 'd1', 'd1', 'd2', 'd2', 'd2', 'd2', 's1', 'd2', 'd2', 'd2', 'd2', 'd3', 'd3', 's2', 'd0', 'd0', 'd0', 'd0', 'd3', 'd3', 'd3', 'd3', 's0', 'd3', 'd3', 'd3', 'd3'),	 r = 3.7212566819810553e-06

INFO:root:

Generating a protocol with gamma=0.19091064920618322, eta=0.5825972900990211, tau=0.8125345697709648, kappa=22
INFO:root:Protocol generated: ('d1', 'd1', 'd1', 'd1', 'd2', 'd2', 'd2', 's1', 'd2', 'd2', 'd2', 'd2', 'd3', 'd3', 's2', 'd0', 'd0', 'd0', 'd3', 'd3', 's0', 'd3', 'd3', 'd3', 'd3')
INFO:root:
(4/100) Running: {'t_coh': 1400000, 'p_gen': 0.00092, 'p_swap': 0.85, 'w0': 0.952, 'protocol': ('d1', 'd1', 'd1', 'd1', 'd2', 'd2', 'd2', 's1', 'd2', 'd2', 'd2', 'd2', 'd3', 'd3', 's2', 'd0', 'd0', 'd0', 'd3', 'd3', 's0', 'd3', 'd3', 'd3', 'd3'), 't_trunc': 2283182}
INFO:root:Protocol ('d1', 'd1', 'd1', 'd1', 'd2', 'd2', 'd2', 's1', 'd2', 'd2', 'd2', 'd2', 'd3', 'd3', 's2', 'd0', 'd0', 'd0', 'd3', 'd3', 's0', 'd3', 'd3', 'd3', 'd3'),	 r = 6.838023624869124e-06

INFO:root:

Generating a protocol with gamma=0.6153407402691136, eta=0.9481563359290424, tau=0.9959657698047846, kappa=25
INFO:root:Protocol generated: ('d1', 'd2', 'd2', 'd2', 'd2', 's1', 'd0', 'd0', 'd0', 'd0', 'd2', 'd2', 'd2', 'd2', 's0', 'd2', 'd2', 'd2', 'd2', 'd3', 'd3', 'd3', 'd3', 's2', 'd3', 'd3', 'd3', 'd3')
INFO:root:
(5/100) Running: {'t_coh': 1400000, 'p_gen': 0.00092, 'p_swap': 0.85, 'w0': 0.952, 'protocol': ('d1', 'd2', 'd2', 'd2', 'd2', 's1', 'd0', 'd0', 'd0', 'd0', 'd2', 'd2', 'd2', 'd2', 's0', 'd2', 'd2', 'd2', 'd2', 'd3', 'd3', 'd3', 'd3', 's2', 'd3', 'd3', 'd3', 'd3'), 't_trunc': 2580988}
INFO:root:Protocol ('d1', 'd2', 'd2', 'd2', 'd2', 's1', 'd0', 'd0', 'd0', 'd0', 'd2', 'd2', 'd2', 'd2', 's0', 'd2', 'd2', 'd2', 'd2', 'd3', 'd3', 'd3', 'd3', 's2', 'd3', 'd3', 'd3', 'd3'),	 r = 3.975988853859203e-06

INFO:root:

Generating a protocol with gamma=0.5050095872087681, eta=-0.3471933867772331, tau=0.6874786710002909, kappa=19
INFO:root:Protocol generated: ('d1', 'd1', 'd1', 'd2', 'd2', 'd2', 's1', 'd0', 'd0', 'd0', 'd0', 'd2', 's0', 'd2', 'd3', 'd3', 'd3', 's2', 'd3', 'd3', 'd3', 'd3')
INFO:root:
(6/100) Running: {'t_coh': 1400000, 'p_gen': 0.00092, 'p_swap': 0.85, 'w0': 0.952, 'protocol': ('d1', 'd1', 'd1', 'd2', 'd2', 'd2', 's1', 'd0', 'd0', 'd0', 'd0', 'd2', 's0', 'd2', 'd3', 'd3', 'd3', 's2', 'd3', 'd3', 'd3', 'd3'), 't_trunc': 1985376}
/home/l/lorenzo-la/experiments/cluster-sim-1/utility_functions.py:141: RuntimeWarning: overflow encountered in exp
  rest = c_0 * np.exp(-a * d_0 * t_trunc + b) / a / d_0
INFO:root:Protocol ('d1', 'd1', 'd1', 'd2', 'd2', 'd2', 's1', 'd0', 'd0', 'd0', 'd0', 'd2', 's0', 'd2', 'd3', 'd3', 'd3', 's2', 'd3', 'd3', 'd3', 'd3'),	 r = 0.0

INFO:root:

Generating a protocol with gamma=0.5851651604487, eta=0.14391884401869226, tau=0.4164465005283232, kappa=9
INFO:root:Protocol generated: ('d2', 's1', 'd0', 'd2', 's0', 'd2', 'd3', 'd3', 'd3', 's2', 'd3', 'd3')
INFO:root:
(7/100) Running: {'t_coh': 1400000, 'p_gen': 0.00092, 'p_swap': 0.85, 'w0': 0.952, 'protocol': ('d2', 's1', 'd0', 'd2', 's0', 'd2', 'd3', 'd3', 'd3', 's2', 'd3', 'd3'), 't_trunc': 1400000}
INFO:root:Protocol ('d2', 's1', 'd0', 'd2', 's0', 'd2', 'd3', 'd3', 'd3', 's2', 'd3', 'd3'),	 r = 4.357154149899254e-05

INFO:root:

Generating a protocol with gamma=0.13480377128908785, eta=-0.04268149643894059, tau=0.5645123232298103, kappa=1
INFO:root:Protocol generated: ('s1', 's2', 's0', 'd3')
INFO:root:
(8/100) Running: {'t_coh': 1400000, 'p_gen': 0.00092, 'p_swap': 0.85, 'w0': 0.952, 'protocol': ('s1', 's2', 's0', 'd3'), 't_trunc': 1400000}
INFO:root:Protocol ('s1', 's2', 's0', 'd3'),	 r = 4.963958229448485e-05

INFO:root:

Generating a protocol with gamma=0.48231972116358124, eta=0.4106950025841487, tau=0.938739469395919, kappa=21
INFO:root:Protocol generated: ('d2', 'd2', 'd2', 'd2', 's1', 'd0', 'd0', 'd0', 'd0', 'd2', 'd2', 'd2', 's0', 'd2', 'd2', 'd3', 'd3', 'd3', 'd3', 's2', 'd3', 'd3', 'd3', 'd3')
INFO:root:
(9/100) Running: {'t_coh': 1400000, 'p_gen': 0.00092, 'p_swap': 0.85, 'w0': 0.952, 'protocol': ('d2', 'd2', 'd2', 'd2', 's1', 'd0', 'd0', 'd0', 'd0', 'd2', 'd2', 'd2', 's0', 'd2', 'd2', 'd3', 'd3', 'd3', 'd3', 's2', 'd3', 'd3', 'd3', 'd3'), 't_trunc': 2183913}
/home/l/lorenzo-la/experiments/cluster-sim-1/utility_functions.py:141: RuntimeWarning: overflow encountered in exp
  rest = c_0 * np.exp(-a * d_0 * t_trunc + b) / a / d_0
INFO:root:Protocol ('d2', 'd2', 'd2', 'd2', 's1', 'd0', 'd0', 'd0', 'd0', 'd2', 'd2', 'd2', 's0', 'd2', 'd2', 'd3', 'd3', 'd3', 'd3', 's2', 'd3', 'd3', 'd3', 'd3'),	 r = 0.0

INFO:root:

Generating a protocol with gamma=0.21564909103476665, eta=0.5176998150459993, tau=0.76646911766226, kappa=11
INFO:root:Protocol generated: ('d1', 'd2', 's1', 'd2', 'd2', 'd3', 's2', 'd0', 'd3', 's0', 'd3', 'd3', 'd3', 'd3')
INFO:root:
(10/100) Running: {'t_coh': 1400000, 'p_gen': 0.00092, 'p_swap': 0.85, 'w0': 0.952, 'protocol': ('d1', 'd2', 's1', 'd2', 'd2', 'd3', 's2', 'd0', 'd3', 's0', 'd3', 'd3', 'd3', 'd3'), 't_trunc': 1400000}
INFO:root:Protocol ('d1', 'd2', 's1', 'd2', 'd2', 'd3', 's2', 'd0', 'd3', 's0', 'd3', 'd3', 'd3', 'd3'),	 r = 2.0630937467985572e-05

INFO:root:

Generating a protocol with gamma=0.9637490444753977, eta=-0.9887614389617767, tau=0.9199693309117858, kappa=5
INFO:root:Protocol generated: ('d0', 'd0', 'd0', 'd0', 's0', 's2', 's1', 'd3')
INFO:root:
(11/100) Running: {'t_coh': 1400000, 'p_gen': 0.00092, 'p_swap': 0.85, 'w0': 0.952, 'protocol': ('d0', 'd0', 'd0', 'd0', 's0', 's2', 's1', 'd3'), 't_trunc': 1400000}
INFO:root:Protocol ('d0', 'd0', 'd0', 'd0', 's0', 's2', 's1', 'd3'),	 r = 3.913776579686107e-05

INFO:root:

Generating a protocol with gamma=0.10139568113786576, eta=-1.0, tau=0.0, kappa=6
INFO:root:Protocol generated: ('s2', 'd1', 'd1', 's1', 'd0', 'd0', 'd0', 'd0', 's0')
INFO:root:
(12/100) Running: {'t_coh': 1400000, 'p_gen': 0.00092, 'p_swap': 0.85, 'w0': 0.952, 'protocol': ('s2', 'd1', 'd1', 's1', 'd0', 'd0', 'd0', 'd0', 's0'), 't_trunc': 1400000}
INFO:root:Protocol ('s2', 'd1', 'd1', 's1', 'd0', 'd0', 'd0', 'd0', 's0'),	 r = 5.30988623489562e-05

INFO:root:

Generating a protocol with gamma=0.9951411970252195, eta=-0.9547569067163223, tau=0.2620040399799962, kappa=10
INFO:root:Protocol generated: ('d0', 'd0', 'd0', 'd0', 'd1', 'd1', 's0', 'd2', 'd2', 'd3', 'd3', 's2', 's1')
INFO:root:
(13/100) Running: {'t_coh': 1400000, 'p_gen': 0.00092, 'p_swap': 0.85, 'w0': 0.952, 'protocol': ('d0', 'd0', 'd0', 'd0', 'd1', 'd1', 's0', 'd2', 'd2', 'd3', 'd3', 's2', 's1'), 't_trunc': 1400000}
INFO:root:Protocol ('d0', 'd0', 'd0', 'd0', 'd1', 'd1', 's0', 'd2', 'd2', 'd3', 'd3', 's2', 's1'),	 r = 7.094330258615641e-05

INFO:root:

Generating a protocol with gamma=0.7449822177253764, eta=-1.0, tau=0.0, kappa=12
INFO:root:Protocol generated: ('d0', 'd0', 'd0', 'd0', 'd1', 'd1', 'd1', 'd1', 's0', 'd2', 'd2', 'd2', 'd2', 's1', 's2')
INFO:root:
(14/100) Running: {'t_coh': 1400000, 'p_gen': 0.00092, 'p_swap': 0.85, 'w0': 0.952, 'protocol': ('d0', 'd0', 'd0', 'd0', 'd1', 'd1', 'd1', 'd1', 's0', 'd2', 'd2', 'd2', 'd2', 's1', 's2'), 't_trunc': 1400000}
INFO:root:Protocol ('d0', 'd0', 'd0', 'd0', 'd1', 'd1', 'd1', 'd1', 's0', 'd2', 'd2', 'd2', 'd2', 's1', 's2'),	 r = 5.193669156802359e-05

INFO:root:

Generating a protocol with gamma=0.11375226982645709, eta=-0.9742514129106757, tau=0.40292040429158854, kappa=4
INFO:root:Protocol generated: ('d2', 's2', 'd1', 's1', 'd0', 'd0', 's0')
INFO:root:
(15/100) Running: {'t_coh': 1400000, 'p_gen': 0.00092, 'p_swap': 0.85, 'w0': 0.952, 'protocol': ('d2', 's2', 'd1', 's1', 'd0', 'd0', 's0'), 't_trunc': 1400000}
INFO:root:Protocol ('d2', 's2', 'd1', 's1', 'd0', 'd0', 's0'),	 r = 6.208475783761864e-05

INFO:root:

Generating a protocol with gamma=0.7665176525872863, eta=-0.9875548561673224, tau=0.37604986576408317, kappa=8
INFO:root:Protocol generated: ('d0', 'd0', 'd0', 'd0', 'd1', 's0', 'd2', 's1', 'd3', 'd3', 's2')
INFO:root:
(16/100) Running: {'t_coh': 1400000, 'p_gen': 0.00092, 'p_swap': 0.85, 'w0': 0.952, 'protocol': ('d0', 'd0', 'd0', 'd0', 'd1', 's0', 'd2', 's1', 'd3', 'd3', 's2'), 't_trunc': 1400000}
INFO:root:Protocol ('d0', 'd0', 'd0', 'd0', 'd1', 's0', 'd2', 's1', 'd3', 'd3', 's2'),	 r = 5.463389000729162e-05

INFO:root:

Generating a protocol with gamma=0.999649332528569, eta=-0.8875874608519945, tau=0.13589946441092512, kappa=1
INFO:root:Protocol generated: ('d0', 's0', 's2', 's1')
INFO:root:
(17/100) Running: {'t_coh': 1400000, 'p_gen': 0.00092, 'p_swap': 0.85, 'w0': 0.952, 'protocol': ('d0', 's0', 's2', 's1'), 't_trunc': 1400000}
INFO:root:Protocol ('d0', 's0', 's2', 's1'),	 r = 4.660632466702501e-05

INFO:root:

Generating a protocol with gamma=0.023769468798801596, eta=-0.8621331384984177, tau=0.3558722190614163, kappa=9
INFO:root:Protocol generated: ('d2', 'd2', 'd2', 'd2', 's2', 'd1', 's1', 'd0', 'd0', 'd0', 'd0', 's0')
INFO:root:
(18/100) Running: {'t_coh': 1400000, 'p_gen': 0.00092, 'p_swap': 0.85, 'w0': 0.952, 'protocol': ('d2', 'd2', 'd2', 'd2', 's2', 'd1', 's1', 'd0', 'd0', 'd0', 'd0', 's0'), 't_trunc': 1400000}
INFO:root:Protocol ('d2', 'd2', 'd2', 'd2', 's2', 'd1', 's1', 'd0', 'd0', 'd0', 'd0', 's0'),	 r = 5.002294678069511e-05

INFO:root:

Generating a protocol with gamma=0.3559846981206464, eta=-0.9735081406001209, tau=0.3750843215686396, kappa=4
INFO:root:Protocol generated: ('d1', 'd1', 'd2', 's1', 's2', 'd0', 's0')
INFO:root:
(19/100) Running: {'t_coh': 1400000, 'p_gen': 0.00092, 'p_swap': 0.85, 'w0': 0.952, 'protocol': ('d1', 'd1', 'd2', 's1', 's2', 'd0', 's0'), 't_trunc': 1400000}
INFO:root:Protocol ('d1', 'd1', 'd2', 's1', 's2', 'd0', 's0'),	 r = 5.5826679110530096e-05

INFO:root:

Generating a protocol with gamma=1.0, eta=-0.15884014409995695, tau=0.07311076153420996, kappa=10
INFO:root:Protocol generated: ('d1', 'd1', 'd1', 's0', 'd2', 'd2', 'd2', 'd2', 'd3', 'd3', 'd3', 's2', 's1')
INFO:root:
(20/100) Running: {'t_coh': 1400000, 'p_gen': 0.00092, 'p_swap': 0.85, 'w0': 0.952, 'protocol': ('d1', 'd1', 'd1', 's0', 'd2', 'd2', 'd2', 'd2', 'd3', 'd3', 'd3', 's2', 's1'), 't_trunc': 1400000}
INFO:root:Protocol ('d1', 'd1', 'd1', 's0', 'd2', 'd2', 'd2', 'd2', 'd3', 'd3', 'd3', 's2', 's1'),	 r = 6.080582069719497e-05

INFO:root:

Generating a protocol with gamma=0.006771195632557682, eta=0.290637676717048, tau=0.21381771427709234, kappa=4
INFO:root:Protocol generated: ('d3', 's2', 'd3', 'd3', 'd3', 's1', 's0')
INFO:root:
(21/100) Running: {'t_coh': 1400000, 'p_gen': 0.00092, 'p_swap': 0.85, 'w0': 0.952, 'protocol': ('d3', 's2', 'd3', 'd3', 'd3', 's1', 's0'), 't_trunc': 1400000}
INFO:root:Protocol ('d3', 's2', 'd3', 'd3', 'd3', 's1', 's0'),	 r = 3.406211692461091e-05

INFO:root:

Generating a protocol with gamma=0.0, eta=-1.0, tau=0.08613289462618073, kappa=1
INFO:root:Protocol generated: ('s2', 'd1', 's1', 's0')
INFO:root:
(22/100) Running: {'t_coh': 1400000, 'p_gen': 0.00092, 'p_swap': 0.85, 'w0': 0.952, 'protocol': ('s2', 'd1', 's1', 's0'), 't_trunc': 1400000}
INFO:root:Protocol ('s2', 'd1', 's1', 's0'),	 r = 4.429221140353527e-05

INFO:root:

Generating a protocol with gamma=0.21639136872207818, eta=-1.0, tau=0.994130231280702, kappa=7
INFO:root:Protocol generated: ('d1', 's1', 's2', 'd0', 'd0', 'd0', 'd0', 's0', 'd3', 'd3')
INFO:root:
(23/100) Running: {'t_coh': 1400000, 'p_gen': 0.00092, 'p_swap': 0.85, 'w0': 0.952, 'protocol': ('d1', 's1', 's2', 'd0', 'd0', 'd0', 'd0', 's0', 'd3', 'd3'), 't_trunc': 1400000}
INFO:root:Protocol ('d1', 's1', 's2', 'd0', 'd0', 'd0', 'd0', 's0', 'd3', 'd3'),	 r = 4.4577823186174476e-05

INFO:root:

Generating a protocol with gamma=1.0, eta=-1.0, tau=0.05410012634615915, kappa=16
INFO:root:Protocol generated: ('d0', 'd0', 'd0', 'd0', 'd1', 'd1', 'd1', 'd1', 's0', 'd2', 'd2', 'd2', 'd2', 'd3', 'd3', 'd3', 's2', 'd1', 's1')
INFO:root:
(24/100) Running: {'t_coh': 1400000, 'p_gen': 0.00092, 'p_swap': 0.85, 'w0': 0.952, 'protocol': ('d0', 'd0', 'd0', 'd0', 'd1', 'd1', 'd1', 'd1', 's0', 'd2', 'd2', 'd2', 'd2', 'd3', 'd3', 'd3', 's2', 'd1', 's1'), 't_trunc': 1687569}
INFO:root:Protocol ('d0', 'd0', 'd0', 'd0', 'd1', 'd1', 'd1', 'd1', 's0', 'd2', 'd2', 'd2', 'd2', 'd3', 'd3', 'd3', 's2', 'd1', 's1'),	 r = 6.528876676677513e-05

INFO:root:

Generating a protocol with gamma=1.0, eta=-0.9896250597181854, tau=0.5145444961778017, kappa=15
INFO:root:Protocol generated: ('d0', 'd0', 'd0', 'd0', 'd1', 'd1', 's0', 'd2', 'd2', 'd3', 'd3', 'd3', 'd3', 's2', 'd1', 'd3', 's1', 'd3')
INFO:root:
(25/100) Running: {'t_coh': 1400000, 'p_gen': 0.00092, 'p_swap': 0.85, 'w0': 0.952, 'protocol': ('d0', 'd0', 'd0', 'd0', 'd1', 'd1', 's0', 'd2', 'd2', 'd3', 'd3', 'd3', 'd3', 's2', 'd1', 'd3', 's1', 'd3'), 't_trunc': 1588300}
INFO:root:Protocol ('d0', 'd0', 'd0', 'd0', 'd1', 'd1', 's0', 'd2', 'd2', 'd3', 'd3', 'd3', 'd3', 's2', 'd1', 'd3', 's1', 'd3'),	 r = 5.1904923817841225e-05

INFO:root:

Generating a protocol with gamma=1.0, eta=-1.0, tau=0.0, kappa=10
INFO:root:Protocol generated: ('d0', 'd0', 'd0', 'd0', 'd1', 'd1', 'd1', 'd1', 's0', 'd2', 'd2', 's2', 's1')
INFO:root:
(26/100) Running: {'t_coh': 1400000, 'p_gen': 0.00092, 'p_swap': 0.85, 'w0': 0.952, 'protocol': ('d0', 'd0', 'd0', 'd0', 'd1', 'd1', 'd1', 'd1', 's0', 'd2', 'd2', 's2', 's1'), 't_trunc': 1400000}
INFO:root:Protocol ('d0', 'd0', 'd0', 'd0', 'd1', 'd1', 'd1', 'd1', 's0', 'd2', 'd2', 's2', 's1'),	 r = 5.8393913949298256e-05

INFO:root:

Generating a protocol with gamma=0.9886578358776051, eta=0.6074414617660238, tau=0.008375580201671878, kappa=23
INFO:root:Protocol generated: ('d0', 'd1', 'd1', 's0', 'd2', 'd2', 'd2', 'd2', 'd3', 'd3', 'd3', 'd3', 's2', 'd1', 'd1', 'd1', 'd1', 'd3', 'd3', 'd3', 'd3', 's1', 'd3', 'd3', 'd3', 'd3')
INFO:root:
(27/100) Running: {'t_coh': 1400000, 'p_gen': 0.00092, 'p_swap': 0.85, 'w0': 0.952, 'protocol': ('d0', 'd1', 'd1', 's0', 'd2', 'd2', 'd2', 'd2', 'd3', 'd3', 'd3', 'd3', 's2', 'd1', 'd1', 'd1', 'd1', 'd3', 'd3', 'd3', 'd3', 's1', 'd3', 'd3', 'd3', 'd3'), 't_trunc': 2382451}
INFO:root:Protocol ('d0', 'd1', 'd1', 's0', 'd2', 'd2', 'd2', 'd2', 'd3', 'd3', 'd3', 'd3', 's2', 'd1', 'd1', 'd1', 'd1', 'd3', 'd3', 'd3', 'd3', 's1', 'd3', 'd3', 'd3', 'd3'),	 r = 1.7946876093412783e-05

INFO:root:

Generating a protocol with gamma=0.9883674234921015, eta=0.42267229951354124, tau=0.3978972864929541, kappa=6
INFO:root:Protocol generated: ('d1', 's0', 'd2', 's2', 'd1', 'd1', 'd1', 's1', 'd3')
INFO:root:
(28/100) Running: {'t_coh': 1400000, 'p_gen': 0.00092, 'p_swap': 0.85, 'w0': 0.952, 'protocol': ('d1', 's0', 'd2', 's2', 'd1', 'd1', 'd1', 's1', 'd3'), 't_trunc': 1400000}
INFO:root:Protocol ('d1', 's0', 'd2', 's2', 'd1', 'd1', 'd1', 's1', 'd3'),	 r = 4.4251487071786265e-05

INFO:root:

Generating a protocol with gamma=0.33826401811890905, eta=-0.9757020115128804, tau=0.19740665328506396, kappa=10
INFO:root:Protocol generated: ('d1', 'd1', 'd2', 'd2', 'd2', 'd2', 's1', 's2', 'd0', 'd0', 'd0', 'd0', 's0')
INFO:root:
(29/100) Running: {'t_coh': 1400000, 'p_gen': 0.00092, 'p_swap': 0.85, 'w0': 0.952, 'protocol': ('d1', 'd1', 'd2', 'd2', 'd2', 'd2', 's1', 's2', 'd0', 'd0', 'd0', 'd0', 's0'), 't_trunc': 1400000}
INFO:root:Protocol ('d1', 'd1', 'd2', 'd2', 'd2', 'd2', 's1', 's2', 'd0', 'd0', 'd0', 'd0', 's0'),	 r = 5.369847132828002e-05

INFO:root:

Generating a protocol with gamma=0.967340865854805, eta=-0.7271997778861534, tau=0.23806656210621724, kappa=12
INFO:root:Protocol generated: ('d0', 'd0', 'd0', 'd0', 'd1', 'd1', 'd1', 's0', 'd2', 'd2', 'd3', 's2', 'd1', 'd1', 's1')
INFO:root:
(30/100) Running: {'t_coh': 1400000, 'p_gen': 0.00092, 'p_swap': 0.85, 'w0': 0.952, 'protocol': ('d0', 'd0', 'd0', 'd0', 'd1', 'd1', 'd1', 's0', 'd2', 'd2', 'd3', 's2', 'd1', 'd1', 's1'), 't_trunc': 1400000}
INFO:root:Protocol ('d0', 'd0', 'd0', 'd0', 'd1', 'd1', 'd1', 's0', 'd2', 'd2', 'd3', 's2', 'd1', 'd1', 's1'),	 r = 4.809418672138279e-05

INFO:root:

Generating a protocol with gamma=0.03048862602033269, eta=-1.0, tau=0.4942595347478808, kappa=0
INFO:root:Protocol generated: ('s2', 's1', 's0')
INFO:root:
(31/100) Running: {'t_coh': 1400000, 'p_gen': 0.00092, 'p_swap': 0.85, 'w0': 0.952, 'protocol': ('s2', 's1', 's0'), 't_trunc': 1400000}
INFO:root:Protocol ('s2', 's1', 's0'),	 r = 3.658884511089947e-05

INFO:root:

Generating a protocol with gamma=0.963061671251066, eta=-0.8544782472083275, tau=0.9612759635080705, kappa=10
INFO:root:Protocol generated: ('d0', 'd0', 'd0', 'd0', 'd1', 'd1', 's0', 'd3', 's2', 'd3', 's1', 'd3', 'd3')
INFO:root:
(32/100) Running: {'t_coh': 1400000, 'p_gen': 0.00092, 'p_swap': 0.85, 'w0': 0.952, 'protocol': ('d0', 'd0', 'd0', 'd0', 'd1', 'd1', 's0', 'd3', 's2', 'd3', 's1', 'd3', 'd3'), 't_trunc': 1400000}
INFO:root:Protocol ('d0', 'd0', 'd0', 'd0', 'd1', 'd1', 's0', 'd3', 's2', 'd3', 's1', 'd3', 'd3'),	 r = 4.853774670236055e-05

INFO:root:

Generating a protocol with gamma=0.7718516073589539, eta=-1.0, tau=0.26167412845228394, kappa=1
INFO:root:Protocol generated: ('d0', 's0', 's1', 's2')
INFO:root:
(33/100) Running: {'t_coh': 1400000, 'p_gen': 0.00092, 'p_swap': 0.85, 'w0': 0.952, 'protocol': ('d0', 's0', 's1', 's2'), 't_trunc': 1400000}
INFO:root:Protocol ('d0', 's0', 's1', 's2'),	 r = 4.217208166732157e-05

INFO:root:

Generating a protocol with gamma=0.038170913280817335, eta=-0.9772683678379172, tau=0.056909793842218566, kappa=15
INFO:root:Protocol generated: ('d2', 'd2', 'd2', 'd2', 'd3', 's2', 'd1', 'd1', 'd1', 'd1', 'd3', 's1', 'd0', 'd0', 'd0', 'd0', 'd3', 's0')
INFO:root:
(34/100) Running: {'t_coh': 1400000, 'p_gen': 0.00092, 'p_swap': 0.85, 'w0': 0.952, 'protocol': ('d2', 'd2', 'd2', 'd2', 'd3', 's2', 'd1', 'd1', 'd1', 'd1', 'd3', 's1', 'd0', 'd0', 'd0', 'd0', 'd3', 's0'), 't_trunc': 1588300}
INFO:root:Protocol ('d2', 'd2', 'd2', 'd2', 'd3', 's2', 'd1', 'd1', 'd1', 'd1', 'd3', 's1', 'd0', 'd0', 'd0', 'd0', 'd3', 's0'),	 r = 4.842615153491152e-05

INFO:root:

Generating a protocol with gamma=1.0, eta=-0.9229857295235053, tau=0.0, kappa=20
INFO:root:Protocol generated: ('d0', 'd0', 'd0', 'd0', 'd1', 'd1', 'd1', 'd1', 's0', 'd2', 'd2', 'd2', 'd2', 'd3', 'd3', 'd3', 'd3', 's2', 'd1', 'd3', 'd3', 's1', 'd3')
INFO:root:
(35/100) Running: {'t_coh': 1400000, 'p_gen': 0.00092, 'p_swap': 0.85, 'w0': 0.952, 'protocol': ('d0', 'd0', 'd0', 'd0', 'd1', 'd1', 'd1', 'd1', 's0', 'd2', 'd2', 'd2', 'd2', 'd3', 'd3', 'd3', 'd3', 's2', 'd1', 'd3', 'd3', 's1', 'd3'), 't_trunc': 2084644}
INFO:root:Protocol ('d0', 'd0', 'd0', 'd0', 'd1', 'd1', 'd1', 'd1', 's0', 'd2', 'd2', 'd2', 'd2', 'd3', 'd3', 'd3', 'd3', 's2', 'd1', 'd3', 'd3', 's1', 'd3'),	 r = 4.641932788078614e-05

INFO:root:

Generating a protocol with gamma=0.9757655670447669, eta=-0.6463347233312084, tau=0.4351849966782119, kappa=10
INFO:root:Protocol generated: ('d0', 'd0', 'd0', 'd0', 'd1', 'd1', 'd1', 's0', 'd2', 'd2', 's2', 's1', 'd3')
INFO:root:
(36/100) Running: {'t_coh': 1400000, 'p_gen': 0.00092, 'p_swap': 0.85, 'w0': 0.952, 'protocol': ('d0', 'd0', 'd0', 'd0', 'd1', 'd1', 'd1', 's0', 'd2', 'd2', 's2', 's1', 'd3'), 't_trunc': 1400000}
INFO:root:Protocol ('d0', 'd0', 'd0', 'd0', 'd1', 'd1', 'd1', 's0', 'd2', 'd2', 's2', 's1', 'd3'),	 r = 5.3818847617936524e-05

INFO:root:

Generating a protocol with gamma=0.08187928997692859, eta=-1.0, tau=0.7526407289990914, kappa=12
INFO:root:Protocol generated: ('d2', 'd2', 'd3', 's2', 'd1', 's1', 'd0', 'd0', 'd0', 'd0', 'd3', 'd3', 's0', 'd3', 'd3')
INFO:root:
(37/100) Running: {'t_coh': 1400000, 'p_gen': 0.00092, 'p_swap': 0.85, 'w0': 0.952, 'protocol': ('d2', 'd2', 'd3', 's2', 'd1', 's1', 'd0', 'd0', 'd0', 'd0', 'd3', 'd3', 's0', 'd3', 'd3'), 't_trunc': 1400000}
INFO:root:Protocol ('d2', 'd2', 'd3', 's2', 'd1', 's1', 'd0', 'd0', 'd0', 'd0', 'd3', 'd3', 's0', 'd3', 'd3'),	 r = 3.855805185037877e-05

INFO:root:

Generating a protocol with gamma=0.35132726159563654, eta=-0.5106692138472891, tau=0.3837865813592781, kappa=6
INFO:root:Protocol generated: ('d1', 'd2', 's1', 'd2', 'd3', 's2', 'd0', 'd0', 's0')
INFO:root:
(38/100) Running: {'t_coh': 1400000, 'p_gen': 0.00092, 'p_swap': 0.85, 'w0': 0.952, 'protocol': ('d1', 'd2', 's1', 'd2', 'd3', 's2', 'd0', 'd0', 's0'), 't_trunc': 1400000}
INFO:root:Protocol ('d1', 'd2', 's1', 'd2', 'd3', 's2', 'd0', 'd0', 's0'),	 r = 6.651261192978812e-05

INFO:root:

Generating a protocol with gamma=0.8223384053343046, eta=-0.32216590868898876, tau=0.01441020557441152, kappa=6
INFO:root:Protocol generated: ('d1', 's0', 'd2', 'd2', 'd2', 'd2', 's1', 'd3', 's2')
INFO:root:
(39/100) Running: {'t_coh': 1400000, 'p_gen': 0.00092, 'p_swap': 0.85, 'w0': 0.952, 'protocol': ('d1', 's0', 'd2', 'd2', 'd2', 'd2', 's1', 'd3', 's2'), 't_trunc': 1400000}
INFO:root:Protocol ('d1', 's0', 'd2', 'd2', 'd2', 'd2', 's1', 'd3', 's2'),	 r = 5.0161300050009486e-05

INFO:root:

Generating a protocol with gamma=0.05930402002193129, eta=-0.5526452958549064, tau=0.5311481503156639, kappa=4
INFO:root:Protocol generated: ('s2', 'd1', 's1', 'd0', 'd0', 'd0', 's0')
INFO:root:
(40/100) Running: {'t_coh': 1400000, 'p_gen': 0.00092, 'p_swap': 0.85, 'w0': 0.952, 'protocol': ('s2', 'd1', 's1', 'd0', 'd0', 'd0', 's0'), 't_trunc': 1400000}
INFO:root:Protocol ('s2', 'd1', 's1', 'd0', 'd0', 'd0', 's0'),	 r = 5.431126944401373e-05

INFO:root:

Generating a protocol with gamma=0.37811667404049565, eta=-0.6508097153999381, tau=0.574158878282138, kappa=8
INFO:root:Protocol generated: ('d1', 'd2', 's1', 'd0', 'd0', 'd0', 's0', 'd2', 'd3', 's2', 'd3')
INFO:root:
(41/100) Running: {'t_coh': 1400000, 'p_gen': 0.00092, 'p_swap': 0.85, 'w0': 0.952, 'protocol': ('d1', 'd2', 's1', 'd0', 'd0', 'd0', 's0', 'd2', 'd3', 's2', 'd3'), 't_trunc': 1400000}
INFO:root:Protocol ('d1', 'd2', 's1', 'd0', 'd0', 'd0', 's0', 'd2', 'd3', 's2', 'd3'),	 r = 4.974372024728105e-05

INFO:root:

Generating a protocol with gamma=0.312007463286192, eta=-0.41893165739842053, tau=0.019572268304273315, kappa=4
INFO:root:Protocol generated: ('d1', 'd1', 'd1', 'd1', 's1', 's2', 's0')
INFO:root:
(42/100) Running: {'t_coh': 1400000, 'p_gen': 0.00092, 'p_swap': 0.85, 'w0': 0.952, 'protocol': ('d1', 'd1', 'd1', 'd1', 's1', 's2', 's0'), 't_trunc': 1400000}
INFO:root:Protocol ('d1', 'd1', 'd1', 'd1', 's1', 's2', 's0'),	 r = 3.016564203945308e-05

INFO:root:

Generating a protocol with gamma=0.0, eta=-1.0, tau=0.44057765253222636, kappa=6
INFO:root:Protocol generated: ('d2', 's2', 'd1', 'd1', 'd3', 's1', 'd0', 'd0', 's0')
INFO:root:
(43/100) Running: {'t_coh': 1400000, 'p_gen': 0.00092, 'p_swap': 0.85, 'w0': 0.952, 'protocol': ('d2', 's2', 'd1', 'd1', 'd3', 's1', 'd0', 'd0', 's0'), 't_trunc': 1400000}
INFO:root:Protocol ('d2', 's2', 'd1', 'd1', 'd3', 's1', 'd0', 'd0', 's0'),	 r = 6.856261910404365e-05

INFO:root:

Generating a protocol with gamma=1.0, eta=0.722148609557985, tau=0.0, kappa=16
INFO:root:Protocol generated: ('s0', 'd3', 'd3', 'd3', 'd3', 's2', 'd1', 'd1', 'd1', 'd1', 'd3', 'd3', 'd3', 'd3', 's1', 'd3', 'd3', 'd3', 'd3')
INFO:root:
(44/100) Running: {'t_coh': 1400000, 'p_gen': 0.00092, 'p_swap': 0.85, 'w0': 0.952, 'protocol': ('s0', 'd3', 'd3', 'd3', 'd3', 's2', 'd1', 'd1', 'd1', 'd1', 'd3', 'd3', 'd3', 'd3', 's1', 'd3', 'd3', 'd3', 'd3'), 't_trunc': 1687569}
INFO:root:Protocol ('s0', 'd3', 'd3', 'd3', 'd3', 's2', 'd1', 'd1', 'd1', 'd1', 'd3', 'd3', 'd3', 'd3', 's1', 'd3', 'd3', 'd3', 'd3'),	 r = 1.633381781265956e-05

INFO:root:

Generating a protocol with gamma=0.8207571387028991, eta=0.9105632620784319, tau=0.9767035399012807, kappa=0
INFO:root:Protocol generated: ('s0', 's1', 's2')
INFO:root:
(45/100) Running: {'t_coh': 1400000, 'p_gen': 0.00092, 'p_swap': 0.85, 'w0': 0.952, 'protocol': ('s0', 's1', 's2'), 't_trunc': 1400000}
INFO:root:Protocol ('s0', 's1', 's2'),	 r = 3.658884511090346e-05

INFO:root:

Generating a protocol with gamma=0.968395975124962, eta=0.8285013117897051, tau=0.13577533497295505, kappa=0
INFO:root:Protocol generated: ('s0', 's2', 's1')
INFO:root:
(46/100) Running: {'t_coh': 1400000, 'p_gen': 0.00092, 'p_swap': 0.85, 'w0': 0.952, 'protocol': ('s0', 's2', 's1'), 't_trunc': 1400000}
INFO:root:Protocol ('s0', 's2', 's1'),	 r = 3.923047025063862e-05

INFO:root:

Generating a protocol with gamma=0.0, eta=-0.9559111748355549, tau=0.33373545493199164, kappa=5
INFO:root:Protocol generated: ('d3', 's2', 'd1', 'd1', 's1', 'd0', 'd3', 's0')
INFO:root:
(47/100) Running: {'t_coh': 1400000, 'p_gen': 0.00092, 'p_swap': 0.85, 'w0': 0.952, 'protocol': ('d3', 's2', 'd1', 'd1', 's1', 'd0', 'd3', 's0'), 't_trunc': 1400000}
INFO:root:Protocol ('d3', 's2', 'd1', 'd1', 's1', 'd0', 'd3', 's0'),	 r = 5.81719906130147e-05

INFO:root:

Generating a protocol with gamma=1.0, eta=-1.0, tau=0.1497716690066459, kappa=10
INFO:root:Protocol generated: ('d0', 'd0', 'd0', 'd0', 'd1', 'd1', 'd1', 'd1', 's0', 'd2', 'd2', 's2', 's1')
INFO:root:Already evaluated protocol, returning cached result
INFO:root:

Generating a protocol with gamma=0.0, eta=-0.27731464017907903, tau=0.4090905944159427, kappa=3
INFO:root:Protocol generated: ('d3', 's2', 'd1', 's1', 'd0', 's0')
INFO:root:
(49/100) Running: {'t_coh': 1400000, 'p_gen': 0.00092, 'p_swap': 0.85, 'w0': 0.952, 'protocol': ('d3', 's2', 'd1', 's1', 'd0', 's0'), 't_trunc': 1400000}
INFO:root:Protocol ('d3', 's2', 'd1', 's1', 'd0', 's0'),	 r = 5.872229852354378e-05

INFO:root:

Generating a protocol with gamma=0.0, eta=-0.6205311529676216, tau=0.45541724249601045, kappa=7
INFO:root:Protocol generated: ('d3', 's2', 'd1', 'd3', 's1', 'd0', 'd0', 's0', 'd3', 'd3')
INFO:root:
(50/100) Running: {'t_coh': 1400000, 'p_gen': 0.00092, 'p_swap': 0.85, 'w0': 0.952, 'protocol': ('d3', 's2', 'd1', 'd3', 's1', 'd0', 'd0', 's0', 'd3', 'd3'), 't_trunc': 1400000}
INFO:root:Protocol ('d3', 's2', 'd1', 'd3', 's1', 'd0', 'd0', 's0', 'd3', 'd3'),	 r = 5.00806959177901e-05

INFO:root:

Generating a protocol with gamma=0.8094050946031105, eta=-0.2907756516724255, tau=0.3855557551819898, kappa=2
INFO:root:Protocol generated: ('d0', 's0', 'd2', 's1', 's2')
INFO:root:
(51/100) Running: {'t_coh': 1400000, 'p_gen': 0.00092, 'p_swap': 0.85, 'w0': 0.952, 'protocol': ('d0', 's0', 'd2', 's1', 's2'), 't_trunc': 1400000}
INFO:root:Protocol ('d0', 's0', 'd2', 's1', 's2'),	 r = 4.984710640757826e-05

INFO:root:

Generating a protocol with gamma=1.0, eta=-1.0, tau=0.21985668784914014, kappa=17
INFO:root:Protocol generated: ('d0', 'd0', 'd0', 'd0', 'd1', 'd1', 'd1', 'd1', 's0', 'd2', 'd2', 'd2', 'd2', 'd3', 'd3', 'd3', 'd3', 's2', 'd3', 's1')
INFO:root:
(52/100) Running: {'t_coh': 1400000, 'p_gen': 0.00092, 'p_swap': 0.85, 'w0': 0.952, 'protocol': ('d0', 'd0', 'd0', 'd0', 'd1', 'd1', 'd1', 'd1', 's0', 'd2', 'd2', 'd2', 'd2', 'd3', 'd3', 'd3', 'd3', 's2', 'd3', 's1'), 't_trunc': 1786838}
INFO:root:Protocol ('d0', 'd0', 'd0', 'd0', 'd1', 'd1', 'd1', 'd1', 's0', 'd2', 'd2', 'd2', 'd2', 'd3', 'd3', 'd3', 'd3', 's2', 'd3', 's1'),	 r = 6.620592794039912e-05

INFO:root:

Generating a protocol with gamma=0.9662259726081484, eta=0.729992625462196, tau=0.0, kappa=9
INFO:root:Protocol generated: ('s0', 's2', 'd1', 'd1', 'd3', 'd3', 'd3', 'd3', 's1', 'd3', 'd3', 'd3')
INFO:root:
(53/100) Running: {'t_coh': 1400000, 'p_gen': 0.00092, 'p_swap': 0.85, 'w0': 0.952, 'protocol': ('s0', 's2', 'd1', 'd1', 'd3', 'd3', 'd3', 'd3', 's1', 'd3', 'd3', 'd3'), 't_trunc': 1400000}
INFO:root:Protocol ('s0', 's2', 'd1', 'd1', 'd3', 'd3', 'd3', 'd3', 's1', 'd3', 'd3', 'd3'),	 r = 3.408157986722846e-05

INFO:root:

Generating a protocol with gamma=1.0, eta=-0.8804348764777836, tau=0.0, kappa=11
INFO:root:Protocol generated: ('d0', 'd0', 'd0', 'd0', 'd1', 'd1', 'd1', 'd1', 's0', 'd2', 'd2', 'd2', 's2', 's1')
INFO:root:
(54/100) Running: {'t_coh': 1400000, 'p_gen': 0.00092, 'p_swap': 0.85, 'w0': 0.952, 'protocol': ('d0', 'd0', 'd0', 'd0', 'd1', 'd1', 'd1', 'd1', 's0', 'd2', 'd2', 'd2', 's2', 's1'), 't_trunc': 1400000}
INFO:root:Protocol ('d0', 'd0', 'd0', 'd0', 'd1', 'd1', 'd1', 'd1', 's0', 'd2', 'd2', 'd2', 's2', 's1'),	 r = 5.9499905611189637e-05

INFO:root:

Generating a protocol with gamma=0.9953606648516342, eta=-0.5322635553731734, tau=0.6874196760507689, kappa=9
INFO:root:Protocol generated: ('d0', 'd0', 'd0', 'd0', 's0', 'd2', 'd3', 'd3', 's2', 's1', 'd3', 'd3')
INFO:root:
(55/100) Running: {'t_coh': 1400000, 'p_gen': 0.00092, 'p_swap': 0.85, 'w0': 0.952, 'protocol': ('d0', 'd0', 'd0', 'd0', 's0', 'd2', 'd3', 'd3', 's2', 's1', 'd3', 'd3'), 't_trunc': 1400000}
INFO:root:Protocol ('d0', 'd0', 'd0', 'd0', 's0', 'd2', 'd3', 'd3', 's2', 's1', 'd3', 'd3'),	 r = 4.3476598447792795e-05

INFO:root:

Generating a protocol with gamma=0.010890943953134506, eta=-0.17497142028162482, tau=0.014480048554568203, kappa=4
INFO:root:Protocol generated: ('d2', 'd2', 'd2', 'd2', 's2', 's1', 's0')
INFO:root:
(56/100) Running: {'t_coh': 1400000, 'p_gen': 0.00092, 'p_swap': 0.85, 'w0': 0.952, 'protocol': ('d2', 'd2', 'd2', 'd2', 's2', 's1', 's0'), 't_trunc': 1400000}
INFO:root:Protocol ('d2', 'd2', 'd2', 'd2', 's2', 's1', 's0'),	 r = 3.0165642039451965e-05

INFO:root:

Generating a protocol with gamma=0.8441711522544971, eta=-1.0, tau=0.4791538064598524, kappa=6
INFO:root:Protocol generated: ('d0', 'd0', 'd1', 'd1', 's0', 'd1', 'd2', 's1', 's2')
INFO:root:
(57/100) Running: {'t_coh': 1400000, 'p_gen': 0.00092, 'p_swap': 0.85, 'w0': 0.952, 'protocol': ('d0', 'd0', 'd1', 'd1', 's0', 'd1', 'd2', 's1', 's2'), 't_trunc': 1400000}
INFO:root:Protocol ('d0', 'd0', 'd1', 'd1', 's0', 'd1', 'd2', 's1', 's2'),	 r = 4.9012162608911976e-05

INFO:root:

Generating a protocol with gamma=0.22755529579571399, eta=-1.0, tau=0.4810338016799433, kappa=8
INFO:root:Protocol generated: ('d1', 'd1', 'd2', 'd2', 's1', 's2', 'd0', 'd0', 'd0', 's0', 'd3')
INFO:root:
(58/100) Running: {'t_coh': 1400000, 'p_gen': 0.00092, 'p_swap': 0.85, 'w0': 0.952, 'protocol': ('d1', 'd1', 'd2', 'd2', 's1', 's2', 'd0', 'd0', 'd0', 's0', 'd3'), 't_trunc': 1400000}
INFO:root:Protocol ('d1', 'd1', 'd2', 'd2', 's1', 's2', 'd0', 'd0', 'd0', 's0', 'd3'),	 r = 5.622071831248665e-05

INFO:root:

Generating a protocol with gamma=0.400947732408893, eta=-1.0, tau=0.4343681840943182, kappa=12
INFO:root:Protocol generated: ('d1', 'd1', 'd2', 's1', 'd0', 'd0', 'd0', 'd0', 's0', 'd2', 'd2', 'd3', 'd3', 's2', 'd3')
INFO:root:
(59/100) Running: {'t_coh': 1400000, 'p_gen': 0.00092, 'p_swap': 0.85, 'w0': 0.952, 'protocol': ('d1', 'd1', 'd2', 's1', 'd0', 'd0', 'd0', 'd0', 's0', 'd2', 'd2', 'd3', 'd3', 's2', 'd3'), 't_trunc': 1400000}
INFO:root:Protocol ('d1', 'd1', 'd2', 's1', 'd0', 'd0', 'd0', 'd0', 's0', 'd2', 'd2', 'd3', 'd3', 's2', 'd3'),	 r = 3.9319220834681305e-05

INFO:root:

Generating a protocol with gamma=0.07704043322124246, eta=-0.7904626172459709, tau=0.8443263090950557, kappa=16
INFO:root:Protocol generated: ('d2', 'd2', 's2', 'd1', 'd1', 'd1', 'd1', 'd3', 'd3', 's1', 'd0', 'd0', 'd0', 'd0', 'd3', 's0', 'd3', 'd3', 'd3')
INFO:root:
(60/100) Running: {'t_coh': 1400000, 'p_gen': 0.00092, 'p_swap': 0.85, 'w0': 0.952, 'protocol': ('d2', 'd2', 's2', 'd1', 'd1', 'd1', 'd1', 'd3', 'd3', 's1', 'd0', 'd0', 'd0', 'd0', 'd3', 's0', 'd3', 'd3', 'd3'), 't_trunc': 1687569}
INFO:root:Protocol ('d2', 'd2', 's2', 'd1', 'd1', 'd1', 'd1', 'd3', 'd3', 's1', 'd0', 'd0', 'd0', 'd0', 'd3', 's0', 'd3', 'd3', 'd3'),	 r = 2.7249329416450985e-05

INFO:root:

Generating a protocol with gamma=0.5643465507412075, eta=-1.0, tau=0.052269209906669584, kappa=17
INFO:root:Protocol generated: ('d1', 'd1', 'd1', 'd1', 'd2', 'd2', 'd2', 'd2', 's1', 'd0', 'd0', 'd0', 'd0', 'd2', 's0', 'd3', 'd3', 'd3', 'd3', 's2')
INFO:root:
(61/100) Running: {'t_coh': 1400000, 'p_gen': 0.00092, 'p_swap': 0.85, 'w0': 0.952, 'protocol': ('d1', 'd1', 'd1', 'd1', 'd2', 'd2', 'd2', 'd2', 's1', 'd0', 'd0', 'd0', 'd0', 'd2', 's0', 'd3', 'd3', 'd3', 'd3', 's2'), 't_trunc': 1786838}
INFO:root:Protocol ('d1', 'd1', 'd1', 'd1', 'd2', 'd2', 'd2', 'd2', 's1', 'd0', 'd0', 'd0', 'd0', 'd2', 's0', 'd3', 'd3', 'd3', 'd3', 's2'),	 r = 5.9160609975057155e-05

INFO:root:

Generating a protocol with gamma=1.0, eta=-1.0, tau=0.2382085898876605, kappa=16
INFO:root:Protocol generated: ('d0', 'd0', 'd0', 'd0', 'd1', 'd1', 'd1', 'd1', 's0', 'd2', 'd2', 'd2', 'd2', 'd3', 'd3', 'd3', 's2', 'd3', 's1')
INFO:root:
(62/100) Running: {'t_coh': 1400000, 'p_gen': 0.00092, 'p_swap': 0.85, 'w0': 0.952, 'protocol': ('d0', 'd0', 'd0', 'd0', 'd1', 'd1', 'd1', 'd1', 's0', 'd2', 'd2', 'd2', 'd2', 'd3', 'd3', 'd3', 's2', 'd3', 's1'), 't_trunc': 1687569}
INFO:root:Protocol ('d0', 'd0', 'd0', 'd0', 'd1', 'd1', 'd1', 'd1', 's0', 'd2', 'd2', 'd2', 'd2', 'd3', 'd3', 'd3', 's2', 'd3', 's1'),	 r = 6.790705209677047e-05

INFO:root:

Generating a protocol with gamma=0.736583006076026, eta=-0.7835002892972265, tau=0.46414819568615623, kappa=6
INFO:root:Protocol generated: ('d0', 'd0', 'd0', 'd0', 'd1', 'd1', 's0', 's1', 's2')
INFO:root:
(63/100) Running: {'t_coh': 1400000, 'p_gen': 0.00092, 'p_swap': 0.85, 'w0': 0.952, 'protocol': ('d0', 'd0', 'd0', 'd0', 'd1', 'd1', 's0', 's1', 's2'), 't_trunc': 1400000}
INFO:root:Protocol ('d0', 'd0', 'd0', 'd0', 'd1', 'd1', 's0', 's1', 's2'),	 r = 3.986645436214654e-05

INFO:root:

Generating a protocol with gamma=0.976049843832685, eta=-0.555941311081246, tau=0.01690246096859627, kappa=6
INFO:root:Protocol generated: ('d0', 'd1', 'd1', 'd1', 'd1', 's0', 'd2', 's2', 's1')
INFO:root:
(64/100) Running: {'t_coh': 1400000, 'p_gen': 0.00092, 'p_swap': 0.85, 'w0': 0.952, 'protocol': ('d0', 'd1', 'd1', 'd1', 'd1', 's0', 'd2', 's2', 's1'), 't_trunc': 1400000}
INFO:root:Protocol ('d0', 'd1', 'd1', 'd1', 'd1', 's0', 'd2', 's2', 's1'),	 r = 5.083311893358879e-05

INFO:root:

Generating a protocol with gamma=0.8772831049879642, eta=-0.07808224197983049, tau=0.33887443356219343, kappa=14
INFO:root:Protocol generated: ('d0', 'd0', 'd0', 'd1', 'd1', 'd1', 's0', 'd3', 'd3', 'd3', 'd3', 's2', 'd1', 'd1', 'd3', 's1', 'd3')
INFO:root:
(65/100) Running: {'t_coh': 1400000, 'p_gen': 0.00092, 'p_swap': 0.85, 'w0': 0.952, 'protocol': ('d0', 'd0', 'd0', 'd1', 'd1', 'd1', 's0', 'd3', 'd3', 'd3', 'd3', 's2', 'd1', 'd1', 'd3', 's1', 'd3'), 't_trunc': 1489032}
INFO:root:Protocol ('d0', 'd0', 'd0', 'd1', 'd1', 'd1', 's0', 'd3', 'd3', 'd3', 'd3', 's2', 'd1', 'd1', 'd3', 's1', 'd3'),	 r = 4.45915617125102e-05

INFO:root:

Generating a protocol with gamma=0.12133731784160565, eta=-0.26212226610444345, tau=0.9928635528706944, kappa=5
INFO:root:Protocol generated: ('s2', 'd3', 's1', 'd0', 'd0', 's0', 'd3', 'd3')
INFO:root:
(66/100) Running: {'t_coh': 1400000, 'p_gen': 0.00092, 'p_swap': 0.85, 'w0': 0.952, 'protocol': ('s2', 'd3', 's1', 'd0', 'd0', 's0', 'd3', 'd3'), 't_trunc': 1400000}
INFO:root:Protocol ('s2', 'd3', 's1', 'd0', 'd0', 's0', 'd3', 'd3'),	 r = 4.966949681004389e-05

INFO:root:

Generating a protocol with gamma=1.0, eta=-0.9310646230425365, tau=0.19604814142088214, kappa=13
INFO:root:Protocol generated: ('d0', 'd0', 'd0', 'd0', 'd1', 'd1', 'd1', 'd1', 's0', 'd2', 'd2', 'd2', 'd3', 'd3', 's2', 's1')
INFO:root:
(67/100) Running: {'t_coh': 1400000, 'p_gen': 0.00092, 'p_swap': 0.85, 'w0': 0.952, 'protocol': ('d0', 'd0', 'd0', 'd0', 'd1', 'd1', 'd1', 'd1', 's0', 'd2', 'd2', 'd2', 'd3', 'd3', 's2', 's1'), 't_trunc': 1400000}
INFO:root:Protocol ('d0', 'd0', 'd0', 'd0', 'd1', 'd1', 'd1', 'd1', 's0', 'd2', 'd2', 'd2', 'd3', 'd3', 's2', 's1'),	 r = 7.199226402009967e-05

INFO:root:

Generating a protocol with gamma=0.8789690205911129, eta=-0.8614990444252109, tau=0.40977441831603095, kappa=12
INFO:root:Protocol generated: ('d0', 'd0', 'd0', 'd0', 'd1', 'd1', 'd1', 's0', 'd3', 'd3', 's2', 'd1', 'd1', 'd1', 's1')
INFO:root:
(68/100) Running: {'t_coh': 1400000, 'p_gen': 0.00092, 'p_swap': 0.85, 'w0': 0.952, 'protocol': ('d0', 'd0', 'd0', 'd0', 'd1', 'd1', 'd1', 's0', 'd3', 'd3', 's2', 'd1', 'd1', 'd1', 's1'), 't_trunc': 1400000}
INFO:root:Protocol ('d0', 'd0', 'd0', 'd0', 'd1', 'd1', 'd1', 's0', 'd3', 'd3', 's2', 'd1', 'd1', 'd1', 's1'),	 r = 3.4732971253187284e-05

INFO:root:

Generating a protocol with gamma=0.0, eta=-0.7960515956701107, tau=0.0, kappa=10
INFO:root:Protocol generated: ('d2', 'd2', 's2', 'd1', 'd1', 'd1', 'd1', 's1', 'd0', 'd0', 'd0', 'd0', 's0')
INFO:root:
(69/100) Running: {'t_coh': 1400000, 'p_gen': 0.00092, 'p_swap': 0.85, 'w0': 0.952, 'protocol': ('d2', 'd2', 's2', 'd1', 'd1', 'd1', 'd1', 's1', 'd0', 'd0', 'd0', 'd0', 's0'), 't_trunc': 1400000}
INFO:root:Protocol ('d2', 'd2', 's2', 'd1', 'd1', 'd1', 'd1', 's1', 'd0', 'd0', 'd0', 'd0', 's0'),	 r = 5.9784779225981485e-05

INFO:root:

Generating a protocol with gamma=0.35098407483707234, eta=-0.2824000218251014, tau=0.42129188119408156, kappa=2
INFO:root:Protocol generated: ('d1', 's1', 's2', 'd0', 's0')
INFO:root:
(70/100) Running: {'t_coh': 1400000, 'p_gen': 0.00092, 'p_swap': 0.85, 'w0': 0.952, 'protocol': ('d1', 's1', 's2', 'd0', 's0'), 't_trunc': 1400000}
INFO:root:Protocol ('d1', 's1', 's2', 'd0', 's0'),	 r = 5.1026244174680545e-05

INFO:root:

Generating a protocol with gamma=1.0, eta=-1.0, tau=0.13980734733977232, kappa=16
INFO:root:Protocol generated: ('d0', 'd0', 'd0', 'd0', 'd1', 'd1', 'd1', 'd1', 's0', 'd2', 'd2', 'd2', 'd2', 'd3', 'd3', 's2', 'd1', 'd3', 's1')
INFO:root:
(71/100) Running: {'t_coh': 1400000, 'p_gen': 0.00092, 'p_swap': 0.85, 'w0': 0.952, 'protocol': ('d0', 'd0', 'd0', 'd0', 'd1', 'd1', 'd1', 'd1', 's0', 'd2', 'd2', 'd2', 'd2', 'd3', 'd3', 's2', 'd1', 'd3', 's1'), 't_trunc': 1687569}
INFO:root:Protocol ('d0', 'd0', 'd0', 'd0', 'd1', 'd1', 'd1', 'd1', 's0', 'd2', 'd2', 'd2', 'd2', 'd3', 'd3', 's2', 'd1', 'd3', 's1'),	 r = 6.251208855903112e-05

INFO:root:

Generating a protocol with gamma=0.6306192914187856, eta=-0.5644417906983898, tau=0.3566358163413349, kappa=2
INFO:root:Protocol generated: ('d0', 's0', 's1', 'd3', 's2')
INFO:root:
(72/100) Running: {'t_coh': 1400000, 'p_gen': 0.00092, 'p_swap': 0.85, 'w0': 0.952, 'protocol': ('d0', 's0', 's1', 'd3', 's2'), 't_trunc': 1400000}
INFO:root:Protocol ('d0', 's0', 's1', 'd3', 's2'),	 r = 5.102624417468103e-05

INFO:root:

Generating a protocol with gamma=0.15727798035607624, eta=-0.8226484975857313, tau=0.6496591349633323, kappa=2
INFO:root:Protocol generated: ('d1', 's1', 's2', 'd0', 's0')
INFO:root:Already evaluated protocol, returning cached result
INFO:root:

Generating a protocol with gamma=0.9733117855472706, eta=-0.2942167654648532, tau=0.0, kappa=11
INFO:root:Protocol generated: ('d1', 'd1', 'd1', 's0', 'd2', 'd2', 'd2', 'd2', 'd3', 'd3', 'd3', 'd3', 's2', 's1')
INFO:root:
(74/100) Running: {'t_coh': 1400000, 'p_gen': 0.00092, 'p_swap': 0.85, 'w0': 0.952, 'protocol': ('d1', 'd1', 'd1', 's0', 'd2', 'd2', 'd2', 'd2', 'd3', 'd3', 'd3', 'd3', 's2', 's1'), 't_trunc': 1400000}
INFO:root:Protocol ('d1', 'd1', 'd1', 's0', 'd2', 'd2', 'd2', 'd2', 'd3', 'd3', 'd3', 'd3', 's2', 's1'),	 r = 5.9499905611189874e-05

INFO:root:

Generating a protocol with gamma=0.22125956653355572, eta=-0.23118978065512674, tau=0.28114578377712585, kappa=6
INFO:root:Protocol generated: ('d1', 'd2', 's1', 'd2', 'd3', 's2', 'd0', 'd0', 's0')
INFO:root:Already evaluated protocol, returning cached result
INFO:root:

Generating a protocol with gamma=1.0, eta=-1.0, tau=0.26323542555035906, kappa=7
INFO:root:Protocol generated: ('d0', 'd0', 'd0', 'd1', 'd1', 'd1', 'd1', 's0', 's2', 's1')
INFO:root:
(76/100) Running: {'t_coh': 1400000, 'p_gen': 0.00092, 'p_swap': 0.85, 'w0': 0.952, 'protocol': ('d0', 'd0', 'd0', 'd1', 'd1', 'd1', 'd1', 's0', 's2', 's1'), 't_trunc': 1400000}
INFO:root:Protocol ('d0', 'd0', 'd0', 'd1', 'd1', 'd1', 'd1', 's0', 's2', 's1'),	 r = 4.921599860589803e-05

INFO:root:

Generating a protocol with gamma=0.2564292347685696, eta=-0.40128905647842417, tau=0.3053599844798402, kappa=10
INFO:root:Protocol generated: ('d1', 'd1', 'd2', 'd2', 's1', 'd3', 's2', 'd0', 'd0', 'd0', 'd0', 'd3', 's0')
INFO:root:
(77/100) Running: {'t_coh': 1400000, 'p_gen': 0.00092, 'p_swap': 0.85, 'w0': 0.952, 'protocol': ('d1', 'd1', 'd2', 'd2', 's1', 'd3', 's2', 'd0', 'd0', 'd0', 'd0', 'd3', 's0'), 't_trunc': 1400000}
INFO:root:Protocol ('d1', 'd1', 'd2', 'd2', 's1', 'd3', 's2', 'd0', 'd0', 'd0', 'd0', 'd3', 's0'),	 r = 6.501680718743423e-05

INFO:root:

Generating a protocol with gamma=0.22183503369664895, eta=-0.2246140018455871, tau=0.41281995946332467, kappa=8
INFO:root:Protocol generated: ('d2', 'd2', 'd2', 's1', 'd2', 's2', 'd0', 'd3', 's0', 'd3', 'd3')
INFO:root:
(78/100) Running: {'t_coh': 1400000, 'p_gen': 0.00092, 'p_swap': 0.85, 'w0': 0.952, 'protocol': ('d2', 'd2', 'd2', 's1', 'd2', 's2', 'd0', 'd3', 's0', 'd3', 'd3'), 't_trunc': 1400000}
INFO:root:Protocol ('d2', 'd2', 'd2', 's1', 'd2', 's2', 'd0', 'd3', 's0', 'd3', 'd3'),	 r = 2.595168075503827e-05

INFO:root:

Generating a protocol with gamma=1.0, eta=-1.0, tau=0.21070324228236453, kappa=14
INFO:root:Protocol generated: ('d0', 'd0', 'd0', 'd0', 'd1', 'd1', 'd1', 'd1', 's0', 'd2', 'd2', 'd2', 'd3', 'd3', 's2', 'd1', 's1')
INFO:root:
(79/100) Running: {'t_coh': 1400000, 'p_gen': 0.00092, 'p_swap': 0.85, 'w0': 0.952, 'protocol': ('d0', 'd0', 'd0', 'd0', 'd1', 'd1', 'd1', 'd1', 's0', 'd2', 'd2', 'd2', 'd3', 'd3', 's2', 'd1', 's1'), 't_trunc': 1489032}
INFO:root:Protocol ('d0', 'd0', 'd0', 'd0', 'd1', 'd1', 'd1', 'd1', 's0', 'd2', 'd2', 'd2', 'd3', 'd3', 's2', 'd1', 's1'),	 r = 6.220057510492112e-05

INFO:root:

Generating a protocol with gamma=0.8611965899035533, eta=-0.05455508012174792, tau=0.14260566920091608, kappa=13
INFO:root:Protocol generated: ('d0', 'd1', 'd1', 'd1', 'd1', 's0', 'd2', 'd2', 'd2', 'd2', 's1', 'd3', 'd3', 'd3', 'd3', 's2')
INFO:root:
(80/100) Running: {'t_coh': 1400000, 'p_gen': 0.00092, 'p_swap': 0.85, 'w0': 0.952, 'protocol': ('d0', 'd1', 'd1', 'd1', 'd1', 's0', 'd2', 'd2', 'd2', 'd2', 's1', 'd3', 'd3', 'd3', 'd3', 's2'), 't_trunc': 1400000}
INFO:root:Protocol ('d0', 'd1', 'd1', 'd1', 'd1', 's0', 'd2', 'd2', 'd2', 'd2', 's1', 'd3', 'd3', 'd3', 'd3', 's2'),	 r = 6.328595790593334e-05

INFO:root:

Generating a protocol with gamma=0.06848993032155552, eta=-0.48748067875652423, tau=0.3251816935591483, kappa=7
INFO:root:Protocol generated: ('s2', 'd1', 'd1', 'd1', 's1', 'd0', 'd0', 'd0', 's0', 'd3')
INFO:root:
(81/100) Running: {'t_coh': 1400000, 'p_gen': 0.00092, 'p_swap': 0.85, 'w0': 0.952, 'protocol': ('s2', 'd1', 'd1', 'd1', 's1', 'd0', 'd0', 'd0', 's0', 'd3'), 't_trunc': 1400000}
INFO:root:Protocol ('s2', 'd1', 'd1', 'd1', 's1', 'd0', 'd0', 'd0', 's0', 'd3'),	 r = 5.3368131404085036e-05

INFO:root:

Generating a protocol with gamma=0.08791197335437011, eta=0.6112270163226392, tau=0.49288559061981485, kappa=10
INFO:root:Protocol generated: ('d3', 'd3', 's2', 'd1', 'd3', 'd3', 'd3', 'd3', 's1', 'd3', 'd3', 's0', 'd3')
INFO:root:
(82/100) Running: {'t_coh': 1400000, 'p_gen': 0.00092, 'p_swap': 0.85, 'w0': 0.952, 'protocol': ('d3', 'd3', 's2', 'd1', 'd3', 'd3', 'd3', 'd3', 's1', 'd3', 'd3', 's0', 'd3'), 't_trunc': 1400000}
INFO:root:Protocol ('d3', 'd3', 's2', 'd1', 'd3', 'd3', 'd3', 'd3', 's1', 'd3', 'd3', 's0', 'd3'),	 r = 1.5553247264699274e-05

INFO:root:

Generating a protocol with gamma=0.11418056431133682, eta=-0.31686987940716516, tau=0.26615474295670133, kappa=2
INFO:root:Protocol generated: ('s2', 'd1', 'd1', 's1', 's0')
INFO:root:
(83/100) Running: {'t_coh': 1400000, 'p_gen': 0.00092, 'p_swap': 0.85, 'w0': 0.952, 'protocol': ('s2', 'd1', 'd1', 's1', 's0'), 't_trunc': 1400000}
INFO:root:Protocol ('s2', 'd1', 'd1', 's1', 's0'),	 r = 4.5081707908929424e-05

INFO:root:

Generating a protocol with gamma=0.010060101836030776, eta=-0.2745505214738464, tau=0.15945656474615674, kappa=8
INFO:root:Protocol generated: ('d2', 'd2', 'd2', 'd2', 'd3', 's2', 's1', 'd0', 'd0', 'd0', 's0')
INFO:root:
(84/100) Running: {'t_coh': 1400000, 'p_gen': 0.00092, 'p_swap': 0.85, 'w0': 0.952, 'protocol': ('d2', 'd2', 'd2', 'd2', 'd3', 's2', 's1', 'd0', 'd0', 'd0', 's0'), 't_trunc': 1400000}
INFO:root:Protocol ('d2', 'd2', 'd2', 'd2', 'd3', 's2', 's1', 'd0', 'd0', 'd0', 's0'),	 r = 4.9729617285060386e-05

INFO:root:

Generating a protocol with gamma=0.9543359550836694, eta=-0.4456229231940052, tau=0.2911242549620612, kappa=10
INFO:root:Protocol generated: ('d0', 'd0', 'd0', 'd0', 'd1', 'd1', 'd1', 'd1', 's0', 'd2', 'd3', 's2', 's1')
INFO:root:
(85/100) Running: {'t_coh': 1400000, 'p_gen': 0.00092, 'p_swap': 0.85, 'w0': 0.952, 'protocol': ('d0', 'd0', 'd0', 'd0', 'd1', 'd1', 'd1', 'd1', 's0', 'd2', 'd3', 's2', 's1'), 't_trunc': 1400000}
INFO:root:Protocol ('d0', 'd0', 'd0', 'd0', 'd1', 'd1', 'd1', 'd1', 's0', 'd2', 'd3', 's2', 's1'),	 r = 6.165742241974925e-05

INFO:root:

Generating a protocol with gamma=0.953729604417001, eta=-0.25975357112375996, tau=0.21387155716019468, kappa=8
INFO:root:Protocol generated: ('d0', 'd0', 'd0', 'd1', 'd1', 'd1', 's0', 's2', 'd1', 'd3', 's1')
INFO:root:
(86/100) Running: {'t_coh': 1400000, 'p_gen': 0.00092, 'p_swap': 0.85, 'w0': 0.952, 'protocol': ('d0', 'd0', 'd0', 'd1', 'd1', 'd1', 's0', 's2', 'd1', 'd3', 's1'), 't_trunc': 1400000}
INFO:root:Protocol ('d0', 'd0', 'd0', 'd1', 'd1', 'd1', 's0', 's2', 'd1', 'd3', 's1'),	 r = 5.785017528004677e-05

INFO:root:

Generating a protocol with gamma=0.7267951811966957, eta=-0.4798715808508023, tau=0.4441630862396288, kappa=8
INFO:root:Protocol generated: ('d0', 'd0', 'd0', 'd1', 'd1', 's0', 'd2', 'd2', 's1', 'd3', 's2')
INFO:root:
(87/100) Running: {'t_coh': 1400000, 'p_gen': 0.00092, 'p_swap': 0.85, 'w0': 0.952, 'protocol': ('d0', 'd0', 'd0', 'd1', 'd1', 's0', 'd2', 'd2', 's1', 'd3', 's2'), 't_trunc': 1400000}
INFO:root:Protocol ('d0', 'd0', 'd0', 'd1', 'd1', 's0', 'd2', 'd2', 's1', 'd3', 's2'),	 r = 6.491113977805994e-05

INFO:root:

Generating a protocol with gamma=0.0, eta=-0.8218598686777723, tau=0.5407198100138794, kappa=9
INFO:root:Protocol generated: ('d3', 's2', 'd1', 'd1', 'd3', 's1', 'd0', 'd0', 'd0', 'd3', 's0', 'd3')
INFO:root:
(88/100) Running: {'t_coh': 1400000, 'p_gen': 0.00092, 'p_swap': 0.85, 'w0': 0.952, 'protocol': ('d3', 's2', 'd1', 'd1', 'd3', 's1', 'd0', 'd0', 'd0', 'd3', 's0', 'd3'), 't_trunc': 1400000}
INFO:root:Protocol ('d3', 's2', 'd1', 'd1', 'd3', 's1', 'd0', 'd0', 'd0', 'd3', 's0', 'd3'),	 r = 5.400287128235795e-05

INFO:root:

Generating a protocol with gamma=1.0, eta=-1.0, tau=0.3844165463952657, kappa=21
INFO:root:Protocol generated: ('d0', 'd0', 'd0', 'd0', 'd1', 'd1', 'd1', 'd1', 's0', 'd2', 'd2', 'd2', 'd2', 'd3', 'd3', 'd3', 's2', 'd1', 'd1', 'd1', 'd1', 'd3', 's1', 'd3')
INFO:root:
(89/100) Running: {'t_coh': 1400000, 'p_gen': 0.00092, 'p_swap': 0.85, 'w0': 0.952, 'protocol': ('d0', 'd0', 'd0', 'd0', 'd1', 'd1', 'd1', 'd1', 's0', 'd2', 'd2', 'd2', 'd2', 'd3', 'd3', 'd3', 's2', 'd1', 'd1', 'd1', 'd1', 'd3', 's1', 'd3'), 't_trunc': 2183913}
INFO:root:Protocol ('d0', 'd0', 'd0', 'd0', 'd1', 'd1', 'd1', 'd1', 's0', 'd2', 'd2', 'd2', 'd2', 'd3', 'd3', 'd3', 's2', 'd1', 'd1', 'd1', 'd1', 'd3', 's1', 'd3'),	 r = 3.3682133689498464e-05

INFO:root:

Generating a protocol with gamma=0.9641022927636046, eta=-0.08516679402948957, tau=0.019878876340851285, kappa=18
INFO:root:Protocol generated: ('d0', 'd0', 'd0', 'd0', 'd1', 'd1', 'd1', 'd1', 's0', 'd2', 'd2', 'd2', 'd2', 'd3', 'd3', 'd3', 'd3', 's2', 'd1', 'd1', 's1')
INFO:root:
(90/100) Running: {'t_coh': 1400000, 'p_gen': 0.00092, 'p_swap': 0.85, 'w0': 0.952, 'protocol': ('d0', 'd0', 'd0', 'd0', 'd1', 'd1', 'd1', 'd1', 's0', 'd2', 'd2', 'd2', 'd2', 'd3', 'd3', 'd3', 'd3', 's2', 'd1', 'd1', 's1'), 't_trunc': 1886107}
INFO:root:Protocol ('d0', 'd0', 'd0', 'd0', 'd1', 'd1', 'd1', 'd1', 's0', 'd2', 'd2', 'd2', 'd2', 'd3', 'd3', 'd3', 'd3', 's2', 'd1', 'd1', 's1'),	 r = 5.714699964721585e-05

INFO:root:

Generating a protocol with gamma=1.0, eta=-0.28644575792204086, tau=0.404800390976295, kappa=5
INFO:root:Protocol generated: ('d0', 'd0', 'd0', 'd0', 's0', 'd2', 's2', 's1')
INFO:root:
(91/100) Running: {'t_coh': 1400000, 'p_gen': 0.00092, 'p_swap': 0.85, 'w0': 0.952, 'protocol': ('d0', 'd0', 'd0', 'd0', 's0', 'd2', 's2', 's1'), 't_trunc': 1400000}
INFO:root:Protocol ('d0', 'd0', 'd0', 'd0', 's0', 'd2', 's2', 's1'),	 r = 4.333904698110844e-05

INFO:root:

Generating a protocol with gamma=0.8697823326682349, eta=-0.8762504047645763, tau=0.22812474404134925, kappa=18
INFO:root:Protocol generated: ('d0', 'd0', 'd0', 'd0', 'd1', 'd1', 'd1', 'd1', 's0', 'd2', 'd2', 'd2', 'd2', 's1', 'd2', 'd3', 'd3', 'd3', 'd3', 's2', 'd3')
INFO:root:
(92/100) Running: {'t_coh': 1400000, 'p_gen': 0.00092, 'p_swap': 0.85, 'w0': 0.952, 'protocol': ('d0', 'd0', 'd0', 'd0', 'd1', 'd1', 'd1', 'd1', 's0', 'd2', 'd2', 'd2', 'd2', 's1', 'd2', 'd3', 'd3', 'd3', 'd3', 's2', 'd3'), 't_trunc': 1886107}
INFO:root:Protocol ('d0', 'd0', 'd0', 'd0', 'd1', 'd1', 'd1', 'd1', 's0', 'd2', 'd2', 'd2', 'd2', 's1', 'd2', 'd3', 'd3', 'd3', 'd3', 's2', 'd3'),	 r = 4.506325654493431e-05

INFO:root:

Generating a protocol with gamma=0.0, eta=-0.7645985640880448, tau=0.3754213895418997, kappa=11
INFO:root:Protocol generated: ('d3', 's2', 'd1', 'd1', 'd1', 'd1', 's1', 'd0', 'd0', 'd0', 'd0', 'd3', 's0', 'd3')
INFO:root:
(93/100) Running: {'t_coh': 1400000, 'p_gen': 0.00092, 'p_swap': 0.85, 'w0': 0.952, 'protocol': ('d3', 's2', 'd1', 'd1', 'd1', 'd1', 's1', 'd0', 'd0', 'd0', 'd0', 'd3', 's0', 'd3'), 't_trunc': 1400000}
INFO:root:Protocol ('d3', 's2', 'd1', 'd1', 'd1', 'd1', 's1', 'd0', 'd0', 'd0', 'd0', 'd3', 's0', 'd3'),	 r = 4.729698942499859e-05

INFO:root:

Generating a protocol with gamma=0.9777668283118603, eta=-0.8383162048399554, tau=0.12979046692445034, kappa=10
INFO:root:Protocol generated: ('d0', 'd0', 'd0', 'd0', 'd1', 'd1', 'd1', 'd1', 's0', 'd2', 'd3', 's2', 's1')
INFO:root:Already evaluated protocol, returning cached result
INFO:root:

Generating a protocol with gamma=0.5362542878796347, eta=-0.5294072795730429, tau=0.32378450518969826, kappa=10
INFO:root:Protocol generated: ('d1', 'd1', 'd1', 'd2', 's1', 'd0', 'd0', 'd2', 'd2', 's0', 'd2', 'd3', 's2')
INFO:root:
(95/100) Running: {'t_coh': 1400000, 'p_gen': 0.00092, 'p_swap': 0.85, 'w0': 0.952, 'protocol': ('d1', 'd1', 'd1', 'd2', 's1', 'd0', 'd0', 'd2', 'd2', 's0', 'd2', 'd3', 's2'), 't_trunc': 1400000}
INFO:root:Protocol ('d1', 'd1', 'd1', 'd2', 's1', 'd0', 'd0', 'd2', 'd2', 's0', 'd2', 'd3', 's2'),	 r = 3.7318718480945716e-05

INFO:root:

Generating a protocol with gamma=0.0, eta=-0.43103559962509164, tau=0.4170199058201577, kappa=4
INFO:root:Protocol generated: ('d2', 'd3', 's2', 'd1', 's1', 'd0', 's0')
INFO:root:
(96/100) Running: {'t_coh': 1400000, 'p_gen': 0.00092, 'p_swap': 0.85, 'w0': 0.952, 'protocol': ('d2', 'd3', 's2', 'd1', 's1', 'd0', 's0'), 't_trunc': 1400000}
INFO:root:Protocol ('d2', 'd3', 's2', 'd1', 's1', 'd0', 's0'),	 r = 6.471805481712763e-05

INFO:root:

Generating a protocol with gamma=0.9349638356078789, eta=-0.3398752963044879, tau=0.2429955726604799, kappa=13
INFO:root:Protocol generated: ('d0', 'd0', 'd0', 'd0', 'd1', 'd1', 'd1', 's0', 'd2', 'd2', 'd2', 'd2', 'd3', 's2', 'd1', 's1')
INFO:root:
(97/100) Running: {'t_coh': 1400000, 'p_gen': 0.00092, 'p_swap': 0.85, 'w0': 0.952, 'protocol': ('d0', 'd0', 'd0', 'd0', 'd1', 'd1', 'd1', 's0', 'd2', 'd2', 'd2', 'd2', 'd3', 's2', 'd1', 's1'), 't_trunc': 1400000}
INFO:root:Protocol ('d0', 'd0', 'd0', 'd0', 'd1', 'd1', 'd1', 's0', 'd2', 'd2', 'd2', 'd2', 'd3', 's2', 'd1', 's1'),	 r = 5.971029405558241e-05

INFO:root:

Generating a protocol with gamma=0.9359398264643043, eta=0.09812523645101745, tau=0.14414438267290022, kappa=20
INFO:root:Protocol generated: ('d1', 'd1', 'd1', 'd1', 's0', 'd2', 'd2', 'd2', 'd2', 'd3', 'd3', 'd3', 'd3', 's2', 'd1', 'd1', 'd1', 'd1', 'd3', 'd3', 'd3', 's1', 'd3')
INFO:root:
(98/100) Running: {'t_coh': 1400000, 'p_gen': 0.00092, 'p_swap': 0.85, 'w0': 0.952, 'protocol': ('d1', 'd1', 'd1', 'd1', 's0', 'd2', 'd2', 'd2', 'd2', 'd3', 'd3', 'd3', 'd3', 's2', 'd1', 'd1', 'd1', 'd1', 'd3', 'd3', 'd3', 's1', 'd3'), 't_trunc': 2084644}
INFO:root:Protocol ('d1', 'd1', 'd1', 'd1', 's0', 'd2', 'd2', 'd2', 'd2', 'd3', 'd3', 'd3', 'd3', 's2', 'd1', 'd1', 'd1', 'd1', 'd3', 'd3', 'd3', 's1', 'd3'),	 r = 3.1796300420254224e-05

INFO:root:

Generating a protocol with gamma=0.9144102091314189, eta=-0.05186686549969255, tau=0.21569687657052522, kappa=8
INFO:root:Protocol generated: ('d0', 'd1', 's0', 'd2', 'd2', 'd2', 'd3', 'd3', 's2', 'd1', 's1')
INFO:root:
(99/100) Running: {'t_coh': 1400000, 'p_gen': 0.00092, 'p_swap': 0.85, 'w0': 0.952, 'protocol': ('d0', 'd1', 's0', 'd2', 'd2', 'd2', 'd3', 'd3', 's2', 'd1', 's1'), 't_trunc': 1400000}
INFO:root:Protocol ('d0', 'd1', 's0', 'd2', 'd2', 'd2', 'd3', 'd3', 's2', 'd1', 's1'),	 r = 7.46914204983811e-05

INFO:root:

Generating a protocol with gamma=0.023698496517548157, eta=-0.06024491851585456, tau=0.2455230326609117, kappa=4
INFO:root:Protocol generated: ('d3', 's2', 'd3', 's1', 'd0', 'd0', 's0')
INFO:root:
(100/100) Running: {'t_coh': 1400000, 'p_gen': 0.00092, 'p_swap': 0.85, 'w0': 0.952, 'protocol': ('d3', 's2', 'd3', 's1', 'd0', 'd0', 's0'), 't_trunc': 1400000}
INFO:root:Protocol ('d3', 's2', 'd3', 's1', 'd0', 'd0', 's0'),	 r = 5.696227064379321e-05

INFO:root:
Best results: (np.float64(7.46914204983811e-05), ('d0', 'd1', 's0', 'd2', 'd2', 'd2', 'd3', 'd3', 's2', 'd1', 's1'))

real	83m39.569s
user	91m47.161s
sys	7m56.743s
Running distillation with optimizer gp...
/home/l/lorenzo-la/.local/lib/python3.10/site-packages/matplotlib/projections/__init__.py:63: UserWarning: Unable to import Axes3D. This may be due to multiple versions of Matplotlib being installed (e.g. as a system package and as a pip package). As a result, the 3D projection is not available.
  warnings.warn("Unable to import Axes3D. This may be due to multiple versions of "

A module that was compiled using NumPy 1.x cannot be run in
NumPy 2.0.0 as it may crash. To support both 1.x and 2.x
versions of NumPy, modules must be compiled with NumPy 2.0.
Some module may need to rebuild instead e.g. with 'pybind11>=2.12'.

If you are a user of the module, the easiest solution will be to
downgrade to 'numpy<2' or try to upgrade the affected module.
We expect that some modules will need time to support NumPy 2.

Traceback (most recent call last):  File "/home/l/lorenzo-la/experiments/cluster-sim-1/gp_asymmetric.py", line 18, in <module>
    from gp_plots import plot_optimization_process
  File "/home/l/lorenzo-la/experiments/cluster-sim-1/gp_plots.py", line 34, in <module>
    import pandas as pd
  File "/home/l/lorenzo-la/.local/lib/python3.10/site-packages/pandas/__init__.py", line 49, in <module>
    from pandas.core.api import (
  File "/home/l/lorenzo-la/.local/lib/python3.10/site-packages/pandas/core/api.py", line 28, in <module>
    from pandas.core.arrays import Categorical
  File "/home/l/lorenzo-la/.local/lib/python3.10/site-packages/pandas/core/arrays/__init__.py", line 1, in <module>
    from pandas.core.arrays.arrow import ArrowExtensionArray
  File "/home/l/lorenzo-la/.local/lib/python3.10/site-packages/pandas/core/arrays/arrow/__init__.py", line 5, in <module>
    from pandas.core.arrays.arrow.array import ArrowExtensionArray
  File "/home/l/lorenzo-la/.local/lib/python3.10/site-packages/pandas/core/arrays/arrow/array.py", line 50, in <module>
    from pandas.core import (
  File "/home/l/lorenzo-la/.local/lib/python3.10/site-packages/pandas/core/ops/__init__.py", line 8, in <module>
    from pandas.core.ops.array_ops import (
  File "/home/l/lorenzo-la/.local/lib/python3.10/site-packages/pandas/core/ops/array_ops.py", line 56, in <module>
    from pandas.core.computation import expressions
  File "/home/l/lorenzo-la/.local/lib/python3.10/site-packages/pandas/core/computation/expressions.py", line 21, in <module>
    from pandas.core.computation.check import NUMEXPR_INSTALLED
  File "/home/l/lorenzo-la/.local/lib/python3.10/site-packages/pandas/core/computation/check.py", line 5, in <module>
    ne = import_optional_dependency("numexpr", errors="warn")
  File "/home/l/lorenzo-la/.local/lib/python3.10/site-packages/pandas/compat/_optional.py", line 135, in import_optional_dependency
    module = importlib.import_module(name)
  File "/apps/free81/python/3.10.2/lib/python3.10/importlib/__init__.py", line 126, in import_module
    return _bootstrap._gcd_import(name[level:], package, level)
  File "/apps/free81/python/3.10.2/lib/python3.10/site-packages/numexpr/__init__.py", line 24, in <module>
    from numexpr.interpreter import MAX_THREADS, use_vml, __BLOCK_SIZE1__
AttributeError: _ARRAY_API not found
INFO:root:

Number of nodes: 5, max dists: 4
INFO:root:Gaussian process with 100 evaluations and 10 initial points


INFO:root:

Generating a protocol with gamma=0.9884647967035244, eta=-0.5781698539399655, tau=0.45791400536797955, kappa=8
INFO:root:Protocol generated: ('d0', 'd0', 'd1', 's0', 'd2', 'd3', 's2', 'd1', 'd3', 's1', 'd3')
INFO:root:
(1/100) Running: {'t_coh': 140000, 'p_gen': 0.00092, 'p_swap': 0.85, 'w0': 0.98, 'protocol': ('d0', 'd0', 'd1', 's0', 'd2', 'd3', 's2', 'd1', 'd3', 's1', 'd3'), 't_trunc': 893419}
INFO:root:Protocol ('d0', 'd0', 'd1', 's0', 'd2', 'd3', 's2', 'd1', 'd3', 's1', 'd3'),	 r = 6.434342855832182e-05

INFO:root:

Generating a protocol with gamma=0.7648348488055755, eta=0.23766507837999207, tau=0.15561159993317056, kappa=17
INFO:root:Protocol generated: ('d1', 'd1', 'd1', 'd1', 's0', 'd1', 'd1', 'd1', 'd1', 'd2', 'd2', 'd2', 'd2', 's1', 'd2', 'd3', 'd3', 'd3', 'd3', 's2')
INFO:root:
(2/100) Running: {'t_coh': 140000, 'p_gen': 0.00092, 'p_swap': 0.85, 'w0': 0.98, 'protocol': ('d1', 'd1', 'd1', 'd1', 's0', 'd1', 'd1', 'd1', 'd1', 'd2', 'd2', 'd2', 'd2', 's1', 'd2', 'd3', 'd3', 'd3', 'd3', 's2'), 't_trunc': 1786838}
INFO:root:Protocol ('d1', 'd1', 'd1', 'd1', 's0', 'd1', 'd1', 'd1', 'd1', 'd2', 'd2', 'd2', 'd2', 's1', 'd2', 'd3', 'd3', 'd3', 'd3', 's2'),	 r = 0.0

INFO:root:

Generating a protocol with gamma=0.5124672556144371, eta=-0.26061725164905514, tau=0.11642133202966445, kappa=9
INFO:root:Protocol generated: ('d1', 'd1', 'd1', 'd2', 'd2', 'd2', 'd2', 's1', 'd0', 's0', 'd3', 's2')
INFO:root:
(3/100) Running: {'t_coh': 140000, 'p_gen': 0.00092, 'p_swap': 0.85, 'w0': 0.98, 'protocol': ('d1', 'd1', 'd1', 'd2', 'd2', 'd2', 'd2', 's1', 'd0', 's0', 'd3', 's2'), 't_trunc': 992687}
INFO:root:Protocol ('d1', 'd1', 'd1', 'd2', 'd2', 'd2', 'd2', 's1', 'd0', 's0', 'd3', 's2'),	 r = 4.2794315358813354e-05

INFO:root:

Generating a protocol with gamma=0.1626048245233738, eta=0.6285801912105189, tau=0.6593269136122942, kappa=8
INFO:root:Protocol generated: ('d1', 'd1', 's1', 'd2', 's2', 'd0', 'd0', 'd3', 's0', 'd3', 'd3')
INFO:root:
(4/100) Running: {'t_coh': 140000, 'p_gen': 0.00092, 'p_swap': 0.85, 'w0': 0.98, 'protocol': ('d1', 'd1', 's1', 'd2', 's2', 'd0', 'd0', 'd3', 's0', 'd3', 'd3'), 't_trunc': 893419}
INFO:root:Protocol ('d1', 'd1', 's1', 'd2', 's2', 'd0', 'd0', 'd3', 's0', 'd3', 'd3'),	 r = 2.464175512824218e-05

INFO:root:

Generating a protocol with gamma=0.2791535516704415, eta=-0.9656915060352391, tau=0.7953862461344724, kappa=18
INFO:root:Protocol generated: ('d1', 'd1', 'd2', 'd2', 's1', 'd3', 'd3', 'd3', 'd3', 's2', 'd0', 'd0', 'd0', 'd0', 'd3', 'd3', 'd3', 's0', 'd3', 'd3', 'd3')
INFO:root:
(5/100) Running: {'t_coh': 140000, 'p_gen': 0.00092, 'p_swap': 0.85, 'w0': 0.98, 'protocol': ('d1', 'd1', 'd2', 'd2', 's1', 'd3', 'd3', 'd3', 'd3', 's2', 'd0', 'd0', 'd0', 'd0', 'd3', 'd3', 'd3', 's0', 'd3', 'd3', 'd3'), 't_trunc': 1886107}
/home/l/lorenzo-la/experiments/cluster-sim-1/utility_functions.py:141: RuntimeWarning: overflow encountered in exp
  rest = c_0 * np.exp(-a * d_0 * t_trunc + b) / a / d_0
INFO:root:Protocol ('d1', 'd1', 'd2', 'd2', 's1', 'd3', 'd3', 'd3', 'd3', 's2', 'd0', 'd0', 'd0', 'd0', 'd3', 'd3', 'd3', 's0', 'd3', 'd3', 'd3'),	 r = -0.0

INFO:root:

Generating a protocol with gamma=0.6962216560979301, eta=0.43150136167790043, tau=0.8342290930647411, kappa=22
INFO:root:Protocol generated: ('d0', 'd0', 'd0', 'd0', 'd1', 'd1', 'd1', 's0', 'd1', 'd1', 'd1', 'd2', 'd2', 'd2', 'd2', 's1', 'd3', 'd3', 'd3', 'd3', 's2', 'd3', 'd3', 'd3', 'd3')
INFO:root:
(6/100) Running: {'t_coh': 140000, 'p_gen': 0.00092, 'p_swap': 0.85, 'w0': 0.98, 'protocol': ('d0', 'd0', 'd0', 'd0', 'd1', 'd1', 'd1', 's0', 'd1', 'd1', 'd1', 'd2', 'd2', 'd2', 'd2', 's1', 'd3', 'd3', 'd3', 'd3', 's2', 'd3', 'd3', 'd3', 'd3'), 't_trunc': 2283182}
INFO:root:Protocol ('d0', 'd0', 'd0', 'd0', 'd1', 'd1', 'd1', 's0', 'd1', 'd1', 'd1', 'd2', 'd2', 'd2', 'd2', 's1', 'd3', 'd3', 'd3', 'd3', 's2', 'd3', 'd3', 'd3', 'd3'),	 r = 0.0

INFO:root:

Generating a protocol with gamma=0.5277959877429733, eta=0.9846420073297273, tau=0.5966547944643718, kappa=2
INFO:root:Protocol generated: ('d1', 's1', 'd2', 's0', 's2')
INFO:root:
(7/100) Running: {'t_coh': 140000, 'p_gen': 0.00092, 'p_swap': 0.85, 'w0': 0.98, 'protocol': ('d1', 's1', 'd2', 's0', 's2'), 't_trunc': 297806}
INFO:root:Protocol ('d1', 's1', 'd2', 's0', 's2'),	 r = 7.667570128051266e-05

INFO:root:

Generating a protocol with gamma=0.389732087498608, eta=0.14873679451649502, tau=0.6580884453969718, kappa=27
INFO:root:Protocol generated: ('d1', 'd1', 'd1', 'd1', 'd2', 'd2', 'd2', 'd2', 's1', 'd0', 'd0', 'd0', 'd0', 'd2', 'd2', 'd2', 'd2', 's0', 'd2', 'd2', 'd2', 'd2', 'd3', 'd3', 'd3', 's2', 'd3', 'd3', 'd3', 'd3')
INFO:root:
(8/100) Running: {'t_coh': 140000, 'p_gen': 0.00092, 'p_swap': 0.85, 'w0': 0.98, 'protocol': ('d1', 'd1', 'd1', 'd1', 'd2', 'd2', 'd2', 'd2', 's1', 'd0', 'd0', 'd0', 'd0', 'd2', 'd2', 'd2', 'd2', 's0', 'd2', 'd2', 'd2', 'd2', 'd3', 'd3', 'd3', 's2', 'd3', 'd3', 'd3', 'd3'), 't_trunc': 2779526}
WARNING:root:The size of zero-padded array, shape=8388608, for the Fourier transform is not big enough. The resulting circular convolution might contaminate the distribution.The deviation is as least 4e-14.
WARNING:root:The size of zero-padded array, shape=8388608, for the Fourier transform is not big enough. The resulting circular convolution might contaminate the distribution.The deviation is as least 6e-15.
WARNING:root:The size of zero-padded array, shape=8388608, for the Fourier transform is not big enough. The resulting circular convolution might contaminate the distribution.The deviation is as least 1e-09.
WARNING:root:The size of zero-padded array, shape=8388608, for the Fourier transform is not big enough. The resulting circular convolution might contaminate the distribution.The deviation is as least 8e-11.
WARNING:root:The truncation time only covers 85.51% of the distribution, please increase t_trunc.

WARNING:root:The size of zero-padded array, shape=8388608, for the Fourier transform is not big enough. The resulting circular convolution might contaminate the distribution.The deviation is as least 3e-09.
WARNING:root:The size of zero-padded array, shape=8388608, for the Fourier transform is not big enough. The resulting circular convolution might contaminate the distribution.The deviation is as least 9e-11.
WARNING:root:The truncation time only covers 42.81% of the distribution, please increase t_trunc.

WARNING:root:The size of zero-padded array, shape=8388608, for the Fourier transform is not big enough. The resulting circular convolution might contaminate the distribution.The deviation is as least 3e-11.
WARNING:root:The size of zero-padded array, shape=8388608, for the Fourier transform is not big enough. The resulting circular convolution might contaminate the distribution.The deviation is as least 2e-13.
WARNING:root:The truncation time only covers 9.23% of the distribution, please increase t_trunc.

INFO:root:Protocol ('d1', 'd1', 'd1', 'd1', 'd2', 'd2', 'd2', 'd2', 's1', 'd0', 'd0', 'd0', 'd0', 'd2', 'd2', 'd2', 'd2', 's0', 'd2', 'd2', 'd2', 'd2', 'd3', 'd3', 'd3', 's2', 'd3', 'd3', 'd3', 'd3'),	 r = 0.0

WARNING:root:Simulation under coverage for ('d1', 'd1', 'd1', 'd1', 'd2', 'd2', 'd2', 'd2', 's1', 'd0', 'd0', 'd0', 'd0', 'd2', 'd2', 'd2', 'd2', 's0', 'd2', 'd2', 'd2', 'd2', 'd3', 'd3', 'd3', 's2', 'd3', 'd3', 'd3', 'd3')
Traceback (most recent call last):
  File "/home/l/lorenzo-la/experiments/cluster-sim-1/gp_asymmetric.py", line 277, in <module>
    gaussian_optimization(simulator, parameters,
  File "/home/l/lorenzo-la/experiments/cluster-sim-1/gp_asymmetric.py", line 212, in gaussian_optimization
    write_results(filename, ordered_results)
UnboundLocalError: local variable 'ordered_results' referenced before assignment

real	10m0.282s
user	9m4.576s
sys	0m58.532s
No plots yielded for optimizer gp
Running distillation with optimizer gp...
/home/l/lorenzo-la/.local/lib/python3.10/site-packages/matplotlib/projections/__init__.py:63: UserWarning: Unable to import Axes3D. This may be due to multiple versions of Matplotlib being installed (e.g. as a system package and as a pip package). As a result, the 3D projection is not available.
  warnings.warn("Unable to import Axes3D. This may be due to multiple versions of "

A module that was compiled using NumPy 1.x cannot be run in
NumPy 2.0.0 as it may crash. To support both 1.x and 2.x
versions of NumPy, modules must be compiled with NumPy 2.0.
Some module may need to rebuild instead e.g. with 'pybind11>=2.12'.

If you are a user of the module, the easiest solution will be to
downgrade to 'numpy<2' or try to upgrade the affected module.
We expect that some modules will need time to support NumPy 2.

Traceback (most recent call last):  File "/home/l/lorenzo-la/experiments/cluster-sim-1/gp_asymmetric.py", line 18, in <module>
    from gp_plots import plot_optimization_process
  File "/home/l/lorenzo-la/experiments/cluster-sim-1/gp_plots.py", line 34, in <module>
    import pandas as pd
  File "/home/l/lorenzo-la/.local/lib/python3.10/site-packages/pandas/__init__.py", line 49, in <module>
    from pandas.core.api import (
  File "/home/l/lorenzo-la/.local/lib/python3.10/site-packages/pandas/core/api.py", line 28, in <module>
    from pandas.core.arrays import Categorical
  File "/home/l/lorenzo-la/.local/lib/python3.10/site-packages/pandas/core/arrays/__init__.py", line 1, in <module>
    from pandas.core.arrays.arrow import ArrowExtensionArray
  File "/home/l/lorenzo-la/.local/lib/python3.10/site-packages/pandas/core/arrays/arrow/__init__.py", line 5, in <module>
    from pandas.core.arrays.arrow.array import ArrowExtensionArray
  File "/home/l/lorenzo-la/.local/lib/python3.10/site-packages/pandas/core/arrays/arrow/array.py", line 50, in <module>
    from pandas.core import (
  File "/home/l/lorenzo-la/.local/lib/python3.10/site-packages/pandas/core/ops/__init__.py", line 8, in <module>
    from pandas.core.ops.array_ops import (
  File "/home/l/lorenzo-la/.local/lib/python3.10/site-packages/pandas/core/ops/array_ops.py", line 56, in <module>
    from pandas.core.computation import expressions
  File "/home/l/lorenzo-la/.local/lib/python3.10/site-packages/pandas/core/computation/expressions.py", line 21, in <module>
    from pandas.core.computation.check import NUMEXPR_INSTALLED
  File "/home/l/lorenzo-la/.local/lib/python3.10/site-packages/pandas/core/computation/check.py", line 5, in <module>
    ne = import_optional_dependency("numexpr", errors="warn")
  File "/home/l/lorenzo-la/.local/lib/python3.10/site-packages/pandas/compat/_optional.py", line 135, in import_optional_dependency
    module = importlib.import_module(name)
  File "/apps/free81/python/3.10.2/lib/python3.10/importlib/__init__.py", line 126, in import_module
    return _bootstrap._gcd_import(name[level:], package, level)
  File "/apps/free81/python/3.10.2/lib/python3.10/site-packages/numexpr/__init__.py", line 24, in <module>
    from numexpr.interpreter import MAX_THREADS, use_vml, __BLOCK_SIZE1__
AttributeError: _ARRAY_API not found
INFO:root:

Number of nodes: 5, max dists: 4
INFO:root:Gaussian process with 100 evaluations and 10 initial points


INFO:root:

Generating a protocol with gamma=0.2984189249816754, eta=0.6132423869812917, tau=0.011138187162458736, kappa=10
INFO:root:Protocol generated: ('s1', 'd2', 'd2', 'd2', 'd2', 'd3', 'd3', 'd3', 's2', 'd3', 'd3', 'd3', 's0')
INFO:root:
(1/100) Running: {'t_coh': 14000, 'p_gen': 0.00092, 'p_swap': 0.85, 'w0': 0.98, 'protocol': ('s1', 'd2', 'd2', 'd2', 'd2', 'd3', 'd3', 'd3', 's2', 'd3', 'd3', 'd3', 's0'), 't_trunc': 1091956}
WARNING:root:The size of zero-padded array, shape=4194304, for the Fourier transform is not big enough. The resulting circular convolution might contaminate the distribution.The deviation is as least 1e-11.
WARNING:root:The size of zero-padded array, shape=4194304, for the Fourier transform is not big enough. The resulting circular convolution might contaminate the distribution.The deviation is as least 5e-13.
WARNING:root:The truncation time only covers 95.20% of the distribution, please increase t_trunc.

WARNING:root:The size of zero-padded array, shape=4194304, for the Fourier transform is not big enough. The resulting circular convolution might contaminate the distribution.The deviation is as least 6e-13.
WARNING:root:The truncation time only covers 91.85% of the distribution, please increase t_trunc.

INFO:root:Protocol ('s1', 'd2', 'd2', 'd2', 'd2', 'd3', 'd3', 'd3', 's2', 'd3', 'd3', 'd3', 's0'),	 r = 0.0

WARNING:root:Simulation under coverage for ('s1', 'd2', 'd2', 'd2', 'd2', 'd3', 'd3', 'd3', 's2', 'd3', 'd3', 'd3', 's0')
Traceback (most recent call last):
  File "/home/l/lorenzo-la/experiments/cluster-sim-1/gp_asymmetric.py", line 277, in <module>
    gaussian_optimization(simulator, parameters,
  File "/home/l/lorenzo-la/experiments/cluster-sim-1/gp_asymmetric.py", line 212, in gaussian_optimization
    write_results(filename, ordered_results)
UnboundLocalError: local variable 'ordered_results' referenced before assignment

real	0m48.885s
user	0m50.666s
sys	0m5.018s
No plots yielded for optimizer gp
Running distillation with optimizer gp...
/home/l/lorenzo-la/.local/lib/python3.10/site-packages/matplotlib/projections/__init__.py:63: UserWarning: Unable to import Axes3D. This may be due to multiple versions of Matplotlib being installed (e.g. as a system package and as a pip package). As a result, the 3D projection is not available.
  warnings.warn("Unable to import Axes3D. This may be due to multiple versions of "

A module that was compiled using NumPy 1.x cannot be run in
NumPy 2.0.0 as it may crash. To support both 1.x and 2.x
versions of NumPy, modules must be compiled with NumPy 2.0.
Some module may need to rebuild instead e.g. with 'pybind11>=2.12'.

If you are a user of the module, the easiest solution will be to
downgrade to 'numpy<2' or try to upgrade the affected module.
We expect that some modules will need time to support NumPy 2.

Traceback (most recent call last):  File "/home/l/lorenzo-la/experiments/cluster-sim-1/gp_asymmetric.py", line 18, in <module>
    from gp_plots import plot_optimization_process
  File "/home/l/lorenzo-la/experiments/cluster-sim-1/gp_plots.py", line 34, in <module>
    import pandas as pd
  File "/home/l/lorenzo-la/.local/lib/python3.10/site-packages/pandas/__init__.py", line 49, in <module>
    from pandas.core.api import (
  File "/home/l/lorenzo-la/.local/lib/python3.10/site-packages/pandas/core/api.py", line 28, in <module>
    from pandas.core.arrays import Categorical
  File "/home/l/lorenzo-la/.local/lib/python3.10/site-packages/pandas/core/arrays/__init__.py", line 1, in <module>
    from pandas.core.arrays.arrow import ArrowExtensionArray
  File "/home/l/lorenzo-la/.local/lib/python3.10/site-packages/pandas/core/arrays/arrow/__init__.py", line 5, in <module>
    from pandas.core.arrays.arrow.array import ArrowExtensionArray
  File "/home/l/lorenzo-la/.local/lib/python3.10/site-packages/pandas/core/arrays/arrow/array.py", line 50, in <module>
    from pandas.core import (
  File "/home/l/lorenzo-la/.local/lib/python3.10/site-packages/pandas/core/ops/__init__.py", line 8, in <module>
    from pandas.core.ops.array_ops import (
  File "/home/l/lorenzo-la/.local/lib/python3.10/site-packages/pandas/core/ops/array_ops.py", line 56, in <module>
    from pandas.core.computation import expressions
  File "/home/l/lorenzo-la/.local/lib/python3.10/site-packages/pandas/core/computation/expressions.py", line 21, in <module>
    from pandas.core.computation.check import NUMEXPR_INSTALLED
  File "/home/l/lorenzo-la/.local/lib/python3.10/site-packages/pandas/core/computation/check.py", line 5, in <module>
    ne = import_optional_dependency("numexpr", errors="warn")
  File "/home/l/lorenzo-la/.local/lib/python3.10/site-packages/pandas/compat/_optional.py", line 135, in import_optional_dependency
    module = importlib.import_module(name)
  File "/apps/free81/python/3.10.2/lib/python3.10/importlib/__init__.py", line 126, in import_module
    return _bootstrap._gcd_import(name[level:], package, level)
  File "/apps/free81/python/3.10.2/lib/python3.10/site-packages/numexpr/__init__.py", line 24, in <module>
    from numexpr.interpreter import MAX_THREADS, use_vml, __BLOCK_SIZE1__
AttributeError: _ARRAY_API not found
INFO:root:

Number of nodes: 5, max dists: 4
INFO:root:Gaussian process with 100 evaluations and 10 initial points


INFO:root:

Generating a protocol with gamma=0.3014087014587486, eta=0.7015226082908788, tau=0.756340838252436, kappa=13
INFO:root:Protocol generated: ('d1', 'd2', 'd2', 's1', 'd2', 'd2', 's2', 'd0', 'd0', 'd3', 'd3', 's0', 'd3', 'd3', 'd3', 'd3')
INFO:root:
(1/100) Running: {'t_coh': 1400, 'p_gen': 0.00092, 'p_swap': 0.85, 'w0': 0.98, 'protocol': ('d1', 'd2', 'd2', 's1', 'd2', 'd2', 's2', 'd0', 'd0', 'd3', 'd3', 's0', 'd3', 'd3', 'd3', 'd3'), 't_trunc': 420000}
WARNING:root:The size of zero-padded array, shape=1048576, for the Fourier transform is not big enough. The resulting circular convolution might contaminate the distribution.The deviation is as least 8e-15.
WARNING:root:The size of zero-padded array, shape=1048576, for the Fourier transform is not big enough. The resulting circular convolution might contaminate the distribution.The deviation is as least 5e-09.
WARNING:root:The size of zero-padded array, shape=1048576, for the Fourier transform is not big enough. The resulting circular convolution might contaminate the distribution.The deviation is as least 6e-14.
WARNING:root:The truncation time only covers 93.96% of the distribution, please increase t_trunc.

WARNING:root:The size of zero-padded array, shape=1048576, for the Fourier transform is not big enough. The resulting circular convolution might contaminate the distribution.The deviation is as least 8e-08.
WARNING:root:The size of zero-padded array, shape=1048576, for the Fourier transform is not big enough. The resulting circular convolution might contaminate the distribution.The deviation is as least 3e-13.
WARNING:root:The truncation time only covers 59.17% of the distribution, please increase t_trunc.

WARNING:root:The size of zero-padded array, shape=1048576, for the Fourier transform is not big enough. The resulting circular convolution might contaminate the distribution.The deviation is as least 1e-09.
WARNING:root:The truncation time only covers 52.43% of the distribution, please increase t_trunc.

WARNING:root:The size of zero-padded array, shape=1048576, for the Fourier transform is not big enough. The resulting circular convolution might contaminate the distribution.The deviation is as least 4e-09.
WARNING:root:The truncation time only covers 14.05% of the distribution, please increase t_trunc.

WARNING:root:The size of zero-padded array, shape=1048576, for the Fourier transform is not big enough. The resulting circular convolution might contaminate the distribution.The deviation is as least 3e-12.
WARNING:root:The truncation time only covers 0.99% of the distribution, please increase t_trunc.

WARNING:root:The truncation time only covers 0.00% of the distribution, please increase t_trunc.

WARNING:root:The truncation time only covers 0.00% of the distribution, please increase t_trunc.

INFO:root:Protocol ('d1', 'd2', 'd2', 's1', 'd2', 'd2', 's2', 'd0', 'd0', 'd3', 'd3', 's0', 'd3', 'd3', 'd3', 'd3'),	 r = 0.0

WARNING:root:Simulation under coverage for ('d1', 'd2', 'd2', 's1', 'd2', 'd2', 's2', 'd0', 'd0', 'd3', 'd3', 's0', 'd3', 'd3', 'd3', 'd3')
Traceback (most recent call last):
  File "/home/l/lorenzo-la/experiments/cluster-sim-1/gp_asymmetric.py", line 277, in <module>
    gaussian_optimization(simulator, parameters,
  File "/home/l/lorenzo-la/experiments/cluster-sim-1/gp_asymmetric.py", line 212, in gaussian_optimization
    write_results(filename, ordered_results)
UnboundLocalError: local variable 'ordered_results' referenced before assignment

real	0m20.306s
user	0m25.308s
sys	0m2.216s
No plots yielded for optimizer gp
./gp_asymmetric_runner.sh: line 101: syntax error near unexpected token `done'
./gp_asymmetric_runner.sh: line 101: `done'
