Running distillation with optimizer bf...
/home/l/lorenzo-la/.local/lib/python3.10/site-packages/matplotlib/projections/__init__.py:63: UserWarning: Unable to import Axes3D. This may be due to multiple versions of Matplotlib being installed (e.g. as a system package and as a pip package). As a result, the 3D projection is not available.
  warnings.warn("Unable to import Axes3D. This may be due to multiple versions of "

A module that was compiled using NumPy 1.x cannot be run in
NumPy 2.0.0 as it may crash. To support both 1.x and 2.x
versions of NumPy, modules must be compiled with NumPy 2.0.
Some module may need to rebuild instead e.g. with 'pybind11>=2.12'.

If you are a user of the module, the easiest solution will be to
downgrade to 'numpy<2' or try to upgrade the affected module.
We expect that some modules will need time to support NumPy 2.

Traceback (most recent call last):  File "/home/l/lorenzo-la/experiments/cluster-sim-1/gp_asymmetric.py", line 18, in <module>
    from gp_plots import plot_optimization_process
  File "/home/l/lorenzo-la/experiments/cluster-sim-1/gp_plots.py", line 34, in <module>
    import pandas as pd
  File "/home/l/lorenzo-la/.local/lib/python3.10/site-packages/pandas/__init__.py", line 49, in <module>
    from pandas.core.api import (
  File "/home/l/lorenzo-la/.local/lib/python3.10/site-packages/pandas/core/api.py", line 28, in <module>
    from pandas.core.arrays import Categorical
  File "/home/l/lorenzo-la/.local/lib/python3.10/site-packages/pandas/core/arrays/__init__.py", line 1, in <module>
    from pandas.core.arrays.arrow import ArrowExtensionArray
  File "/home/l/lorenzo-la/.local/lib/python3.10/site-packages/pandas/core/arrays/arrow/__init__.py", line 5, in <module>
    from pandas.core.arrays.arrow.array import ArrowExtensionArray
  File "/home/l/lorenzo-la/.local/lib/python3.10/site-packages/pandas/core/arrays/arrow/array.py", line 50, in <module>
    from pandas.core import (
  File "/home/l/lorenzo-la/.local/lib/python3.10/site-packages/pandas/core/ops/__init__.py", line 8, in <module>
    from pandas.core.ops.array_ops import (
  File "/home/l/lorenzo-la/.local/lib/python3.10/site-packages/pandas/core/ops/array_ops.py", line 56, in <module>
    from pandas.core.computation import expressions
  File "/home/l/lorenzo-la/.local/lib/python3.10/site-packages/pandas/core/computation/expressions.py", line 21, in <module>
    from pandas.core.computation.check import NUMEXPR_INSTALLED
  File "/home/l/lorenzo-la/.local/lib/python3.10/site-packages/pandas/core/computation/check.py", line 5, in <module>
    ne = import_optional_dependency("numexpr", errors="warn")
  File "/home/l/lorenzo-la/.local/lib/python3.10/site-packages/pandas/compat/_optional.py", line 135, in import_optional_dependency
    module = importlib.import_module(name)
  File "/apps/free81/python/3.10.2/lib/python3.10/importlib/__init__.py", line 126, in import_module
    return _bootstrap._gcd_import(name[level:], package, level)
  File "/apps/free81/python/3.10.2/lib/python3.10/site-packages/numexpr/__init__.py", line 24, in <module>
    from numexpr.interpreter import MAX_THREADS, use_vml, __BLOCK_SIZE1__
AttributeError: _ARRAY_API not found
INFO:root:1/2 Generating protocols for swap sequence ('s1', 's0')...
INFO:root:2/2 Generating protocols for swap sequence ('s0', 's1')...
INFO:root:The space of asymmetric protocols has size 64
INFO:root:
(1/64) Running: {'t_coh': [108000, 95000, 72000, 56000], 'p_gen': [0.02588, 0.009187, 0.009082], 'p_swap': 0.95, 'w0': [0.9577, 0.9524, 0.9523], 'protocol': ('s0', 's1'), 't_trunc': 108000}
INFO:root:Protocol ('s0', 's1'),	 r = 0.001563027237310722

INFO:root:
(2/64) Running: {'t_coh': [108000, 95000, 72000, 56000], 'p_gen': [0.02588, 0.009187, 0.009082], 'p_swap': 0.95, 'w0': [0.9577, 0.9524, 0.9523], 'protocol': ('s1', 's0'), 't_trunc': 108000}
INFO:root:Protocol ('s1', 's0'),	 r = 0.0015143845905440528

INFO:root:
(3/64) Running: {'t_coh': [108000, 95000, 72000, 56000], 'p_gen': [0.02588, 0.009187, 0.009082], 'p_swap': 0.95, 'w0': [0.9577, 0.9524, 0.9523], 'protocol': ('d0', 's0', 's1'), 't_trunc': 108000}
INFO:root:Protocol ('d0', 's0', 's1'),	 r = 0.0017619188648186433

INFO:root:
(4/64) Running: {'t_coh': [108000, 95000, 72000, 56000], 'p_gen': [0.02588, 0.009187, 0.009082], 'p_swap': 0.95, 'w0': [0.9577, 0.9524, 0.9523], 'protocol': ('d1', 's0', 's1'), 't_trunc': 108000}
INFO:root:Protocol ('d1', 's0', 's1'),	 r = 0.0014273237075639292

INFO:root:
(5/64) Running: {'t_coh': [108000, 95000, 72000, 56000], 'p_gen': [0.02588, 0.009187, 0.009082], 'p_swap': 0.95, 'w0': [0.9577, 0.9524, 0.9523], 'protocol': ('d1', 's1', 's0'), 't_trunc': 108000}
INFO:root:Protocol ('d1', 's1', 's0'),	 r = 0.0013999141622738215

INFO:root:
(6/64) Running: {'t_coh': [108000, 95000, 72000, 56000], 'p_gen': [0.02588, 0.009187, 0.009082], 'p_swap': 0.95, 'w0': [0.9577, 0.9524, 0.9523], 'protocol': ('d2', 's1', 's0'), 't_trunc': 108000}
INFO:root:Protocol ('d2', 's1', 's0'),	 r = 0.0013956632783339138

INFO:root:
(7/64) Running: {'t_coh': [108000, 95000, 72000, 56000], 'p_gen': [0.02588, 0.009187, 0.009082], 'p_swap': 0.95, 'w0': [0.9577, 0.9524, 0.9523], 'protocol': ('s0', 'd1', 's1'), 't_trunc': 108000}
INFO:root:Protocol ('s0', 'd1', 's1'),	 r = 0.0015600724229605405

INFO:root:
(8/64) Running: {'t_coh': [108000, 95000, 72000, 56000], 'p_gen': [0.02588, 0.009187, 0.009082], 'p_swap': 0.95, 'w0': [0.9577, 0.9524, 0.9523], 'protocol': ('s0', 'd2', 's1'), 't_trunc': 108000}
INFO:root:Protocol ('s0', 'd2', 's1'),	 r = 0.0014713214628353183

INFO:root:
(9/64) Running: {'t_coh': [108000, 95000, 72000, 56000], 'p_gen': [0.02588, 0.009187, 0.009082], 'p_swap': 0.95, 'w0': [0.9577, 0.9524, 0.9523], 'protocol': ('s0', 's1', 'd2'), 't_trunc': 108000}
INFO:root:Protocol ('s0', 's1', 'd2'),	 r = 0.0014689004951341665

INFO:root:
(10/64) Running: {'t_coh': [108000, 95000, 72000, 56000], 'p_gen': [0.02588, 0.009187, 0.009082], 'p_swap': 0.95, 'w0': [0.9577, 0.9524, 0.9523], 'protocol': ('s1', 'd0', 's0'), 't_trunc': 108000}
INFO:root:Protocol ('s1', 'd0', 's0'),	 r = 0.0017202459045143276

INFO:root:
(11/64) Running: {'t_coh': [108000, 95000, 72000, 56000], 'p_gen': [0.02588, 0.009187, 0.009082], 'p_swap': 0.95, 'w0': [0.9577, 0.9524, 0.9523], 'protocol': ('s1', 'd2', 's0'), 't_trunc': 108000}
