Running distillation with optimizer bf...
/home/l/lorenzo-la/.local/lib/python3.10/site-packages/matplotlib/projections/__init__.py:63: UserWarning: Unable to import Axes3D. This may be due to multiple versions of Matplotlib being installed (e.g. as a system package and as a pip package). As a result, the 3D projection is not available.
  warnings.warn("Unable to import Axes3D. This may be due to multiple versions of "

A module that was compiled using NumPy 1.x cannot be run in
NumPy 2.0.0 as it may crash. To support both 1.x and 2.x
versions of NumPy, modules must be compiled with NumPy 2.0.
Some module may need to rebuild instead e.g. with 'pybind11>=2.12'.

If you are a user of the module, the easiest solution will be to
downgrade to 'numpy<2' or try to upgrade the affected module.
We expect that some modules will need time to support NumPy 2.

Traceback (most recent call last):  File "/home/l/lorenzo-la/experiments/cluster-sim-1/gp_asymmetric.py", line 18, in <module>
    from gp_plots import plot_optimization_process
  File "/home/l/lorenzo-la/experiments/cluster-sim-1/gp_plots.py", line 34, in <module>
    import pandas as pd
  File "/home/l/lorenzo-la/.local/lib/python3.10/site-packages/pandas/__init__.py", line 49, in <module>
    from pandas.core.api import (
  File "/home/l/lorenzo-la/.local/lib/python3.10/site-packages/pandas/core/api.py", line 28, in <module>
    from pandas.core.arrays import Categorical
  File "/home/l/lorenzo-la/.local/lib/python3.10/site-packages/pandas/core/arrays/__init__.py", line 1, in <module>
    from pandas.core.arrays.arrow import ArrowExtensionArray
  File "/home/l/lorenzo-la/.local/lib/python3.10/site-packages/pandas/core/arrays/arrow/__init__.py", line 5, in <module>
    from pandas.core.arrays.arrow.array import ArrowExtensionArray
  File "/home/l/lorenzo-la/.local/lib/python3.10/site-packages/pandas/core/arrays/arrow/array.py", line 50, in <module>
    from pandas.core import (
  File "/home/l/lorenzo-la/.local/lib/python3.10/site-packages/pandas/core/ops/__init__.py", line 8, in <module>
    from pandas.core.ops.array_ops import (
  File "/home/l/lorenzo-la/.local/lib/python3.10/site-packages/pandas/core/ops/array_ops.py", line 56, in <module>
    from pandas.core.computation import expressions
  File "/home/l/lorenzo-la/.local/lib/python3.10/site-packages/pandas/core/computation/expressions.py", line 21, in <module>
    from pandas.core.computation.check import NUMEXPR_INSTALLED
  File "/home/l/lorenzo-la/.local/lib/python3.10/site-packages/pandas/core/computation/check.py", line 5, in <module>
    ne = import_optional_dependency("numexpr", errors="warn")
  File "/home/l/lorenzo-la/.local/lib/python3.10/site-packages/pandas/compat/_optional.py", line 135, in import_optional_dependency
    module = importlib.import_module(name)
  File "/apps/free81/python/3.10.2/lib/python3.10/importlib/__init__.py", line 126, in import_module
    return _bootstrap._gcd_import(name[level:], package, level)
  File "/apps/free81/python/3.10.2/lib/python3.10/site-packages/numexpr/__init__.py", line 24, in <module>
    from numexpr.interpreter import MAX_THREADS, use_vml, __BLOCK_SIZE1__
AttributeError: _ARRAY_API not found
INFO:root:Most symmetric shapes: [(0, ())]
Traceback (most recent call last):
  File "/home/l/lorenzo-la/experiments/cluster-sim-1/gp_asymmetric.py", line 263, in <module>
    brute_force_optimization(simulator, parameters,
  File "/home/l/lorenzo-la/experiments/cluster-sim-1/gp_asymmetric.py", line 82, in brute_force_optimization
    space = get_asym_protocol_space(nodes, max_dists)
  File "/home/l/lorenzo-la/experiments/cluster-sim-1/gp_utils.py", line 234, in get_asym_protocol_space
    expected_protocols = get_asym_protocol_space_size(nodes, max_dists)
  File "/home/l/lorenzo-la/experiments/cluster-sim-1/gp_utils.py", line 182, in get_asym_protocol_space_size
    raise ValueError("N should be at least 3")
ValueError: N should be at least 3

real	0m11.229s
user	0m10.598s
sys	0m0.664s
No plots yielded for optimizer bf

Running distillation with optimizer bf...

INFO:root:Most symmetric shapes: [(2.0, (0,))]
INFO:root:The space of asymmetric protocols has size 27
INFO:root:
(1/27) Running: {'t_coh': 720000, 'p_gen': 1.5e-05, 'p_swap': 0.85, 'w0': 0.867, 'protocol': ('s0',), 't_trunc': 3690888}
INFO:root:Protocol ('s0',),	 r = 0.0

INFO:root:
(2/27) Running: {'t_coh': 720000, 'p_gen': 1.5e-05, 'p_swap': 0.85, 'w0': 0.867, 'protocol': ('s0', 'd1'), 't_trunc': 7381776}
INFO:root:Protocol ('s0', 'd1'),	 r = 0.0

INFO:root:
(3/27) Running: {'t_coh': 720000, 'p_gen': 1.5e-05, 'p_swap': 0.85, 'w0': 0.867, 'protocol': ('s0', 'd1', 'd1'), 't_trunc': 11072664}
INFO:root:Protocol ('s0', 'd1', 'd1'),	 r = 0.0

INFO:root:
(4/27) Running: {'t_coh': 720000, 'p_gen': 1.5e-05, 'p_swap': 0.85, 'w0': 0.867, 'protocol': ('d0', 's0'), 't_trunc': 7381776}
INFO:root:Protocol ('d0', 's0'),	 r = 0.0

INFO:root:
(5/27) Running: {'t_coh': 720000, 'p_gen': 1.5e-05, 'p_swap': 0.85, 'w0': 0.867, 'protocol': ('d0', 's0', 'd1'), 't_trunc': 11072664}
INFO:root:Protocol ('d0', 's0', 'd1'),	 r = 0.0

INFO:root:
(6/27) Running: {'t_coh': 720000, 'p_gen': 1.5e-05, 'p_swap': 0.85, 'w0': 0.867, 'protocol': ('d0', 's0', 'd1', 'd1'), 't_trunc': 14763552}
INFO:root:Protocol ('d0', 's0', 'd1', 'd1'),	 r = 0.0

INFO:root:
(7/27) Running: {'t_coh': 720000, 'p_gen': 1.5e-05, 'p_swap': 0.85, 'w0': 0.867, 'protocol': ('d1', 's0'), 't_trunc': 7381776}
INFO:root:Protocol ('d1', 's0'),	 r = 0.0

INFO:root:
(8/27) Running: {'t_coh': 720000, 'p_gen': 1.5e-05, 'p_swap': 0.85, 'w0': 0.867, 'protocol': ('d1', 's0', 'd1'), 't_trunc': 11072664}
INFO:root:Protocol ('d1', 's0', 'd1'),	 r = 0.0

INFO:root:
(9/27) Running: {'t_coh': 720000, 'p_gen': 1.5e-05, 'p_swap': 0.85, 'w0': 0.867, 'protocol': ('d1', 's0', 'd1', 'd1'), 't_trunc': 14763552}
INFO:root:Protocol ('d1', 's0', 'd1', 'd1'),	 r = 0.0

INFO:root:
(10/27) Running: {'t_coh': 720000, 'p_gen': 1.5e-05, 'p_swap': 0.85, 'w0': 0.867, 'protocol': ('d0', 'd0', 's0'), 't_trunc': 11072664}
INFO:root:Protocol ('d0', 'd0', 's0'),	 r = 0.0

INFO:root:
(11/27) Running: {'t_coh': 720000, 'p_gen': 1.5e-05, 'p_swap': 0.85, 'w0': 0.867, 'protocol': ('d0', 'd0', 's0', 'd1'), 't_trunc': 14763552}
INFO:root:Protocol ('d0', 'd0', 's0', 'd1'),	 r = 0.0

INFO:root:
(12/27) Running: {'t_coh': 720000, 'p_gen': 1.5e-05, 'p_swap': 0.85, 'w0': 0.867, 'protocol': ('d0', 'd0', 's0', 'd1', 'd1'), 't_trunc': 18454440}
INFO:root:Protocol ('d0', 'd0', 's0', 'd1', 'd1'),	 r = 0.0

INFO:root:
(13/27) Running: {'t_coh': 720000, 'p_gen': 1.5e-05, 'p_swap': 0.85, 'w0': 0.867, 'protocol': ('d0', 'd1', 's0'), 't_trunc': 11072664}
INFO:root:Protocol ('d0', 'd1', 's0'),	 r = 0.0

INFO:root:
(14/27) Running: {'t_coh': 720000, 'p_gen': 1.5e-05, 'p_swap': 0.85, 'w0': 0.867, 'protocol': ('d0', 'd1', 's0', 'd1'), 't_trunc': 14763552}
INFO:root:Protocol ('d0', 'd1', 's0', 'd1'),	 r = 0.0

INFO:root:
(15/27) Running: {'t_coh': 720000, 'p_gen': 1.5e-05, 'p_swap': 0.85, 'w0': 0.867, 'protocol': ('d0', 'd1', 's0', 'd1', 'd1'), 't_trunc': 18454440}
INFO:root:Protocol ('d0', 'd1', 's0', 'd1', 'd1'),	 r = 0.0

INFO:root:
(16/27) Running: {'t_coh': 720000, 'p_gen': 1.5e-05, 'p_swap': 0.85, 'w0': 0.867, 'protocol': ('d1', 'd1', 's0'), 't_trunc': 11072664}
INFO:root:Protocol ('d1', 'd1', 's0'),	 r = 0.0

INFO:root:
(17/27) Running: {'t_coh': 720000, 'p_gen': 1.5e-05, 'p_swap': 0.85, 'w0': 0.867, 'protocol': ('d1', 'd1', 's0', 'd1'), 't_trunc': 14763552}
INFO:root:Protocol ('d1', 'd1', 's0', 'd1'),	 r = 0.0

INFO:root:
(18/27) Running: {'t_coh': 720000, 'p_gen': 1.5e-05, 'p_swap': 0.85, 'w0': 0.867, 'protocol': ('d1', 'd1', 's0', 'd1', 'd1'), 't_trunc': 18454440}
INFO:root:Protocol ('d1', 'd1', 's0', 'd1', 'd1'),	 r = 0.0

INFO:root:
(19/27) Running: {'t_coh': 720000, 'p_gen': 1.5e-05, 'p_swap': 0.85, 'w0': 0.867, 'protocol': ('d0', 'd0', 'd1', 's0'), 't_trunc': 14763552}
INFO:root:Protocol ('d0', 'd0', 'd1', 's0'),	 r = 0.0

INFO:root:
(20/27) Running: {'t_coh': 720000, 'p_gen': 1.5e-05, 'p_swap': 0.85, 'w0': 0.867, 'protocol': ('d0', 'd0', 'd1', 's0', 'd1'), 't_trunc': 18454440}
INFO:root:Protocol ('d0', 'd0', 'd1', 's0', 'd1'),	 r = 0.0

INFO:root:
(21/27) Running: {'t_coh': 720000, 'p_gen': 1.5e-05, 'p_swap': 0.85, 'w0': 0.867, 'protocol': ('d0', 'd0', 'd1', 's0', 'd1', 'd1'), 't_trunc': 22145328}
INFO:root:Protocol ('d0', 'd0', 'd1', 's0', 'd1', 'd1'),	 r = 0.0

INFO:root:
(22/27) Running: {'t_coh': 720000, 'p_gen': 1.5e-05, 'p_swap': 0.85, 'w0': 0.867, 'protocol': ('d0', 'd1', 'd1', 's0'), 't_trunc': 14763552}
INFO:root:Protocol ('d0', 'd1', 'd1', 's0'),	 r = 0.0

INFO:root:
(23/27) Running: {'t_coh': 720000, 'p_gen': 1.5e-05, 'p_swap': 0.85, 'w0': 0.867, 'protocol': ('d0', 'd1', 'd1', 's0', 'd1'), 't_trunc': 18454440}
INFO:root:Protocol ('d0', 'd1', 'd1', 's0', 'd1'),	 r = 0.0

INFO:root:
(24/27) Running: {'t_coh': 720000, 'p_gen': 1.5e-05, 'p_swap': 0.85, 'w0': 0.867, 'protocol': ('d0', 'd1', 'd1', 's0', 'd1', 'd1'), 't_trunc': 22145328}
INFO:root:Protocol ('d0', 'd1', 'd1', 's0', 'd1', 'd1'),	 r = 0.0

INFO:root:
(25/27) Running: {'t_coh': 720000, 'p_gen': 1.5e-05, 'p_swap': 0.85, 'w0': 0.867, 'protocol': ('d0', 'd0', 'd1', 'd1', 's0'), 't_trunc': 18454440}
INFO:root:Protocol ('d0', 'd0', 'd1', 'd1', 's0'),	 r = 0.0

INFO:root:
(26/27) Running: {'t_coh': 720000, 'p_gen': 1.5e-05, 'p_swap': 0.85, 'w0': 0.867, 'protocol': ('d0', 'd0', 'd1', 'd1', 's0', 'd1'), 't_trunc': 22145328}
INFO:root:Protocol ('d0', 'd0', 'd1', 'd1', 's0', 'd1'),	 r = 0.0

INFO:root:
(27/27) Running: {'t_coh': 720000, 'p_gen': 1.5e-05, 'p_swap': 0.85, 'w0': 0.867, 'protocol': ('d0', 'd0', 'd1', 'd1', 's0', 'd1', 'd1'), 't_trunc': 25836216}
INFO:root:Protocol ('d0', 'd0', 'd1', 'd1', 's0', 'd1', 'd1'),	 r = 0.0

INFO:root:
Best results: (np.float64(0.0), ('s0',))

real	83m32.117s
user	74m10.033s
sys	8m55.276s
No plots yielded for optimizer bf
